<?xml version="1.0" encoding="UTF-8"?>
<TestRun id="938bf0eb-9e56-44cd-85b6-8124c08e3c49" name="320067581@INGBTCPIC5NBZZ4 2019-07-31 20:21:55" runUser="CODE1\320067581" xmlns="http://microsoft.com/schemas/VisualStudio/TeamTest/2010">
  <TestSettings name="Default Test Settings" id="4b073f5b-e3de-40bf-aa1a-70dcc67d0416">
    <Execution>
      <TestTypeSpecific />
      <AgentRule name="Execution Agents">
      </AgentRule>
    </Execution>
    <Deployment runDeploymentRoot="320067581_INGBTCPIC5NBZZ4 2019-07-31 20_21_55" />
    <Properties />
  </TestSettings>
  <Times creation="2019-07-31T20:21:55.1609093+05:30" queuing="2019-07-31T20:21:55.6648706+05:30" start="2019-07-31T20:21:55.7269080+05:30" finish="2019-07-31T20:21:56.0978744+05:30" />
  <ResultSummary outcome="Completed">
    <Counters total="14" executed="14" passed="14" error="0" failed="0" timeout="0" aborted="0" inconclusive="0" passedButRunAborted="0" notRunnable="0" notExecuted="0" disconnected="0" warning="0" completed="0" inProgress="0" pending="0" />
  </ResultSummary>
  <TestDefinitions>
    <UnitTest name="SPO2BoundaryTCPlusOne" storage="c:\users\320067581\patientmonitor\patientmonitor-master\patientmonitertest\bin\debug\patientmonitertest.dll" id="6384601c-6e91-8d88-7d0b-957a2e9458ca">
      <Execution id="644b4b53-335b-4c05-bc71-395464b85e37" />
      <TestMethod codeBase="C:/Users/320067581/PatientMonitor/PatientMonitor-master/PatientMoniterTest/bin/Debug/PatientMoniterTest.DLL" adapterTypeName="Microsoft.VisualStudio.TestTools.TestTypes.Unit.UnitTestAdapter, Microsoft.VisualStudio.QualityTools.Tips.UnitTest.Adapter, Version=12.0.0.0, Culture=neutral, PublicKeyToken=b03f5f7f11d50a3a" className="PatientMoniterTest.UnitTest1, PatientMoniterTest, Version=1.0.0.0, Culture=neutral, PublicKeyToken=null" name="SPO2BoundaryTCPlusOne" />
    </UnitTest>
    <UnitTest name="TempBoundaryTCZero" storage="c:\users\320067581\patientmonitor\patientmonitor-master\patientmonitertest\bin\debug\patientmonitertest.dll" id="91183195-af9d-285d-a7ed-c63c10e7d4bc">
      <Execution id="74784cc8-acaf-49f7-b2e2-fd06cf814c47" />
      <TestMethod codeBase="C:/Users/320067581/PatientMonitor/PatientMonitor-master/PatientMoniterTest/bin/Debug/PatientMoniterTest.DLL" adapterTypeName="Microsoft.VisualStudio.TestTools.TestTypes.Unit.UnitTestAdapter, Microsoft.VisualStudio.QualityTools.Tips.UnitTest.Adapter, Version=12.0.0.0, Culture=neutral, PublicKeyToken=b03f5f7f11d50a3a" className="PatientMoniterTest.UnitTest1, PatientMoniterTest, Version=1.0.0.0, Culture=neutral, PublicKeyToken=null" name="TempBoundaryTCZero" />
    </UnitTest>
    <UnitTest name="TempBoundaryTCMinus1" storage="c:\users\320067581\patientmonitor\patientmonitor-master\patientmonitertest\bin\debug\patientmonitertest.dll" id="187ac4f0-ba5f-5d41-2065-36aa116f54f4">
      <Execution id="040e7d4b-eebe-4ad9-8aac-9f057a87d720" />
      <TestMethod codeBase="C:/Users/320067581/PatientMonitor/PatientMonitor-master/PatientMoniterTest/bin/Debug/PatientMoniterTest.DLL" adapterTypeName="Microsoft.VisualStudio.TestTools.TestTypes.Unit.UnitTestAdapter, Microsoft.VisualStudio.QualityTools.Tips.UnitTest.Adapter, Version=12.0.0.0, Culture=neutral, PublicKeyToken=b03f5f7f11d50a3a" className="PatientMoniterTest.UnitTest1, PatientMoniterTest, Version=1.0.0.0, Culture=neutral, PublicKeyToken=null" name="TempBoundaryTCMinus1" />
    </UnitTest>
    <UnitTest name="TempValidTC" storage="c:\users\320067581\patientmonitor\patientmonitor-master\patientmonitertest\bin\debug\patientmonitertest.dll" id="15d2601d-391e-459a-ef95-61056092a6f9">
      <Execution id="36e2165b-89b2-4e1c-a29d-e25ec165926e" />
      <TestMethod codeBase="C:/Users/320067581/PatientMonitor/PatientMonitor-master/PatientMoniterTest/bin/Debug/PatientMoniterTest.DLL" adapterTypeName="Microsoft.VisualStudio.TestTools.TestTypes.Unit.UnitTestAdapter, Microsoft.VisualStudio.QualityTools.Tips.UnitTest.Adapter, Version=12.0.0.0, Culture=neutral, PublicKeyToken=b03f5f7f11d50a3a" className="PatientMoniterTest.UnitTest1, PatientMoniterTest, Version=1.0.0.0, Culture=neutral, PublicKeyToken=null" name="TempValidTC" />
    </UnitTest>
    <UnitTest name="SPO2BoundaryTCMinus1" storage="c:\users\320067581\patientmonitor\patientmonitor-master\patientmonitertest\bin\debug\patientmonitertest.dll" id="cf43fd0a-dbf8-fa0b-c091-50ac1559fbe5">
      <Execution id="14c30949-96de-4774-9796-22d0be97161d" />
      <TestMethod codeBase="C:/Users/320067581/PatientMonitor/PatientMonitor-master/PatientMoniterTest/bin/Debug/PatientMoniterTest.DLL" adapterTypeName="Microsoft.VisualStudio.TestTools.TestTypes.Unit.UnitTestAdapter, Microsoft.VisualStudio.QualityTools.Tips.UnitTest.Adapter, Version=12.0.0.0, Culture=neutral, PublicKeyToken=b03f5f7f11d50a3a" className="PatientMoniterTest.UnitTest1, PatientMoniterTest, Version=1.0.0.0, Culture=neutral, PublicKeyToken=null" name="SPO2BoundaryTCMinus1" />
    </UnitTest>
    <UnitTest name="SPO2ValidTC" storage="c:\users\320067581\patientmonitor\patientmonitor-master\patientmonitertest\bin\debug\patientmonitertest.dll" id="d659fcae-0901-6bf9-1ffa-c1979fdb9893">
      <Execution id="6cf60cac-5694-405b-8860-cf19eb220b34" />
      <TestMethod codeBase="C:/Users/320067581/PatientMonitor/PatientMonitor-master/PatientMoniterTest/bin/Debug/PatientMoniterTest.DLL" adapterTypeName="Microsoft.VisualStudio.TestTools.TestTypes.Unit.UnitTestAdapter, Microsoft.VisualStudio.QualityTools.Tips.UnitTest.Adapter, Version=12.0.0.0, Culture=neutral, PublicKeyToken=b03f5f7f11d50a3a" className="PatientMoniterTest.UnitTest1, PatientMoniterTest, Version=1.0.0.0, Culture=neutral, PublicKeyToken=null" name="SPO2ValidTC" />
    </UnitTest>
    <UnitTest name="TempBoundaryTCPlusOne" storage="c:\users\320067581\patientmonitor\patientmonitor-master\patientmonitertest\bin\debug\patientmonitertest.dll" id="2949735a-dc9c-13ff-9985-f61b5f7955c4">
      <Execution id="212ca2b7-fc7e-4e69-b9d3-5e521b9d9d2d" />
      <TestMethod codeBase="C:/Users/320067581/PatientMonitor/PatientMonitor-master/PatientMoniterTest/bin/Debug/PatientMoniterTest.DLL" adapterTypeName="Microsoft.VisualStudio.TestTools.TestTypes.Unit.UnitTestAdapter, Microsoft.VisualStudio.QualityTools.Tips.UnitTest.Adapter, Version=12.0.0.0, Culture=neutral, PublicKeyToken=b03f5f7f11d50a3a" className="PatientMoniterTest.UnitTest1, PatientMoniterTest, Version=1.0.0.0, Culture=neutral, PublicKeyToken=null" name="TempBoundaryTCPlusOne" />
    </UnitTest>
    <UnitTest name="PulseBoundaryTCMinus1" storage="c:\users\320067581\patientmonitor\patientmonitor-master\patientmonitertest\bin\debug\patientmonitertest.dll" id="25a1d1ee-80d6-614a-200a-41f0eda98422">
      <Execution id="ccd59938-f966-4ef8-aaab-c89676273b21" />
      <TestMethod codeBase="C:/Users/320067581/PatientMonitor/PatientMonitor-master/PatientMoniterTest/bin/Debug/PatientMoniterTest.DLL" adapterTypeName="Microsoft.VisualStudio.TestTools.TestTypes.Unit.UnitTestAdapter, Microsoft.VisualStudio.QualityTools.Tips.UnitTest.Adapter, Version=12.0.0.0, Culture=neutral, PublicKeyToken=b03f5f7f11d50a3a" className="PatientMoniterTest.UnitTest1, PatientMoniterTest, Version=1.0.0.0, Culture=neutral, PublicKeyToken=null" name="PulseBoundaryTCMinus1" />
    </UnitTest>
    <UnitTest name="TempInvalidTC" storage="c:\users\320067581\patientmonitor\patientmonitor-master\patientmonitertest\bin\debug\patientmonitertest.dll" id="a0735254-022d-738a-88b3-5a06da506750">
      <Execution id="62ab9a55-3d8e-40ba-8682-da37a343c3fd" />
      <TestMethod codeBase="C:/Users/320067581/PatientMonitor/PatientMonitor-master/PatientMoniterTest/bin/Debug/PatientMoniterTest.DLL" adapterTypeName="Microsoft.VisualStudio.TestTools.TestTypes.Unit.UnitTestAdapter, Microsoft.VisualStudio.QualityTools.Tips.UnitTest.Adapter, Version=12.0.0.0, Culture=neutral, PublicKeyToken=b03f5f7f11d50a3a" className="PatientMoniterTest.UnitTest1, PatientMoniterTest, Version=1.0.0.0, Culture=neutral, PublicKeyToken=null" name="TempInvalidTC" />
    </UnitTest>
    <UnitTest name="PulseBoundaryTCZero" storage="c:\users\320067581\patientmonitor\patientmonitor-master\patientmonitertest\bin\debug\patientmonitertest.dll" id="66bf1c53-98cc-b4e6-4f23-1fa95b671e46">
      <Execution id="ba16890e-8bc8-4c9a-b7d4-988494d12845" />
      <TestMethod codeBase="C:/Users/320067581/PatientMonitor/PatientMonitor-master/PatientMoniterTest/bin/Debug/PatientMoniterTest.DLL" adapterTypeName="Microsoft.VisualStudio.TestTools.TestTypes.Unit.UnitTestAdapter, Microsoft.VisualStudio.QualityTools.Tips.UnitTest.Adapter, Version=12.0.0.0, Culture=neutral, PublicKeyToken=b03f5f7f11d50a3a" className="PatientMoniterTest.UnitTest1, PatientMoniterTest, Version=1.0.0.0, Culture=neutral, PublicKeyToken=null" name="PulseBoundaryTCZero" />
    </UnitTest>
    <UnitTest name="SPO2InvalidTC" storage="c:\users\320067581\patientmonitor\patientmonitor-master\patientmonitertest\bin\debug\patientmonitertest.dll" id="b57b14c3-eac8-00e9-46b6-ed7c3066dfa2">
      <Execution id="65fb38df-62d0-47d2-a8c6-6c21c264a009" />
      <TestMethod codeBase="C:/Users/320067581/PatientMonitor/PatientMonitor-master/PatientMoniterTest/bin/Debug/PatientMoniterTest.DLL" adapterTypeName="Microsoft.VisualStudio.TestTools.TestTypes.Unit.UnitTestAdapter, Microsoft.VisualStudio.QualityTools.Tips.UnitTest.Adapter, Version=12.0.0.0, Culture=neutral, PublicKeyToken=b03f5f7f11d50a3a" className="PatientMoniterTest.UnitTest1, PatientMoniterTest, Version=1.0.0.0, Culture=neutral, PublicKeyToken=null" name="SPO2InvalidTC" />
    </UnitTest>
    <UnitTest name="PulseInvalidTC" storage="c:\users\320067581\patientmonitor\patientmonitor-master\patientmonitertest\bin\debug\patientmonitertest.dll" id="8360458c-7750-bedc-91fa-8070edb99a59">
      <Execution id="d9d47e39-bb29-4771-bc61-537aaaa891a1" />
      <TestMethod codeBase="C:/Users/320067581/PatientMonitor/PatientMonitor-master/PatientMoniterTest/bin/Debug/PatientMoniterTest.DLL" adapterTypeName="Microsoft.VisualStudio.TestTools.TestTypes.Unit.UnitTestAdapter, Microsoft.VisualStudio.QualityTools.Tips.UnitTest.Adapter, Version=12.0.0.0, Culture=neutral, PublicKeyToken=b03f5f7f11d50a3a" className="PatientMoniterTest.UnitTest1, PatientMoniterTest, Version=1.0.0.0, Culture=neutral, PublicKeyToken=null" name="PulseInvalidTC" />
    </UnitTest>
    <UnitTest name="PulseValidTC" storage="c:\users\320067581\patientmonitor\patientmonitor-master\patientmonitertest\bin\debug\patientmonitertest.dll" id="463eb0e3-41b3-8986-9695-919ab4255218">
      <Execution id="e0374bf4-bcf9-4952-b346-2ca11d6101eb" />
      <TestMethod codeBase="C:/Users/320067581/PatientMonitor/PatientMonitor-master/PatientMoniterTest/bin/Debug/PatientMoniterTest.DLL" adapterTypeName="Microsoft.VisualStudio.TestTools.TestTypes.Unit.UnitTestAdapter, Microsoft.VisualStudio.QualityTools.Tips.UnitTest.Adapter, Version=12.0.0.0, Culture=neutral, PublicKeyToken=b03f5f7f11d50a3a" className="PatientMoniterTest.UnitTest1, PatientMoniterTest, Version=1.0.0.0, Culture=neutral, PublicKeyToken=null" name="PulseValidTC" />
    </UnitTest>
    <UnitTest name="SPO2BoundaryTCZero" storage="c:\users\320067581\patientmonitor\patientmonitor-master\patientmonitertest\bin\debug\patientmonitertest.dll" id="699c0386-af60-d233-9b2a-485c82fcf3df">
      <Execution id="4a940ccc-2353-43cc-9337-bd8ab6f63b92" />
      <TestMethod codeBase="C:/Users/320067581/PatientMonitor/PatientMonitor-master/PatientMoniterTest/bin/Debug/PatientMoniterTest.DLL" adapterTypeName="Microsoft.VisualStudio.TestTools.TestTypes.Unit.UnitTestAdapter, Microsoft.VisualStudio.QualityTools.Tips.UnitTest.Adapter, Version=12.0.0.0, Culture=neutral, PublicKeyToken=b03f5f7f11d50a3a" className="PatientMoniterTest.UnitTest1, PatientMoniterTest, Version=1.0.0.0, Culture=neutral, PublicKeyToken=null" name="SPO2BoundaryTCZero" />
    </UnitTest>
  </TestDefinitions>
  <TestLists>
    <TestList name="Results Not in a List" id="8c84fa94-04c1-424b-9868-57a2d4851a1d" />
    <TestList name="All Loaded Results" id="19431567-8539-422a-85d7-44ee4e166bda" />
  </TestLists>
  <TestEntries>
    <TestEntry testId="25a1d1ee-80d6-614a-200a-41f0eda98422" executionId="ccd59938-f966-4ef8-aaab-c89676273b21" testListId="8c84fa94-04c1-424b-9868-57a2d4851a1d" />
    <TestEntry testId="66bf1c53-98cc-b4e6-4f23-1fa95b671e46" executionId="ba16890e-8bc8-4c9a-b7d4-988494d12845" testListId="8c84fa94-04c1-424b-9868-57a2d4851a1d" />
    <TestEntry testId="8360458c-7750-bedc-91fa-8070edb99a59" executionId="d9d47e39-bb29-4771-bc61-537aaaa891a1" testListId="8c84fa94-04c1-424b-9868-57a2d4851a1d" />
    <TestEntry testId="463eb0e3-41b3-8986-9695-919ab4255218" executionId="e0374bf4-bcf9-4952-b346-2ca11d6101eb" testListId="8c84fa94-04c1-424b-9868-57a2d4851a1d" />
    <TestEntry testId="cf43fd0a-dbf8-fa0b-c091-50ac1559fbe5" executionId="14c30949-96de-4774-9796-22d0be97161d" testListId="8c84fa94-04c1-424b-9868-57a2d4851a1d" />
    <TestEntry testId="6384601c-6e91-8d88-7d0b-957a2e9458ca" executionId="644b4b53-335b-4c05-bc71-395464b85e37" testListId="8c84fa94-04c1-424b-9868-57a2d4851a1d" />
    <TestEntry testId="699c0386-af60-d233-9b2a-485c82fcf3df" executionId="4a940ccc-2353-43cc-9337-bd8ab6f63b92" testListId="8c84fa94-04c1-424b-9868-57a2d4851a1d" />
    <TestEntry testId="b57b14c3-eac8-00e9-46b6-ed7c3066dfa2" executionId="65fb38df-62d0-47d2-a8c6-6c21c264a009" testListId="8c84fa94-04c1-424b-9868-57a2d4851a1d" />
    <TestEntry testId="d659fcae-0901-6bf9-1ffa-c1979fdb9893" executionId="6cf60cac-5694-405b-8860-cf19eb220b34" testListId="8c84fa94-04c1-424b-9868-57a2d4851a1d" />
    <TestEntry testId="187ac4f0-ba5f-5d41-2065-36aa116f54f4" executionId="040e7d4b-eebe-4ad9-8aac-9f057a87d720" testListId="8c84fa94-04c1-424b-9868-57a2d4851a1d" />
    <TestEntry testId="2949735a-dc9c-13ff-9985-f61b5f7955c4" executionId="212ca2b7-fc7e-4e69-b9d3-5e521b9d9d2d" testListId="8c84fa94-04c1-424b-9868-57a2d4851a1d" />
    <TestEntry testId="91183195-af9d-285d-a7ed-c63c10e7d4bc" executionId="74784cc8-acaf-49f7-b2e2-fd06cf814c47" testListId="8c84fa94-04c1-424b-9868-57a2d4851a1d" />
    <TestEntry testId="a0735254-022d-738a-88b3-5a06da506750" executionId="62ab9a55-3d8e-40ba-8682-da37a343c3fd" testListId="8c84fa94-04c1-424b-9868-57a2d4851a1d" />
    <TestEntry testId="15d2601d-391e-459a-ef95-61056092a6f9" executionId="36e2165b-89b2-4e1c-a29d-e25ec165926e" testListId="8c84fa94-04c1-424b-9868-57a2d4851a1d" />
  </TestEntries>
  <Results>
    <UnitTestResult executionId="ccd59938-f966-4ef8-aaab-c89676273b21" testId="25a1d1ee-80d6-614a-200a-41f0eda98422" testName="PulseBoundaryTCMinus1" computerName="INGBTCPIC5NBZZ4" duration="00:00:00.0134254" startTime="2019-07-31T20:21:55.7549076+05:30" endTime="2019-07-31T20:21:55.9958281+05:30" testType="13cdc9d9-ddb5-4fa4-a97d-d965ccfc6d4b" outcome="Passed" testListId="8c84fa94-04c1-424b-9868-57a2d4851a1d" relativeResultsDirectory="ccd59938-f966-4ef8-aaab-c89676273b21">
      <Output>
        <StdOut>The PulseRate--&gt;59 is out of range</StdOut>
      </Output>
    </UnitTestResult>
    <UnitTestResult executionId="ba16890e-8bc8-4c9a-b7d4-988494d12845" testId="66bf1c53-98cc-b4e6-4f23-1fa95b671e46" testName="PulseBoundaryTCZero" computerName="INGBTCPIC5NBZZ4" duration="00:00:00.0002592" startTime="2019-07-31T20:21:55.9978307+05:30" endTime="2019-07-31T20:21:55.9998290+05:30" testType="13cdc9d9-ddb5-4fa4-a97d-d965ccfc6d4b" outcome="Passed" testListId="8c84fa94-04c1-424b-9868-57a2d4851a1d" relativeResultsDirectory="ba16890e-8bc8-4c9a-b7d4-988494d12845">
    </UnitTestResult>
    <UnitTestResult executionId="d9d47e39-bb29-4771-bc61-537aaaa891a1" testId="8360458c-7750-bedc-91fa-8070edb99a59" testName="PulseInvalidTC" computerName="INGBTCPIC5NBZZ4" duration="00:00:00.0004358" startTime="2019-07-31T20:21:56.0018365+05:30" endTime="2019-07-31T20:21:56.0058337+05:30" testType="13cdc9d9-ddb5-4fa4-a97d-d965ccfc6d4b" outcome="Passed" testListId="8c84fa94-04c1-424b-9868-57a2d4851a1d" relativeResultsDirectory="d9d47e39-bb29-4771-bc61-537aaaa891a1">
      <Output>
        <StdOut>The PulseRate--&gt;50 is out of range</StdOut>
      </Output>
    </UnitTestResult>
    <UnitTestResult executionId="e0374bf4-bcf9-4952-b346-2ca11d6101eb" testId="463eb0e3-41b3-8986-9695-919ab4255218" testName="PulseValidTC" computerName="INGBTCPIC5NBZZ4" duration="00:00:00.0001884" startTime="2019-07-31T20:21:56.0078563+05:30" endTime="2019-07-31T20:21:56.0098298+05:30" testType="13cdc9d9-ddb5-4fa4-a97d-d965ccfc6d4b" outcome="Passed" testListId="8c84fa94-04c1-424b-9868-57a2d4851a1d" relativeResultsDirectory="e0374bf4-bcf9-4952-b346-2ca11d6101eb">
    </UnitTestResult>
    <UnitTestResult executionId="14c30949-96de-4774-9796-22d0be97161d" testId="cf43fd0a-dbf8-fa0b-c091-50ac1559fbe5" testName="SPO2BoundaryTCMinus1" computerName="INGBTCPIC5NBZZ4" duration="00:00:00.0002435" startTime="2019-07-31T20:21:56.0128321+05:30" endTime="2019-07-31T20:21:56.0148482+05:30" testType="13cdc9d9-ddb5-4fa4-a97d-d965ccfc6d4b" outcome="Passed" testListId="8c84fa94-04c1-424b-9868-57a2d4851a1d" relativeResultsDirectory="14c30949-96de-4774-9796-22d0be97161d">
      <Output>
        <StdOut>The SPO2--&gt;90 is out of range</StdOut>
      </Output>
    </UnitTestResult>
    <UnitTestResult executionId="644b4b53-335b-4c05-bc71-395464b85e37" testId="6384601c-6e91-8d88-7d0b-957a2e9458ca" testName="SPO2BoundaryTCPlusOne" computerName="INGBTCPIC5NBZZ4" duration="00:00:00.0002560" startTime="2019-07-31T20:21:56.0168314+05:30" endTime="2019-07-31T20:21:56.0178306+05:30" testType="13cdc9d9-ddb5-4fa4-a97d-d965ccfc6d4b" outcome="Passed" testListId="8c84fa94-04c1-424b-9868-57a2d4851a1d" relativeResultsDirectory="644b4b53-335b-4c05-bc71-395464b85e37">
      <Output>
        <StdOut>The SPO2--&gt;101 is out of range</StdOut>
      </Output>
    </UnitTestResult>
    <UnitTestResult executionId="4a940ccc-2353-43cc-9337-bd8ab6f63b92" testId="699c0386-af60-d233-9b2a-485c82fcf3df" testName="SPO2BoundaryTCZero" computerName="INGBTCPIC5NBZZ4" duration="00:00:00.0002905" startTime="2019-07-31T20:21:56.0218434+05:30" endTime="2019-07-31T20:21:56.0238693+05:30" testType="13cdc9d9-ddb5-4fa4-a97d-d965ccfc6d4b" outcome="Passed" testListId="8c84fa94-04c1-424b-9868-57a2d4851a1d" relativeResultsDirectory="4a940ccc-2353-43cc-9337-bd8ab6f63b92">
    </UnitTestResult>
    <UnitTestResult executionId="65fb38df-62d0-47d2-a8c6-6c21c264a009" testId="b57b14c3-eac8-00e9-46b6-ed7c3066dfa2" testName="SPO2InvalidTC" computerName="INGBTCPIC5NBZZ4" duration="00:00:00.0003127" startTime="2019-07-31T20:21:56.0258298+05:30" endTime="2019-07-31T20:21:56.0288289+05:30" testType="13cdc9d9-ddb5-4fa4-a97d-d965ccfc6d4b" outcome="Passed" testListId="8c84fa94-04c1-424b-9868-57a2d4851a1d" relativeResultsDirectory="65fb38df-62d0-47d2-a8c6-6c21c264a009">
      <Output>
        <StdOut>The SPO2--&gt;101 is out of range</StdOut>
      </Output>
    </UnitTestResult>
    <UnitTestResult executionId="6cf60cac-5694-405b-8860-cf19eb220b34" testId="d659fcae-0901-6bf9-1ffa-c1979fdb9893" testName="SPO2ValidTC" computerName="INGBTCPIC5NBZZ4" duration="00:00:00.0002711" startTime="2019-07-31T20:21:56.0308299+05:30" endTime="2019-07-31T20:21:56.0338328+05:30" testType="13cdc9d9-ddb5-4fa4-a97d-d965ccfc6d4b" outcome="Passed" testListId="8c84fa94-04c1-424b-9868-57a2d4851a1d" relativeResultsDirectory="6cf60cac-5694-405b-8860-cf19eb220b34">
    </UnitTestResult>
    <UnitTestResult executionId="040e7d4b-eebe-4ad9-8aac-9f057a87d720" testId="187ac4f0-ba5f-5d41-2065-36aa116f54f4" testName="TempBoundaryTCMinus1" computerName="INGBTCPIC5NBZZ4" duration="00:00:00.0003159" startTime="2019-07-31T20:21:56.0388285+05:30" endTime="2019-07-31T20:21:56.0408339+05:30" testType="13cdc9d9-ddb5-4fa4-a97d-d965ccfc6d4b" outcome="Passed" testListId="8c84fa94-04c1-424b-9868-57a2d4851a1d" relativeResultsDirectory="040e7d4b-eebe-4ad9-8aac-9f057a87d720">
      <Output>
        <StdOut>The Temperature--&gt;96.9 is out of range</StdOut>
      </Output>
    </UnitTestResult>
    <UnitTestResult executionId="212ca2b7-fc7e-4e69-b9d3-5e521b9d9d2d" testId="2949735a-dc9c-13ff-9985-f61b5f7955c4" testName="TempBoundaryTCPlusOne" computerName="INGBTCPIC5NBZZ4" duration="00:00:00.0002424" startTime="2019-07-31T20:21:56.0428311+05:30" endTime="2019-07-31T20:21:56.0448699+05:30" testType="13cdc9d9-ddb5-4fa4-a97d-d965ccfc6d4b" outcome="Passed" testListId="8c84fa94-04c1-424b-9868-57a2d4851a1d" relativeResultsDirectory="212ca2b7-fc7e-4e69-b9d3-5e521b9d9d2d">
      <Output>
        <StdOut>The Temperature--&gt;99.1 is out of range</StdOut>
      </Output>
    </UnitTestResult>
    <UnitTestResult executionId="74784cc8-acaf-49f7-b2e2-fd06cf814c47" testId="91183195-af9d-285d-a7ed-c63c10e7d4bc" testName="TempBoundaryTCZero" computerName="INGBTCPIC5NBZZ4" duration="00:00:00.0003888" startTime="2019-07-31T20:21:56.0468304+05:30" endTime="2019-07-31T20:21:56.0498317+05:30" testType="13cdc9d9-ddb5-4fa4-a97d-d965ccfc6d4b" outcome="Passed" testListId="8c84fa94-04c1-424b-9868-57a2d4851a1d" relativeResultsDirectory="74784cc8-acaf-49f7-b2e2-fd06cf814c47">
    </UnitTestResult>
    <UnitTestResult executionId="62ab9a55-3d8e-40ba-8682-da37a343c3fd" testId="a0735254-022d-738a-88b3-5a06da506750" testName="TempInvalidTC" computerName="INGBTCPIC5NBZZ4" duration="00:00:00.0002084" startTime="2019-07-31T20:21:56.0528313+05:30" endTime="2019-07-31T20:21:56.0558715+05:30" testType="13cdc9d9-ddb5-4fa4-a97d-d965ccfc6d4b" outcome="Passed" testListId="8c84fa94-04c1-424b-9868-57a2d4851a1d" relativeResultsDirectory="62ab9a55-3d8e-40ba-8682-da37a343c3fd">
      <Output>
        <StdOut>The Temperature--&gt;90.3 is out of range</StdOut>
      </Output>
    </UnitTestResult>
    <UnitTestResult executionId="36e2165b-89b2-4e1c-a29d-e25ec165926e" testId="15d2601d-391e-459a-ef95-61056092a6f9" testName="TempValidTC" computerName="INGBTCPIC5NBZZ4" duration="00:00:00.0003073" startTime="2019-07-31T20:21:56.0578525+05:30" endTime="2019-07-31T20:21:56.0598411+05:30" testType="13cdc9d9-ddb5-4fa4-a97d-d965ccfc6d4b" outcome="Passed" testListId="8c84fa94-04c1-424b-9868-57a2d4851a1d" relativeResultsDirectory="36e2165b-89b2-4e1c-a29d-e25ec165926e">
    </UnitTestResult>
  </Results>
</TestRun>