<?xml version="1.0" encoding="UTF-8"?>
<TestRun id="d9da2ec2-6d74-484b-9378-48c9581ecb66" name="320067390@INGBTCPIC5NBZZ5 2019-08-02 07:57:41" runUser="CODE1\320067390" xmlns="http://microsoft.com/schemas/VisualStudio/TeamTest/2010">
  <TestSettings name="Default Test Settings" id="05e647c9-3b06-4720-9f55-f85526bfe462">
    <Execution>
      <TestTypeSpecific />
      <AgentRule name="Execution Agents">
      </AgentRule>
    </Execution>
    <Deployment runDeploymentRoot="320067390_INGBTCPIC5NBZZ5 2019-08-02 07_57_41" />
    <Properties />
  </TestSettings>
  <Times creation="2019-08-02T07:57:41.8289878+05:30" queuing="2019-08-02T07:57:42.3889908+05:30" start="2019-08-02T07:57:42.4529931+05:30" finish="2019-08-02T07:57:42.8429922+05:30" />
  <ResultSummary outcome="Completed">
    <Counters total="16" executed="16" passed="16" error="0" failed="0" timeout="0" aborted="0" inconclusive="0" passedButRunAborted="0" notRunnable="0" notExecuted="0" disconnected="0" warning="0" completed="0" inProgress="0" pending="0" />
  </ResultSummary>
  <TestDefinitions>
    <UnitTest name="TestPulseValid" storage="c:\users\320067390\patientmonitor\patientmonitor-master\patientmonitertest\bin\debug\patientmonitertest.dll" id="2c962e9b-76f1-7164-b430-b1658e4812e5">
      <Execution id="dd738d70-f4ae-417b-8d67-9d23ba57792b" />
      <TestMethod codeBase="C:/Users/320067390/PatientMonitor/PatientMonitor-master/PatientMoniterTest/bin/Debug/PatientMoniterTest.DLL" adapterTypeName="Microsoft.VisualStudio.TestTools.TestTypes.Unit.UnitTestAdapter, Microsoft.VisualStudio.QualityTools.Tips.UnitTest.Adapter, Version=12.0.0.0, Culture=neutral, PublicKeyToken=b03f5f7f11d50a3a" className="PatientMoniterTest.UnitTest1, PatientMoniterTest, Version=1.0.0.0, Culture=neutral, PublicKeyToken=null" name="TestPulseValid" />
    </UnitTest>
    <UnitTest name="TestSpo2Valid" storage="c:\users\320067390\patientmonitor\patientmonitor-master\patientmonitertest\bin\debug\patientmonitertest.dll" id="863804d6-848a-c3bc-1e6d-6e95f526f8a5">
      <Execution id="22bd3d03-3300-4c29-b274-70a906177f98" />
      <TestMethod codeBase="C:/Users/320067390/PatientMonitor/PatientMonitor-master/PatientMoniterTest/bin/Debug/PatientMoniterTest.DLL" adapterTypeName="Microsoft.VisualStudio.TestTools.TestTypes.Unit.UnitTestAdapter, Microsoft.VisualStudio.QualityTools.Tips.UnitTest.Adapter, Version=12.0.0.0, Culture=neutral, PublicKeyToken=b03f5f7f11d50a3a" className="PatientMoniterTest.UnitTest1, PatientMoniterTest, Version=1.0.0.0, Culture=neutral, PublicKeyToken=null" name="TestSpo2Valid" />
    </UnitTest>
    <UnitTest name="TestTempBoundaryZero" storage="c:\users\320067390\patientmonitor\patientmonitor-master\patientmonitertest\bin\debug\patientmonitertest.dll" id="cd6cd233-ad01-65af-f5ad-a475e76877f6">
      <Execution id="b5b80467-2806-4c64-9aab-3635a4f5379d" />
      <TestMethod codeBase="C:/Users/320067390/PatientMonitor/PatientMonitor-master/PatientMoniterTest/bin/Debug/PatientMoniterTest.DLL" adapterTypeName="Microsoft.VisualStudio.TestTools.TestTypes.Unit.UnitTestAdapter, Microsoft.VisualStudio.QualityTools.Tips.UnitTest.Adapter, Version=12.0.0.0, Culture=neutral, PublicKeyToken=b03f5f7f11d50a3a" className="PatientMoniterTest.UnitTest1, PatientMoniterTest, Version=1.0.0.0, Culture=neutral, PublicKeyToken=null" name="TestTempBoundaryZero" />
    </UnitTest>
    <UnitTest name="TestTempBoundaryMinus1" storage="c:\users\320067390\patientmonitor\patientmonitor-master\patientmonitertest\bin\debug\patientmonitertest.dll" id="9dcd935f-7349-6bbb-9de8-8d3833ae9fe1">
      <Execution id="5df1a728-141c-4417-ae76-56475fba8695" />
      <TestMethod codeBase="C:/Users/320067390/PatientMonitor/PatientMonitor-master/PatientMoniterTest/bin/Debug/PatientMoniterTest.DLL" adapterTypeName="Microsoft.VisualStudio.TestTools.TestTypes.Unit.UnitTestAdapter, Microsoft.VisualStudio.QualityTools.Tips.UnitTest.Adapter, Version=12.0.0.0, Culture=neutral, PublicKeyToken=b03f5f7f11d50a3a" className="PatientMoniterTest.UnitTest1, PatientMoniterTest, Version=1.0.0.0, Culture=neutral, PublicKeyToken=null" name="TestTempBoundaryMinus1" />
    </UnitTest>
    <UnitTest name="TestSpo2BoundaryPlus1" storage="c:\users\320067390\patientmonitor\patientmonitor-master\patientmonitertest\bin\debug\patientmonitertest.dll" id="6208f2e7-0714-47c5-55c1-c6e1cced7cca">
      <Execution id="ad555bbe-9600-40ff-bd94-152b3dc9e708" />
      <TestMethod codeBase="C:/Users/320067390/PatientMonitor/PatientMonitor-master/PatientMoniterTest/bin/Debug/PatientMoniterTest.DLL" adapterTypeName="Microsoft.VisualStudio.TestTools.TestTypes.Unit.UnitTestAdapter, Microsoft.VisualStudio.QualityTools.Tips.UnitTest.Adapter, Version=12.0.0.0, Culture=neutral, PublicKeyToken=b03f5f7f11d50a3a" className="PatientMoniterTest.UnitTest1, PatientMoniterTest, Version=1.0.0.0, Culture=neutral, PublicKeyToken=null" name="TestSpo2BoundaryPlus1" />
    </UnitTest>
    <UnitTest name="TestPulseBoundaryMinus1" storage="c:\users\320067390\patientmonitor\patientmonitor-master\patientmonitertest\bin\debug\patientmonitertest.dll" id="a3de01fd-898c-6ef5-19df-fda7da7c5d5e">
      <Execution id="6cc96e88-dd2b-4f54-a261-90fb3471f2a9" />
      <TestMethod codeBase="C:/Users/320067390/PatientMonitor/PatientMonitor-master/PatientMoniterTest/bin/Debug/PatientMoniterTest.DLL" adapterTypeName="Microsoft.VisualStudio.TestTools.TestTypes.Unit.UnitTestAdapter, Microsoft.VisualStudio.QualityTools.Tips.UnitTest.Adapter, Version=12.0.0.0, Culture=neutral, PublicKeyToken=b03f5f7f11d50a3a" className="PatientMoniterTest.UnitTest1, PatientMoniterTest, Version=1.0.0.0, Culture=neutral, PublicKeyToken=null" name="TestPulseBoundaryMinus1" />
    </UnitTest>
    <UnitTest name="TestParameters" storage="c:\users\320067390\patientmonitor\patientmonitor-master\patientmonitertest\bin\debug\patientmonitertest.dll" id="fe8fb1fd-e8b7-42b4-e3ba-a4d743006a45">
      <Execution id="f71816de-3187-4609-81d6-6dafd9ff318a" />
      <TestMethod codeBase="C:/Users/320067390/PatientMonitor/PatientMonitor-master/PatientMoniterTest/bin/Debug/PatientMoniterTest.DLL" adapterTypeName="Microsoft.VisualStudio.TestTools.TestTypes.Unit.UnitTestAdapter, Microsoft.VisualStudio.QualityTools.Tips.UnitTest.Adapter, Version=12.0.0.0, Culture=neutral, PublicKeyToken=b03f5f7f11d50a3a" className="PatientMoniterTest.UnitTest1, PatientMoniterTest, Version=1.0.0.0, Culture=neutral, PublicKeyToken=null" name="TestParameters" />
    </UnitTest>
    <UnitTest name="TestPulseBoundaryZero" storage="c:\users\320067390\patientmonitor\patientmonitor-master\patientmonitertest\bin\debug\patientmonitertest.dll" id="a7ad3733-274e-6e22-39de-27a342be96f1">
      <Execution id="39cb3e2f-3133-4ef9-8d47-8bb8e5fc8e89" />
      <TestMethod codeBase="C:/Users/320067390/PatientMonitor/PatientMonitor-master/PatientMoniterTest/bin/Debug/PatientMoniterTest.DLL" adapterTypeName="Microsoft.VisualStudio.TestTools.TestTypes.Unit.UnitTestAdapter, Microsoft.VisualStudio.QualityTools.Tips.UnitTest.Adapter, Version=12.0.0.0, Culture=neutral, PublicKeyToken=b03f5f7f11d50a3a" className="PatientMoniterTest.UnitTest1, PatientMoniterTest, Version=1.0.0.0, Culture=neutral, PublicKeyToken=null" name="TestPulseBoundaryZero" />
    </UnitTest>
    <UnitTest name="TestSpo2Invalid" storage="c:\users\320067390\patientmonitor\patientmonitor-master\patientmonitertest\bin\debug\patientmonitertest.dll" id="f11216c1-f6d2-2b38-344f-0aaf7d599578">
      <Execution id="7f2331b7-34ac-4c8a-88d3-ee405f7e7928" />
      <TestMethod codeBase="C:/Users/320067390/PatientMonitor/PatientMonitor-master/PatientMoniterTest/bin/Debug/PatientMoniterTest.DLL" adapterTypeName="Microsoft.VisualStudio.TestTools.TestTypes.Unit.UnitTestAdapter, Microsoft.VisualStudio.QualityTools.Tips.UnitTest.Adapter, Version=12.0.0.0, Culture=neutral, PublicKeyToken=b03f5f7f11d50a3a" className="PatientMoniterTest.UnitTest1, PatientMoniterTest, Version=1.0.0.0, Culture=neutral, PublicKeyToken=null" name="TestSpo2Invalid" />
    </UnitTest>
    <UnitTest name="TestTempValid" storage="c:\users\320067390\patientmonitor\patientmonitor-master\patientmonitertest\bin\debug\patientmonitertest.dll" id="243659e1-a994-f57b-1b27-a57cb21ffdc9">
      <Execution id="f2f7b297-777c-4214-bb0a-81338c8577a9" />
      <TestMethod codeBase="C:/Users/320067390/PatientMonitor/PatientMonitor-master/PatientMoniterTest/bin/Debug/PatientMoniterTest.DLL" adapterTypeName="Microsoft.VisualStudio.TestTools.TestTypes.Unit.UnitTestAdapter, Microsoft.VisualStudio.QualityTools.Tips.UnitTest.Adapter, Version=12.0.0.0, Culture=neutral, PublicKeyToken=b03f5f7f11d50a3a" className="PatientMoniterTest.UnitTest1, PatientMoniterTest, Version=1.0.0.0, Culture=neutral, PublicKeyToken=null" name="TestTempValid" />
    </UnitTest>
    <UnitTest name="TestSpo2BoundaryMinus1" storage="c:\users\320067390\patientmonitor\patientmonitor-master\patientmonitertest\bin\debug\patientmonitertest.dll" id="b149617e-1949-d2d2-d3a7-513026d30454">
      <Execution id="a85b4404-2025-461f-9b94-7d886b0f0237" />
      <TestMethod codeBase="C:/Users/320067390/PatientMonitor/PatientMonitor-master/PatientMoniterTest/bin/Debug/PatientMoniterTest.DLL" adapterTypeName="Microsoft.VisualStudio.TestTools.TestTypes.Unit.UnitTestAdapter, Microsoft.VisualStudio.QualityTools.Tips.UnitTest.Adapter, Version=12.0.0.0, Culture=neutral, PublicKeyToken=b03f5f7f11d50a3a" className="PatientMoniterTest.UnitTest1, PatientMoniterTest, Version=1.0.0.0, Culture=neutral, PublicKeyToken=null" name="TestSpo2BoundaryMinus1" />
    </UnitTest>
    <UnitTest name="TestTempBoundaryPlus1" storage="c:\users\320067390\patientmonitor\patientmonitor-master\patientmonitertest\bin\debug\patientmonitertest.dll" id="ddb96599-2344-1c94-7b25-024559ad73b3">
      <Execution id="5075c083-01da-4062-aa5a-20fc3cb8af7d" />
      <TestMethod codeBase="C:/Users/320067390/PatientMonitor/PatientMonitor-master/PatientMoniterTest/bin/Debug/PatientMoniterTest.DLL" adapterTypeName="Microsoft.VisualStudio.TestTools.TestTypes.Unit.UnitTestAdapter, Microsoft.VisualStudio.QualityTools.Tips.UnitTest.Adapter, Version=12.0.0.0, Culture=neutral, PublicKeyToken=b03f5f7f11d50a3a" className="PatientMoniterTest.UnitTest1, PatientMoniterTest, Version=1.0.0.0, Culture=neutral, PublicKeyToken=null" name="TestTempBoundaryPlus1" />
    </UnitTest>
    <UnitTest name="TestTempInvalid" storage="c:\users\320067390\patientmonitor\patientmonitor-master\patientmonitertest\bin\debug\patientmonitertest.dll" id="f67c9753-00ab-3f6b-09e9-82550a44cc31">
      <Execution id="baf2e660-d4bc-46fd-a2ae-7fab658d30c1" />
      <TestMethod codeBase="C:/Users/320067390/PatientMonitor/PatientMonitor-master/PatientMoniterTest/bin/Debug/PatientMoniterTest.DLL" adapterTypeName="Microsoft.VisualStudio.TestTools.TestTypes.Unit.UnitTestAdapter, Microsoft.VisualStudio.QualityTools.Tips.UnitTest.Adapter, Version=12.0.0.0, Culture=neutral, PublicKeyToken=b03f5f7f11d50a3a" className="PatientMoniterTest.UnitTest1, PatientMoniterTest, Version=1.0.0.0, Culture=neutral, PublicKeyToken=null" name="TestTempInvalid" />
    </UnitTest>
    <UnitTest name="TestPulseInvalid" storage="c:\users\320067390\patientmonitor\patientmonitor-master\patientmonitertest\bin\debug\patientmonitertest.dll" id="9e00be19-a6e0-0e25-22db-3f57d8cdbb52">
      <Execution id="59b67d30-92b4-4f29-9c9a-5b6eaf9c116b" />
      <TestMethod codeBase="C:/Users/320067390/PatientMonitor/PatientMonitor-master/PatientMoniterTest/bin/Debug/PatientMoniterTest.DLL" adapterTypeName="Microsoft.VisualStudio.TestTools.TestTypes.Unit.UnitTestAdapter, Microsoft.VisualStudio.QualityTools.Tips.UnitTest.Adapter, Version=12.0.0.0, Culture=neutral, PublicKeyToken=b03f5f7f11d50a3a" className="PatientMoniterTest.UnitTest1, PatientMoniterTest, Version=1.0.0.0, Culture=neutral, PublicKeyToken=null" name="TestPulseInvalid" />
    </UnitTest>
    <UnitTest name="TestSpo2Boundaryzero" storage="c:\users\320067390\patientmonitor\patientmonitor-master\patientmonitertest\bin\debug\patientmonitertest.dll" id="4c98a5a0-9b82-2483-26bc-2d4b9b928055">
      <Execution id="93374436-2e48-4cbd-8177-e6e626638365" />
      <TestMethod codeBase="C:/Users/320067390/PatientMonitor/PatientMonitor-master/PatientMoniterTest/bin/Debug/PatientMoniterTest.DLL" adapterTypeName="Microsoft.VisualStudio.TestTools.TestTypes.Unit.UnitTestAdapter, Microsoft.VisualStudio.QualityTools.Tips.UnitTest.Adapter, Version=12.0.0.0, Culture=neutral, PublicKeyToken=b03f5f7f11d50a3a" className="PatientMoniterTest.UnitTest1, PatientMoniterTest, Version=1.0.0.0, Culture=neutral, PublicKeyToken=null" name="TestSpo2Boundaryzero" />
    </UnitTest>
    <UnitTest name="TestPulseBoundaryPlus1" storage="c:\users\320067390\patientmonitor\patientmonitor-master\patientmonitertest\bin\debug\patientmonitertest.dll" id="c9c88640-010c-0138-ad8b-90168ca225de">
      <Execution id="b4c594ea-1f27-4b8e-b084-87443ada8cf3" />
      <TestMethod codeBase="C:/Users/320067390/PatientMonitor/PatientMonitor-master/PatientMoniterTest/bin/Debug/PatientMoniterTest.DLL" adapterTypeName="Microsoft.VisualStudio.TestTools.TestTypes.Unit.UnitTestAdapter, Microsoft.VisualStudio.QualityTools.Tips.UnitTest.Adapter, Version=12.0.0.0, Culture=neutral, PublicKeyToken=b03f5f7f11d50a3a" className="PatientMoniterTest.UnitTest1, PatientMoniterTest, Version=1.0.0.0, Culture=neutral, PublicKeyToken=null" name="TestPulseBoundaryPlus1" />
    </UnitTest>
  </TestDefinitions>
  <TestLists>
    <TestList name="Results Not in a List" id="8c84fa94-04c1-424b-9868-57a2d4851a1d" />
    <TestList name="All Loaded Results" id="19431567-8539-422a-85d7-44ee4e166bda" />
  </TestLists>
  <TestEntries>
    <TestEntry testId="fe8fb1fd-e8b7-42b4-e3ba-a4d743006a45" executionId="f71816de-3187-4609-81d6-6dafd9ff318a" testListId="8c84fa94-04c1-424b-9868-57a2d4851a1d" />
    <TestEntry testId="a3de01fd-898c-6ef5-19df-fda7da7c5d5e" executionId="6cc96e88-dd2b-4f54-a261-90fb3471f2a9" testListId="8c84fa94-04c1-424b-9868-57a2d4851a1d" />
    <TestEntry testId="c9c88640-010c-0138-ad8b-90168ca225de" executionId="b4c594ea-1f27-4b8e-b084-87443ada8cf3" testListId="8c84fa94-04c1-424b-9868-57a2d4851a1d" />
    <TestEntry testId="a7ad3733-274e-6e22-39de-27a342be96f1" executionId="39cb3e2f-3133-4ef9-8d47-8bb8e5fc8e89" testListId="8c84fa94-04c1-424b-9868-57a2d4851a1d" />
    <TestEntry testId="9e00be19-a6e0-0e25-22db-3f57d8cdbb52" executionId="59b67d30-92b4-4f29-9c9a-5b6eaf9c116b" testListId="8c84fa94-04c1-424b-9868-57a2d4851a1d" />
    <TestEntry testId="2c962e9b-76f1-7164-b430-b1658e4812e5" executionId="dd738d70-f4ae-417b-8d67-9d23ba57792b" testListId="8c84fa94-04c1-424b-9868-57a2d4851a1d" />
    <TestEntry testId="b149617e-1949-d2d2-d3a7-513026d30454" executionId="a85b4404-2025-461f-9b94-7d886b0f0237" testListId="8c84fa94-04c1-424b-9868-57a2d4851a1d" />
    <TestEntry testId="6208f2e7-0714-47c5-55c1-c6e1cced7cca" executionId="ad555bbe-9600-40ff-bd94-152b3dc9e708" testListId="8c84fa94-04c1-424b-9868-57a2d4851a1d" />
    <TestEntry testId="4c98a5a0-9b82-2483-26bc-2d4b9b928055" executionId="93374436-2e48-4cbd-8177-e6e626638365" testListId="8c84fa94-04c1-424b-9868-57a2d4851a1d" />
    <TestEntry testId="f11216c1-f6d2-2b38-344f-0aaf7d599578" executionId="7f2331b7-34ac-4c8a-88d3-ee405f7e7928" testListId="8c84fa94-04c1-424b-9868-57a2d4851a1d" />
    <TestEntry testId="863804d6-848a-c3bc-1e6d-6e95f526f8a5" executionId="22bd3d03-3300-4c29-b274-70a906177f98" testListId="8c84fa94-04c1-424b-9868-57a2d4851a1d" />
    <TestEntry testId="9dcd935f-7349-6bbb-9de8-8d3833ae9fe1" executionId="5df1a728-141c-4417-ae76-56475fba8695" testListId="8c84fa94-04c1-424b-9868-57a2d4851a1d" />
    <TestEntry testId="ddb96599-2344-1c94-7b25-024559ad73b3" executionId="5075c083-01da-4062-aa5a-20fc3cb8af7d" testListId="8c84fa94-04c1-424b-9868-57a2d4851a1d" />
    <TestEntry testId="cd6cd233-ad01-65af-f5ad-a475e76877f6" executionId="b5b80467-2806-4c64-9aab-3635a4f5379d" testListId="8c84fa94-04c1-424b-9868-57a2d4851a1d" />
    <TestEntry testId="f67c9753-00ab-3f6b-09e9-82550a44cc31" executionId="baf2e660-d4bc-46fd-a2ae-7fab658d30c1" testListId="8c84fa94-04c1-424b-9868-57a2d4851a1d" />
    <TestEntry testId="243659e1-a994-f57b-1b27-a57cb21ffdc9" executionId="f2f7b297-777c-4214-bb0a-81338c8577a9" testListId="8c84fa94-04c1-424b-9868-57a2d4851a1d" />
  </TestEntries>
  <Results>
    <UnitTestResult executionId="f71816de-3187-4609-81d6-6dafd9ff318a" testId="fe8fb1fd-e8b7-42b4-e3ba-a4d743006a45" testName="TestParameters" computerName="INGBTCPIC5NBZZ5" duration="00:00:00.0172308" startTime="2019-08-02T07:57:42.4840281+05:30" endTime="2019-08-02T07:57:42.7539893+05:30" testType="13cdc9d9-ddb5-4fa4-a97d-d965ccfc6d4b" outcome="Passed" testListId="8c84fa94-04c1-424b-9868-57a2d4851a1d" relativeResultsDirectory="f71816de-3187-4609-81d6-6dafd9ff318a">
    </UnitTestResult>
    <UnitTestResult executionId="6cc96e88-dd2b-4f54-a261-90fb3471f2a9" testId="a3de01fd-898c-6ef5-19df-fda7da7c5d5e" testName="TestPulseBoundaryMinus1" computerName="INGBTCPIC5NBZZ5" duration="00:00:00.0007712" startTime="2019-08-02T07:57:42.7549924+05:30" endTime="2019-08-02T07:57:42.7579876+05:30" testType="13cdc9d9-ddb5-4fa4-a97d-d965ccfc6d4b" outcome="Passed" testListId="8c84fa94-04c1-424b-9868-57a2d4851a1d" relativeResultsDirectory="6cc96e88-dd2b-4f54-a261-90fb3471f2a9">
    </UnitTestResult>
    <UnitTestResult executionId="b4c594ea-1f27-4b8e-b084-87443ada8cf3" testId="c9c88640-010c-0138-ad8b-90168ca225de" testName="TestPulseBoundaryPlus1" computerName="INGBTCPIC5NBZZ5" duration="00:00:00.0001632" startTime="2019-08-02T07:57:42.7589902+05:30" endTime="2019-08-02T07:57:42.7609902+05:30" testType="13cdc9d9-ddb5-4fa4-a97d-d965ccfc6d4b" outcome="Passed" testListId="8c84fa94-04c1-424b-9868-57a2d4851a1d" relativeResultsDirectory="b4c594ea-1f27-4b8e-b084-87443ada8cf3">
    </UnitTestResult>
    <UnitTestResult executionId="39cb3e2f-3133-4ef9-8d47-8bb8e5fc8e89" testId="a7ad3733-274e-6e22-39de-27a342be96f1" testName="TestPulseBoundaryZero" computerName="INGBTCPIC5NBZZ5" duration="00:00:00.0001129" startTime="2019-08-02T07:57:42.7619913+05:30" endTime="2019-08-02T07:57:42.7639885+05:30" testType="13cdc9d9-ddb5-4fa4-a97d-d965ccfc6d4b" outcome="Passed" testListId="8c84fa94-04c1-424b-9868-57a2d4851a1d" relativeResultsDirectory="39cb3e2f-3133-4ef9-8d47-8bb8e5fc8e89">
    </UnitTestResult>
    <UnitTestResult executionId="59b67d30-92b4-4f29-9c9a-5b6eaf9c116b" testId="9e00be19-a6e0-0e25-22db-3f57d8cdbb52" testName="TestPulseInvalid" computerName="INGBTCPIC5NBZZ5" duration="00:00:00.0001025" startTime="2019-08-02T07:57:42.7649879+05:30" endTime="2019-08-02T07:57:42.7669885+05:30" testType="13cdc9d9-ddb5-4fa4-a97d-d965ccfc6d4b" outcome="Passed" testListId="8c84fa94-04c1-424b-9868-57a2d4851a1d" relativeResultsDirectory="59b67d30-92b4-4f29-9c9a-5b6eaf9c116b">
    </UnitTestResult>
    <UnitTestResult executionId="dd738d70-f4ae-417b-8d67-9d23ba57792b" testId="2c962e9b-76f1-7164-b430-b1658e4812e5" testName="TestPulseValid" computerName="INGBTCPIC5NBZZ5" duration="00:00:00.0001055" startTime="2019-08-02T07:57:42.7689892+05:30" endTime="2019-08-02T07:57:42.7699891+05:30" testType="13cdc9d9-ddb5-4fa4-a97d-d965ccfc6d4b" outcome="Passed" testListId="8c84fa94-04c1-424b-9868-57a2d4851a1d" relativeResultsDirectory="dd738d70-f4ae-417b-8d67-9d23ba57792b">
    </UnitTestResult>
    <UnitTestResult executionId="a85b4404-2025-461f-9b94-7d886b0f0237" testId="b149617e-1949-d2d2-d3a7-513026d30454" testName="TestSpo2BoundaryMinus1" computerName="INGBTCPIC5NBZZ5" duration="00:00:00.0001871" startTime="2019-08-02T07:57:42.7719899+05:30" endTime="2019-08-02T07:57:42.7729929+05:30" testType="13cdc9d9-ddb5-4fa4-a97d-d965ccfc6d4b" outcome="Passed" testListId="8c84fa94-04c1-424b-9868-57a2d4851a1d" relativeResultsDirectory="a85b4404-2025-461f-9b94-7d886b0f0237">
    </UnitTestResult>
    <UnitTestResult executionId="ad555bbe-9600-40ff-bd94-152b3dc9e708" testId="6208f2e7-0714-47c5-55c1-c6e1cced7cca" testName="TestSpo2BoundaryPlus1" computerName="INGBTCPIC5NBZZ5" duration="00:00:00.0001317" startTime="2019-08-02T07:57:42.7749883+05:30" endTime="2019-08-02T07:57:42.7760256+05:30" testType="13cdc9d9-ddb5-4fa4-a97d-d965ccfc6d4b" outcome="Passed" testListId="8c84fa94-04c1-424b-9868-57a2d4851a1d" relativeResultsDirectory="ad555bbe-9600-40ff-bd94-152b3dc9e708">
    </UnitTestResult>
    <UnitTestResult executionId="93374436-2e48-4cbd-8177-e6e626638365" testId="4c98a5a0-9b82-2483-26bc-2d4b9b928055" testName="TestSpo2Boundaryzero" computerName="INGBTCPIC5NBZZ5" duration="00:00:00.0001738" startTime="2019-08-02T07:57:42.7769884+05:30" endTime="2019-08-02T07:57:42.7790422+05:30" testType="13cdc9d9-ddb5-4fa4-a97d-d965ccfc6d4b" outcome="Passed" testListId="8c84fa94-04c1-424b-9868-57a2d4851a1d" relativeResultsDirectory="93374436-2e48-4cbd-8177-e6e626638365">
    </UnitTestResult>
    <UnitTestResult executionId="7f2331b7-34ac-4c8a-88d3-ee405f7e7928" testId="f11216c1-f6d2-2b38-344f-0aaf7d599578" testName="TestSpo2Invalid" computerName="INGBTCPIC5NBZZ5" duration="00:00:00.0001149" startTime="2019-08-02T07:57:42.7809900+05:30" endTime="2019-08-02T07:57:42.7819907+05:30" testType="13cdc9d9-ddb5-4fa4-a97d-d965ccfc6d4b" outcome="Passed" testListId="8c84fa94-04c1-424b-9868-57a2d4851a1d" relativeResultsDirectory="7f2331b7-34ac-4c8a-88d3-ee405f7e7928">
    </UnitTestResult>
    <UnitTestResult executionId="22bd3d03-3300-4c29-b274-70a906177f98" testId="863804d6-848a-c3bc-1e6d-6e95f526f8a5" testName="TestSpo2Valid" computerName="INGBTCPIC5NBZZ5" duration="00:00:00.0001150" startTime="2019-08-02T07:57:42.7829891+05:30" endTime="2019-08-02T07:57:42.7850266+05:30" testType="13cdc9d9-ddb5-4fa4-a97d-d965ccfc6d4b" outcome="Passed" testListId="8c84fa94-04c1-424b-9868-57a2d4851a1d" relativeResultsDirectory="22bd3d03-3300-4c29-b274-70a906177f98">
    </UnitTestResult>
    <UnitTestResult executionId="5df1a728-141c-4417-ae76-56475fba8695" testId="9dcd935f-7349-6bbb-9de8-8d3833ae9fe1" testName="TestTempBoundaryMinus1" computerName="INGBTCPIC5NBZZ5" duration="00:00:00.0002059" startTime="2019-08-02T07:57:42.7859911+05:30" endTime="2019-08-02T07:57:42.7879878+05:30" testType="13cdc9d9-ddb5-4fa4-a97d-d965ccfc6d4b" outcome="Passed" testListId="8c84fa94-04c1-424b-9868-57a2d4851a1d" relativeResultsDirectory="5df1a728-141c-4417-ae76-56475fba8695">
    </UnitTestResult>
    <UnitTestResult executionId="5075c083-01da-4062-aa5a-20fc3cb8af7d" testId="ddb96599-2344-1c94-7b25-024559ad73b3" testName="TestTempBoundaryPlus1" computerName="INGBTCPIC5NBZZ5" duration="00:00:00.0001576" startTime="2019-08-02T07:57:42.7889947+05:30" endTime="2019-08-02T07:57:42.7909882+05:30" testType="13cdc9d9-ddb5-4fa4-a97d-d965ccfc6d4b" outcome="Passed" testListId="8c84fa94-04c1-424b-9868-57a2d4851a1d" relativeResultsDirectory="5075c083-01da-4062-aa5a-20fc3cb8af7d">
    </UnitTestResult>
    <UnitTestResult executionId="b5b80467-2806-4c64-9aab-3635a4f5379d" testId="cd6cd233-ad01-65af-f5ad-a475e76877f6" testName="TestTempBoundaryZero" computerName="INGBTCPIC5NBZZ5" duration="00:00:00.0001634" startTime="2019-08-02T07:57:42.7919898+05:30" endTime="2019-08-02T07:57:42.7939967+05:30" testType="13cdc9d9-ddb5-4fa4-a97d-d965ccfc6d4b" outcome="Passed" testListId="8c84fa94-04c1-424b-9868-57a2d4851a1d" relativeResultsDirectory="b5b80467-2806-4c64-9aab-3635a4f5379d">
    </UnitTestResult>
    <UnitTestResult executionId="baf2e660-d4bc-46fd-a2ae-7fab658d30c1" testId="f67c9753-00ab-3f6b-09e9-82550a44cc31" testName="TestTempInvalid" computerName="INGBTCPIC5NBZZ5" duration="00:00:00.0001184" startTime="2019-08-02T07:57:42.7959897+05:30" endTime="2019-08-02T07:57:42.7970258+05:30" testType="13cdc9d9-ddb5-4fa4-a97d-d965ccfc6d4b" outcome="Passed" testListId="8c84fa94-04c1-424b-9868-57a2d4851a1d" relativeResultsDirectory="baf2e660-d4bc-46fd-a2ae-7fab658d30c1">
    </UnitTestResult>
    <UnitTestResult executionId="f2f7b297-777c-4214-bb0a-81338c8577a9" testId="243659e1-a994-f57b-1b27-a57cb21ffdc9" testName="TestTempValid" computerName="INGBTCPIC5NBZZ5" duration="00:00:00.0001237" startTime="2019-08-02T07:57:42.7979937+05:30" endTime="2019-08-02T07:57:42.7999893+05:30" testType="13cdc9d9-ddb5-4fa4-a97d-d965ccfc6d4b" outcome="Passed" testListId="8c84fa94-04c1-424b-9868-57a2d4851a1d" relativeResultsDirectory="f2f7b297-777c-4214-bb0a-81338c8577a9">
    </UnitTestResult>
  </Results>
</TestRun>