<?xml version="1.0" encoding="UTF-8"?>
<TestRun id="6d27631d-4caf-40b1-8d47-356011acf119" name="320067390@INGBTCPIC5NBZZ5 2019-08-02 07:55:52" runUser="CODE1\320067390" xmlns="http://microsoft.com/schemas/VisualStudio/TeamTest/2010">
  <TestSettings name="Default Test Settings" id="0897cd0d-20c6-447d-b6ce-e45b98c5ff4f">
    <Execution>
      <TestTypeSpecific />
      <AgentRule name="Execution Agents">
      </AgentRule>
    </Execution>
    <Deployment runDeploymentRoot="320067390_INGBTCPIC5NBZZ5 2019-08-02 07_55_52" />
    <Properties />
  </TestSettings>
  <Times creation="2019-08-02T07:55:52.8477529+05:30" queuing="2019-08-02T07:55:53.3267532+05:30" start="2019-08-02T07:55:53.3907534+05:30" finish="2019-08-02T07:55:53.9907873+05:30" />
  <ResultSummary outcome="Completed">
    <Counters total="15" executed="15" passed="15" error="0" failed="0" timeout="0" aborted="0" inconclusive="0" passedButRunAborted="0" notRunnable="0" notExecuted="0" disconnected="0" warning="0" completed="0" inProgress="0" pending="0" />
  </ResultSummary>
  <TestDefinitions>
    <UnitTest name="TestPulseValid" storage="c:\users\320067390\patientmonitor\patientmonitor-master\patientmonitertest\bin\debug\patientmonitertest.dll" id="2c962e9b-76f1-7164-b430-b1658e4812e5">
      <Execution id="9ea88730-3680-4beb-9810-0cea4a2c4f92" />
      <TestMethod codeBase="C:/Users/320067390/PatientMonitor/PatientMonitor-master/PatientMoniterTest/bin/Debug/PatientMoniterTest.DLL" adapterTypeName="Microsoft.VisualStudio.TestTools.TestTypes.Unit.UnitTestAdapter, Microsoft.VisualStudio.QualityTools.Tips.UnitTest.Adapter, Version=12.0.0.0, Culture=neutral, PublicKeyToken=b03f5f7f11d50a3a" className="PatientMoniterTest.UnitTest1, PatientMoniterTest, Version=1.0.0.0, Culture=neutral, PublicKeyToken=null" name="TestPulseValid" />
    </UnitTest>
    <UnitTest name="TestSpo2Valid" storage="c:\users\320067390\patientmonitor\patientmonitor-master\patientmonitertest\bin\debug\patientmonitertest.dll" id="863804d6-848a-c3bc-1e6d-6e95f526f8a5">
      <Execution id="e81c5fde-7d4e-4348-805e-cb19125ec2c2" />
      <TestMethod codeBase="C:/Users/320067390/PatientMonitor/PatientMonitor-master/PatientMoniterTest/bin/Debug/PatientMoniterTest.DLL" adapterTypeName="Microsoft.VisualStudio.TestTools.TestTypes.Unit.UnitTestAdapter, Microsoft.VisualStudio.QualityTools.Tips.UnitTest.Adapter, Version=12.0.0.0, Culture=neutral, PublicKeyToken=b03f5f7f11d50a3a" className="PatientMoniterTest.UnitTest1, PatientMoniterTest, Version=1.0.0.0, Culture=neutral, PublicKeyToken=null" name="TestSpo2Valid" />
    </UnitTest>
    <UnitTest name="TestTempBoundaryZero" storage="c:\users\320067390\patientmonitor\patientmonitor-master\patientmonitertest\bin\debug\patientmonitertest.dll" id="cd6cd233-ad01-65af-f5ad-a475e76877f6">
      <Execution id="0cdf5052-df8e-4a68-a755-d3f7d2ccf438" />
      <TestMethod codeBase="C:/Users/320067390/PatientMonitor/PatientMonitor-master/PatientMoniterTest/bin/Debug/PatientMoniterTest.DLL" adapterTypeName="Microsoft.VisualStudio.TestTools.TestTypes.Unit.UnitTestAdapter, Microsoft.VisualStudio.QualityTools.Tips.UnitTest.Adapter, Version=12.0.0.0, Culture=neutral, PublicKeyToken=b03f5f7f11d50a3a" className="PatientMoniterTest.UnitTest1, PatientMoniterTest, Version=1.0.0.0, Culture=neutral, PublicKeyToken=null" name="TestTempBoundaryZero" />
    </UnitTest>
    <UnitTest name="TestTempBoundaryMinus1" storage="c:\users\320067390\patientmonitor\patientmonitor-master\patientmonitertest\bin\debug\patientmonitertest.dll" id="9dcd935f-7349-6bbb-9de8-8d3833ae9fe1">
      <Execution id="071a59c2-6f5a-42d0-af0a-60ff33ca33d5" />
      <TestMethod codeBase="C:/Users/320067390/PatientMonitor/PatientMonitor-master/PatientMoniterTest/bin/Debug/PatientMoniterTest.DLL" adapterTypeName="Microsoft.VisualStudio.TestTools.TestTypes.Unit.UnitTestAdapter, Microsoft.VisualStudio.QualityTools.Tips.UnitTest.Adapter, Version=12.0.0.0, Culture=neutral, PublicKeyToken=b03f5f7f11d50a3a" className="PatientMoniterTest.UnitTest1, PatientMoniterTest, Version=1.0.0.0, Culture=neutral, PublicKeyToken=null" name="TestTempBoundaryMinus1" />
    </UnitTest>
    <UnitTest name="TestSpo2BoundaryPlus1" storage="c:\users\320067390\patientmonitor\patientmonitor-master\patientmonitertest\bin\debug\patientmonitertest.dll" id="6208f2e7-0714-47c5-55c1-c6e1cced7cca">
      <Execution id="d768b2d1-0ce0-4dea-8a41-364f99bfe519" />
      <TestMethod codeBase="C:/Users/320067390/PatientMonitor/PatientMonitor-master/PatientMoniterTest/bin/Debug/PatientMoniterTest.DLL" adapterTypeName="Microsoft.VisualStudio.TestTools.TestTypes.Unit.UnitTestAdapter, Microsoft.VisualStudio.QualityTools.Tips.UnitTest.Adapter, Version=12.0.0.0, Culture=neutral, PublicKeyToken=b03f5f7f11d50a3a" className="PatientMoniterTest.UnitTest1, PatientMoniterTest, Version=1.0.0.0, Culture=neutral, PublicKeyToken=null" name="TestSpo2BoundaryPlus1" />
    </UnitTest>
    <UnitTest name="TestPulseBoundaryMinus1" storage="c:\users\320067390\patientmonitor\patientmonitor-master\patientmonitertest\bin\debug\patientmonitertest.dll" id="a3de01fd-898c-6ef5-19df-fda7da7c5d5e">
      <Execution id="81f68f2b-b139-41d9-9a9e-6a2a35aa2743" />
      <TestMethod codeBase="C:/Users/320067390/PatientMonitor/PatientMonitor-master/PatientMoniterTest/bin/Debug/PatientMoniterTest.DLL" adapterTypeName="Microsoft.VisualStudio.TestTools.TestTypes.Unit.UnitTestAdapter, Microsoft.VisualStudio.QualityTools.Tips.UnitTest.Adapter, Version=12.0.0.0, Culture=neutral, PublicKeyToken=b03f5f7f11d50a3a" className="PatientMoniterTest.UnitTest1, PatientMoniterTest, Version=1.0.0.0, Culture=neutral, PublicKeyToken=null" name="TestPulseBoundaryMinus1" />
    </UnitTest>
    <UnitTest name="TestParameters" storage="c:\users\320067390\patientmonitor\patientmonitor-master\patientmonitertest\bin\debug\patientmonitertest.dll" id="fe8fb1fd-e8b7-42b4-e3ba-a4d743006a45">
      <Execution id="2e36e7bc-3a57-4bf6-b992-489f17f5b09b" />
      <TestMethod codeBase="C:/Users/320067390/PatientMonitor/PatientMonitor-master/PatientMoniterTest/bin/Debug/PatientMoniterTest.DLL" adapterTypeName="Microsoft.VisualStudio.TestTools.TestTypes.Unit.UnitTestAdapter, Microsoft.VisualStudio.QualityTools.Tips.UnitTest.Adapter, Version=12.0.0.0, Culture=neutral, PublicKeyToken=b03f5f7f11d50a3a" className="PatientMoniterTest.UnitTest1, PatientMoniterTest, Version=1.0.0.0, Culture=neutral, PublicKeyToken=null" name="TestParameters" />
    </UnitTest>
    <UnitTest name="TestPulseBoundaryZero" storage="c:\users\320067390\patientmonitor\patientmonitor-master\patientmonitertest\bin\debug\patientmonitertest.dll" id="a7ad3733-274e-6e22-39de-27a342be96f1">
      <Execution id="2f7b68d4-27db-4574-84ea-f59d5721d4ed" />
      <TestMethod codeBase="C:/Users/320067390/PatientMonitor/PatientMonitor-master/PatientMoniterTest/bin/Debug/PatientMoniterTest.DLL" adapterTypeName="Microsoft.VisualStudio.TestTools.TestTypes.Unit.UnitTestAdapter, Microsoft.VisualStudio.QualityTools.Tips.UnitTest.Adapter, Version=12.0.0.0, Culture=neutral, PublicKeyToken=b03f5f7f11d50a3a" className="PatientMoniterTest.UnitTest1, PatientMoniterTest, Version=1.0.0.0, Culture=neutral, PublicKeyToken=null" name="TestPulseBoundaryZero" />
    </UnitTest>
    <UnitTest name="TestSpo2Invalid" storage="c:\users\320067390\patientmonitor\patientmonitor-master\patientmonitertest\bin\debug\patientmonitertest.dll" id="f11216c1-f6d2-2b38-344f-0aaf7d599578">
      <Execution id="654afa3b-ac6d-4c63-b534-71469c62c567" />
      <TestMethod codeBase="C:/Users/320067390/PatientMonitor/PatientMonitor-master/PatientMoniterTest/bin/Debug/PatientMoniterTest.DLL" adapterTypeName="Microsoft.VisualStudio.TestTools.TestTypes.Unit.UnitTestAdapter, Microsoft.VisualStudio.QualityTools.Tips.UnitTest.Adapter, Version=12.0.0.0, Culture=neutral, PublicKeyToken=b03f5f7f11d50a3a" className="PatientMoniterTest.UnitTest1, PatientMoniterTest, Version=1.0.0.0, Culture=neutral, PublicKeyToken=null" name="TestSpo2Invalid" />
    </UnitTest>
    <UnitTest name="TestTempValid" storage="c:\users\320067390\patientmonitor\patientmonitor-master\patientmonitertest\bin\debug\patientmonitertest.dll" id="243659e1-a994-f57b-1b27-a57cb21ffdc9">
      <Execution id="d4ad2947-9708-4563-83c1-8887404a18f9" />
      <TestMethod codeBase="C:/Users/320067390/PatientMonitor/PatientMonitor-master/PatientMoniterTest/bin/Debug/PatientMoniterTest.DLL" adapterTypeName="Microsoft.VisualStudio.TestTools.TestTypes.Unit.UnitTestAdapter, Microsoft.VisualStudio.QualityTools.Tips.UnitTest.Adapter, Version=12.0.0.0, Culture=neutral, PublicKeyToken=b03f5f7f11d50a3a" className="PatientMoniterTest.UnitTest1, PatientMoniterTest, Version=1.0.0.0, Culture=neutral, PublicKeyToken=null" name="TestTempValid" />
    </UnitTest>
    <UnitTest name="TestSpo2BoundaryMinus1" storage="c:\users\320067390\patientmonitor\patientmonitor-master\patientmonitertest\bin\debug\patientmonitertest.dll" id="b149617e-1949-d2d2-d3a7-513026d30454">
      <Execution id="f99a6b57-0ee5-4d19-b6c0-de8acc595008" />
      <TestMethod codeBase="C:/Users/320067390/PatientMonitor/PatientMonitor-master/PatientMoniterTest/bin/Debug/PatientMoniterTest.DLL" adapterTypeName="Microsoft.VisualStudio.TestTools.TestTypes.Unit.UnitTestAdapter, Microsoft.VisualStudio.QualityTools.Tips.UnitTest.Adapter, Version=12.0.0.0, Culture=neutral, PublicKeyToken=b03f5f7f11d50a3a" className="PatientMoniterTest.UnitTest1, PatientMoniterTest, Version=1.0.0.0, Culture=neutral, PublicKeyToken=null" name="TestSpo2BoundaryMinus1" />
    </UnitTest>
    <UnitTest name="TestTempInvalid" storage="c:\users\320067390\patientmonitor\patientmonitor-master\patientmonitertest\bin\debug\patientmonitertest.dll" id="f67c9753-00ab-3f6b-09e9-82550a44cc31">
      <Execution id="3aeec0c5-8bfa-475a-ade0-02b15f2634df" />
      <TestMethod codeBase="C:/Users/320067390/PatientMonitor/PatientMonitor-master/PatientMoniterTest/bin/Debug/PatientMoniterTest.DLL" adapterTypeName="Microsoft.VisualStudio.TestTools.TestTypes.Unit.UnitTestAdapter, Microsoft.VisualStudio.QualityTools.Tips.UnitTest.Adapter, Version=12.0.0.0, Culture=neutral, PublicKeyToken=b03f5f7f11d50a3a" className="PatientMoniterTest.UnitTest1, PatientMoniterTest, Version=1.0.0.0, Culture=neutral, PublicKeyToken=null" name="TestTempInvalid" />
    </UnitTest>
    <UnitTest name="TestPulseInvalid" storage="c:\users\320067390\patientmonitor\patientmonitor-master\patientmonitertest\bin\debug\patientmonitertest.dll" id="9e00be19-a6e0-0e25-22db-3f57d8cdbb52">
      <Execution id="b71ed199-01c0-4414-bdec-a4e838296c0d" />
      <TestMethod codeBase="C:/Users/320067390/PatientMonitor/PatientMonitor-master/PatientMoniterTest/bin/Debug/PatientMoniterTest.DLL" adapterTypeName="Microsoft.VisualStudio.TestTools.TestTypes.Unit.UnitTestAdapter, Microsoft.VisualStudio.QualityTools.Tips.UnitTest.Adapter, Version=12.0.0.0, Culture=neutral, PublicKeyToken=b03f5f7f11d50a3a" className="PatientMoniterTest.UnitTest1, PatientMoniterTest, Version=1.0.0.0, Culture=neutral, PublicKeyToken=null" name="TestPulseInvalid" />
    </UnitTest>
    <UnitTest name="TestSpo2Boundaryzero" storage="c:\users\320067390\patientmonitor\patientmonitor-master\patientmonitertest\bin\debug\patientmonitertest.dll" id="4c98a5a0-9b82-2483-26bc-2d4b9b928055">
      <Execution id="2018792f-d814-4569-bb30-9f29e081e7e4" />
      <TestMethod codeBase="C:/Users/320067390/PatientMonitor/PatientMonitor-master/PatientMoniterTest/bin/Debug/PatientMoniterTest.DLL" adapterTypeName="Microsoft.VisualStudio.TestTools.TestTypes.Unit.UnitTestAdapter, Microsoft.VisualStudio.QualityTools.Tips.UnitTest.Adapter, Version=12.0.0.0, Culture=neutral, PublicKeyToken=b03f5f7f11d50a3a" className="PatientMoniterTest.UnitTest1, PatientMoniterTest, Version=1.0.0.0, Culture=neutral, PublicKeyToken=null" name="TestSpo2Boundaryzero" />
    </UnitTest>
    <UnitTest name="TestPulseBoundaryPlus1" storage="c:\users\320067390\patientmonitor\patientmonitor-master\patientmonitertest\bin\debug\patientmonitertest.dll" id="c9c88640-010c-0138-ad8b-90168ca225de">
      <Execution id="dea580e3-8f7a-41b5-8f80-655a95a2332a" />
      <TestMethod codeBase="C:/Users/320067390/PatientMonitor/PatientMonitor-master/PatientMoniterTest/bin/Debug/PatientMoniterTest.DLL" adapterTypeName="Microsoft.VisualStudio.TestTools.TestTypes.Unit.UnitTestAdapter, Microsoft.VisualStudio.QualityTools.Tips.UnitTest.Adapter, Version=12.0.0.0, Culture=neutral, PublicKeyToken=b03f5f7f11d50a3a" className="PatientMoniterTest.UnitTest1, PatientMoniterTest, Version=1.0.0.0, Culture=neutral, PublicKeyToken=null" name="TestPulseBoundaryPlus1" />
    </UnitTest>
  </TestDefinitions>
  <TestLists>
    <TestList name="Results Not in a List" id="8c84fa94-04c1-424b-9868-57a2d4851a1d" />
    <TestList name="All Loaded Results" id="19431567-8539-422a-85d7-44ee4e166bda" />
  </TestLists>
  <TestEntries>
    <TestEntry testId="fe8fb1fd-e8b7-42b4-e3ba-a4d743006a45" executionId="2e36e7bc-3a57-4bf6-b992-489f17f5b09b" testListId="8c84fa94-04c1-424b-9868-57a2d4851a1d" />
    <TestEntry testId="a3de01fd-898c-6ef5-19df-fda7da7c5d5e" executionId="81f68f2b-b139-41d9-9a9e-6a2a35aa2743" testListId="8c84fa94-04c1-424b-9868-57a2d4851a1d" />
    <TestEntry testId="c9c88640-010c-0138-ad8b-90168ca225de" executionId="dea580e3-8f7a-41b5-8f80-655a95a2332a" testListId="8c84fa94-04c1-424b-9868-57a2d4851a1d" />
    <TestEntry testId="a7ad3733-274e-6e22-39de-27a342be96f1" executionId="2f7b68d4-27db-4574-84ea-f59d5721d4ed" testListId="8c84fa94-04c1-424b-9868-57a2d4851a1d" />
    <TestEntry testId="9e00be19-a6e0-0e25-22db-3f57d8cdbb52" executionId="b71ed199-01c0-4414-bdec-a4e838296c0d" testListId="8c84fa94-04c1-424b-9868-57a2d4851a1d" />
    <TestEntry testId="2c962e9b-76f1-7164-b430-b1658e4812e5" executionId="9ea88730-3680-4beb-9810-0cea4a2c4f92" testListId="8c84fa94-04c1-424b-9868-57a2d4851a1d" />
    <TestEntry testId="b149617e-1949-d2d2-d3a7-513026d30454" executionId="f99a6b57-0ee5-4d19-b6c0-de8acc595008" testListId="8c84fa94-04c1-424b-9868-57a2d4851a1d" />
    <TestEntry testId="6208f2e7-0714-47c5-55c1-c6e1cced7cca" executionId="d768b2d1-0ce0-4dea-8a41-364f99bfe519" testListId="8c84fa94-04c1-424b-9868-57a2d4851a1d" />
    <TestEntry testId="4c98a5a0-9b82-2483-26bc-2d4b9b928055" executionId="2018792f-d814-4569-bb30-9f29e081e7e4" testListId="8c84fa94-04c1-424b-9868-57a2d4851a1d" />
    <TestEntry testId="f11216c1-f6d2-2b38-344f-0aaf7d599578" executionId="654afa3b-ac6d-4c63-b534-71469c62c567" testListId="8c84fa94-04c1-424b-9868-57a2d4851a1d" />
    <TestEntry testId="863804d6-848a-c3bc-1e6d-6e95f526f8a5" executionId="e81c5fde-7d4e-4348-805e-cb19125ec2c2" testListId="8c84fa94-04c1-424b-9868-57a2d4851a1d" />
    <TestEntry testId="9dcd935f-7349-6bbb-9de8-8d3833ae9fe1" executionId="071a59c2-6f5a-42d0-af0a-60ff33ca33d5" testListId="8c84fa94-04c1-424b-9868-57a2d4851a1d" />
    <TestEntry testId="cd6cd233-ad01-65af-f5ad-a475e76877f6" executionId="0cdf5052-df8e-4a68-a755-d3f7d2ccf438" testListId="8c84fa94-04c1-424b-9868-57a2d4851a1d" />
    <TestEntry testId="f67c9753-00ab-3f6b-09e9-82550a44cc31" executionId="3aeec0c5-8bfa-475a-ade0-02b15f2634df" testListId="8c84fa94-04c1-424b-9868-57a2d4851a1d" />
    <TestEntry testId="243659e1-a994-f57b-1b27-a57cb21ffdc9" executionId="d4ad2947-9708-4563-83c1-8887404a18f9" testListId="8c84fa94-04c1-424b-9868-57a2d4851a1d" />
  </TestEntries>
  <Results>
    <UnitTestResult executionId="2e36e7bc-3a57-4bf6-b992-489f17f5b09b" testId="fe8fb1fd-e8b7-42b4-e3ba-a4d743006a45" testName="TestParameters" computerName="INGBTCPIC5NBZZ5" duration="00:00:00.0462990" startTime="2019-08-02T07:55:53.4167532+05:30" endTime="2019-08-02T07:55:53.8447583+05:30" testType="13cdc9d9-ddb5-4fa4-a97d-d965ccfc6d4b" outcome="Passed" testListId="8c84fa94-04c1-424b-9868-57a2d4851a1d" relativeResultsDirectory="2e36e7bc-3a57-4bf6-b992-489f17f5b09b">
    </UnitTestResult>
    <UnitTestResult executionId="81f68f2b-b139-41d9-9a9e-6a2a35aa2743" testId="a3de01fd-898c-6ef5-19df-fda7da7c5d5e" testName="TestPulseBoundaryMinus1" computerName="INGBTCPIC5NBZZ5" duration="00:00:00.0014151" startTime="2019-08-02T07:55:53.8467580+05:30" endTime="2019-08-02T07:55:53.8517565+05:30" testType="13cdc9d9-ddb5-4fa4-a97d-d965ccfc6d4b" outcome="Passed" testListId="8c84fa94-04c1-424b-9868-57a2d4851a1d" relativeResultsDirectory="81f68f2b-b139-41d9-9a9e-6a2a35aa2743">
    </UnitTestResult>
    <UnitTestResult executionId="dea580e3-8f7a-41b5-8f80-655a95a2332a" testId="c9c88640-010c-0138-ad8b-90168ca225de" testName="TestPulseBoundaryPlus1" computerName="INGBTCPIC5NBZZ5" duration="00:00:00.0001943" startTime="2019-08-02T07:55:53.8537567+05:30" endTime="2019-08-02T07:55:53.8567562+05:30" testType="13cdc9d9-ddb5-4fa4-a97d-d965ccfc6d4b" outcome="Passed" testListId="8c84fa94-04c1-424b-9868-57a2d4851a1d" relativeResultsDirectory="dea580e3-8f7a-41b5-8f80-655a95a2332a">
    </UnitTestResult>
    <UnitTestResult executionId="2f7b68d4-27db-4574-84ea-f59d5721d4ed" testId="a7ad3733-274e-6e22-39de-27a342be96f1" testName="TestPulseBoundaryZero" computerName="INGBTCPIC5NBZZ5" duration="00:00:00.0002421" startTime="2019-08-02T07:55:53.8577575+05:30" endTime="2019-08-02T07:55:53.8607598+05:30" testType="13cdc9d9-ddb5-4fa4-a97d-d965ccfc6d4b" outcome="Passed" testListId="8c84fa94-04c1-424b-9868-57a2d4851a1d" relativeResultsDirectory="2f7b68d4-27db-4574-84ea-f59d5721d4ed">
    </UnitTestResult>
    <UnitTestResult executionId="b71ed199-01c0-4414-bdec-a4e838296c0d" testId="9e00be19-a6e0-0e25-22db-3f57d8cdbb52" testName="TestPulseInvalid" computerName="INGBTCPIC5NBZZ5" duration="00:00:00.0001997" startTime="2019-08-02T07:55:53.8627584+05:30" endTime="2019-08-02T07:55:53.8677573+05:30" testType="13cdc9d9-ddb5-4fa4-a97d-d965ccfc6d4b" outcome="Passed" testListId="8c84fa94-04c1-424b-9868-57a2d4851a1d" relativeResultsDirectory="b71ed199-01c0-4414-bdec-a4e838296c0d">
    </UnitTestResult>
    <UnitTestResult executionId="9ea88730-3680-4beb-9810-0cea4a2c4f92" testId="2c962e9b-76f1-7164-b430-b1658e4812e5" testName="TestPulseValid" computerName="INGBTCPIC5NBZZ5" duration="00:00:00.0003053" startTime="2019-08-02T07:55:53.8697703+05:30" endTime="2019-08-02T07:55:53.8727567+05:30" testType="13cdc9d9-ddb5-4fa4-a97d-d965ccfc6d4b" outcome="Passed" testListId="8c84fa94-04c1-424b-9868-57a2d4851a1d" relativeResultsDirectory="9ea88730-3680-4beb-9810-0cea4a2c4f92">
    </UnitTestResult>
    <UnitTestResult executionId="f99a6b57-0ee5-4d19-b6c0-de8acc595008" testId="b149617e-1949-d2d2-d3a7-513026d30454" testName="TestSpo2BoundaryMinus1" computerName="INGBTCPIC5NBZZ5" duration="00:00:00.0002849" startTime="2019-08-02T07:55:53.8757589+05:30" endTime="2019-08-02T07:55:53.8807588+05:30" testType="13cdc9d9-ddb5-4fa4-a97d-d965ccfc6d4b" outcome="Passed" testListId="8c84fa94-04c1-424b-9868-57a2d4851a1d" relativeResultsDirectory="f99a6b57-0ee5-4d19-b6c0-de8acc595008">
    </UnitTestResult>
    <UnitTestResult executionId="d768b2d1-0ce0-4dea-8a41-364f99bfe519" testId="6208f2e7-0714-47c5-55c1-c6e1cced7cca" testName="TestSpo2BoundaryPlus1" computerName="INGBTCPIC5NBZZ5" duration="00:00:00.0009848" startTime="2019-08-02T07:55:53.8827570+05:30" endTime="2019-08-02T07:55:53.8957577+05:30" testType="13cdc9d9-ddb5-4fa4-a97d-d965ccfc6d4b" outcome="Passed" testListId="8c84fa94-04c1-424b-9868-57a2d4851a1d" relativeResultsDirectory="d768b2d1-0ce0-4dea-8a41-364f99bfe519">
    </UnitTestResult>
    <UnitTestResult executionId="2018792f-d814-4569-bb30-9f29e081e7e4" testId="4c98a5a0-9b82-2483-26bc-2d4b9b928055" testName="TestSpo2Boundaryzero" computerName="INGBTCPIC5NBZZ5" duration="00:00:00.0002682" startTime="2019-08-02T07:55:53.8997586+05:30" endTime="2019-08-02T07:55:53.9047649+05:30" testType="13cdc9d9-ddb5-4fa4-a97d-d965ccfc6d4b" outcome="Passed" testListId="8c84fa94-04c1-424b-9868-57a2d4851a1d" relativeResultsDirectory="2018792f-d814-4569-bb30-9f29e081e7e4">
    </UnitTestResult>
    <UnitTestResult executionId="654afa3b-ac6d-4c63-b534-71469c62c567" testId="f11216c1-f6d2-2b38-344f-0aaf7d599578" testName="TestSpo2Invalid" computerName="INGBTCPIC5NBZZ5" duration="00:00:00.0002143" startTime="2019-08-02T07:55:53.9067569+05:30" endTime="2019-08-02T07:55:53.9097560+05:30" testType="13cdc9d9-ddb5-4fa4-a97d-d965ccfc6d4b" outcome="Passed" testListId="8c84fa94-04c1-424b-9868-57a2d4851a1d" relativeResultsDirectory="654afa3b-ac6d-4c63-b534-71469c62c567">
    </UnitTestResult>
    <UnitTestResult executionId="e81c5fde-7d4e-4348-805e-cb19125ec2c2" testId="863804d6-848a-c3bc-1e6d-6e95f526f8a5" testName="TestSpo2Valid" computerName="INGBTCPIC5NBZZ5" duration="00:00:00.0003864" startTime="2019-08-02T07:55:53.9127585+05:30" endTime="2019-08-02T07:55:53.9167573+05:30" testType="13cdc9d9-ddb5-4fa4-a97d-d965ccfc6d4b" outcome="Passed" testListId="8c84fa94-04c1-424b-9868-57a2d4851a1d" relativeResultsDirectory="e81c5fde-7d4e-4348-805e-cb19125ec2c2">
    </UnitTestResult>
    <UnitTestResult executionId="071a59c2-6f5a-42d0-af0a-60ff33ca33d5" testId="9dcd935f-7349-6bbb-9de8-8d3833ae9fe1" testName="TestTempBoundaryMinus1" computerName="INGBTCPIC5NBZZ5" duration="00:00:00.0004605" startTime="2019-08-02T07:55:53.9187582+05:30" endTime="2019-08-02T07:55:53.9217567+05:30" testType="13cdc9d9-ddb5-4fa4-a97d-d965ccfc6d4b" outcome="Passed" testListId="8c84fa94-04c1-424b-9868-57a2d4851a1d" relativeResultsDirectory="071a59c2-6f5a-42d0-af0a-60ff33ca33d5">
    </UnitTestResult>
    <UnitTestResult executionId="0cdf5052-df8e-4a68-a755-d3f7d2ccf438" testId="cd6cd233-ad01-65af-f5ad-a475e76877f6" testName="TestTempBoundaryZero" computerName="INGBTCPIC5NBZZ5" duration="00:00:00.0002903" startTime="2019-08-02T07:55:53.9257581+05:30" endTime="2019-08-02T07:55:53.9297612+05:30" testType="13cdc9d9-ddb5-4fa4-a97d-d965ccfc6d4b" outcome="Passed" testListId="8c84fa94-04c1-424b-9868-57a2d4851a1d" relativeResultsDirectory="0cdf5052-df8e-4a68-a755-d3f7d2ccf438">
    </UnitTestResult>
    <UnitTestResult executionId="3aeec0c5-8bfa-475a-ade0-02b15f2634df" testId="f67c9753-00ab-3f6b-09e9-82550a44cc31" testName="TestTempInvalid" computerName="INGBTCPIC5NBZZ5" duration="00:00:00.0003592" startTime="2019-08-02T07:55:53.9317608+05:30" endTime="2019-08-02T07:55:53.9357578+05:30" testType="13cdc9d9-ddb5-4fa4-a97d-d965ccfc6d4b" outcome="Passed" testListId="8c84fa94-04c1-424b-9868-57a2d4851a1d" relativeResultsDirectory="3aeec0c5-8bfa-475a-ade0-02b15f2634df">
    </UnitTestResult>
    <UnitTestResult executionId="d4ad2947-9708-4563-83c1-8887404a18f9" testId="243659e1-a994-f57b-1b27-a57cb21ffdc9" testName="TestTempValid" computerName="INGBTCPIC5NBZZ5" duration="00:00:00.0002367" startTime="2019-08-02T07:55:53.9377605+05:30" endTime="2019-08-02T07:55:53.9417599+05:30" testType="13cdc9d9-ddb5-4fa4-a97d-d965ccfc6d4b" outcome="Passed" testListId="8c84fa94-04c1-424b-9868-57a2d4851a1d" relativeResultsDirectory="d4ad2947-9708-4563-83c1-8887404a18f9">
    </UnitTestResult>
  </Results>
</TestRun>