<?xml version="1.0" encoding="UTF-8"?>
<TestRun id="095da926-8099-4ce4-9842-93544f149a97" name="320067581@INGBTCPIC5NBZZ4 2019-08-02 13:04:51" runUser="CODE1\320067581" xmlns="http://microsoft.com/schemas/VisualStudio/TeamTest/2010">
  <TestSettings name="Default Test Settings" id="831d7b4b-8d1c-41d7-bf88-daee29d44662">
    <Execution>
      <TestTypeSpecific />
      <AgentRule name="Execution Agents">
      </AgentRule>
    </Execution>
    <Deployment runDeploymentRoot="320067581_INGBTCPIC5NBZZ4 2019-08-02 13_04_51" />
    <Properties />
  </TestSettings>
  <Times creation="2019-08-02T13:04:51.1329340+05:30" queuing="2019-08-02T13:04:51.6349378+05:30" start="2019-08-02T13:04:51.7069428+05:30" finish="2019-08-02T13:04:52.1034360+05:30" />
  <ResultSummary outcome="Completed">
    <Counters total="16" executed="16" passed="16" error="0" failed="0" timeout="0" aborted="0" inconclusive="0" passedButRunAborted="0" notRunnable="0" notExecuted="0" disconnected="0" warning="0" completed="0" inProgress="0" pending="0" />
  </ResultSummary>
  <TestDefinitions>
    <UnitTest name="TestPulseValid" storage="c:\users\320067581\patientmonitor\patientmonitor-master\patientmonitertest\bin\debug\patientmonitertest.dll" id="2c962e9b-76f1-7164-b430-b1658e4812e5">
      <Execution id="3a8761af-59b4-4229-af95-c0672ee6e428" />
      <TestMethod codeBase="C:/Users/320067581/PatientMonitor/PatientMonitor-master/PatientMoniterTest/bin/Debug/PatientMoniterTest.DLL" adapterTypeName="Microsoft.VisualStudio.TestTools.TestTypes.Unit.UnitTestAdapter, Microsoft.VisualStudio.QualityTools.Tips.UnitTest.Adapter, Version=12.0.0.0, Culture=neutral, PublicKeyToken=b03f5f7f11d50a3a" className="PatientMoniterTest.UnitTest1, PatientMoniterTest, Version=1.0.0.0, Culture=neutral, PublicKeyToken=null" name="TestPulseValid" />
    </UnitTest>
    <UnitTest name="TestSpo2Valid" storage="c:\users\320067581\patientmonitor\patientmonitor-master\patientmonitertest\bin\debug\patientmonitertest.dll" id="863804d6-848a-c3bc-1e6d-6e95f526f8a5">
      <Execution id="460ec3d1-fc1d-4d85-9a81-5ca50dcc37b3" />
      <TestMethod codeBase="C:/Users/320067581/PatientMonitor/PatientMonitor-master/PatientMoniterTest/bin/Debug/PatientMoniterTest.DLL" adapterTypeName="Microsoft.VisualStudio.TestTools.TestTypes.Unit.UnitTestAdapter, Microsoft.VisualStudio.QualityTools.Tips.UnitTest.Adapter, Version=12.0.0.0, Culture=neutral, PublicKeyToken=b03f5f7f11d50a3a" className="PatientMoniterTest.UnitTest1, PatientMoniterTest, Version=1.0.0.0, Culture=neutral, PublicKeyToken=null" name="TestSpo2Valid" />
    </UnitTest>
    <UnitTest name="TestTempBoundaryZero" storage="c:\users\320067581\patientmonitor\patientmonitor-master\patientmonitertest\bin\debug\patientmonitertest.dll" id="cd6cd233-ad01-65af-f5ad-a475e76877f6">
      <Execution id="af11740f-1fe0-4db9-9d3f-9b6d3f0020a4" />
      <TestMethod codeBase="C:/Users/320067581/PatientMonitor/PatientMonitor-master/PatientMoniterTest/bin/Debug/PatientMoniterTest.DLL" adapterTypeName="Microsoft.VisualStudio.TestTools.TestTypes.Unit.UnitTestAdapter, Microsoft.VisualStudio.QualityTools.Tips.UnitTest.Adapter, Version=12.0.0.0, Culture=neutral, PublicKeyToken=b03f5f7f11d50a3a" className="PatientMoniterTest.UnitTest1, PatientMoniterTest, Version=1.0.0.0, Culture=neutral, PublicKeyToken=null" name="TestTempBoundaryZero" />
    </UnitTest>
    <UnitTest name="TestTempBoundaryMinus1" storage="c:\users\320067581\patientmonitor\patientmonitor-master\patientmonitertest\bin\debug\patientmonitertest.dll" id="9dcd935f-7349-6bbb-9de8-8d3833ae9fe1">
      <Execution id="43c8ee83-d772-4550-98aa-55d0d7358617" />
      <TestMethod codeBase="C:/Users/320067581/PatientMonitor/PatientMonitor-master/PatientMoniterTest/bin/Debug/PatientMoniterTest.DLL" adapterTypeName="Microsoft.VisualStudio.TestTools.TestTypes.Unit.UnitTestAdapter, Microsoft.VisualStudio.QualityTools.Tips.UnitTest.Adapter, Version=12.0.0.0, Culture=neutral, PublicKeyToken=b03f5f7f11d50a3a" className="PatientMoniterTest.UnitTest1, PatientMoniterTest, Version=1.0.0.0, Culture=neutral, PublicKeyToken=null" name="TestTempBoundaryMinus1" />
    </UnitTest>
    <UnitTest name="TestSpo2BoundaryPlus1" storage="c:\users\320067581\patientmonitor\patientmonitor-master\patientmonitertest\bin\debug\patientmonitertest.dll" id="6208f2e7-0714-47c5-55c1-c6e1cced7cca">
      <Execution id="3f63ffd6-91dd-42b9-9864-407acbab94f2" />
      <TestMethod codeBase="C:/Users/320067581/PatientMonitor/PatientMonitor-master/PatientMoniterTest/bin/Debug/PatientMoniterTest.DLL" adapterTypeName="Microsoft.VisualStudio.TestTools.TestTypes.Unit.UnitTestAdapter, Microsoft.VisualStudio.QualityTools.Tips.UnitTest.Adapter, Version=12.0.0.0, Culture=neutral, PublicKeyToken=b03f5f7f11d50a3a" className="PatientMoniterTest.UnitTest1, PatientMoniterTest, Version=1.0.0.0, Culture=neutral, PublicKeyToken=null" name="TestSpo2BoundaryPlus1" />
    </UnitTest>
    <UnitTest name="TestPulseBoundaryMinus1" storage="c:\users\320067581\patientmonitor\patientmonitor-master\patientmonitertest\bin\debug\patientmonitertest.dll" id="a3de01fd-898c-6ef5-19df-fda7da7c5d5e">
      <Execution id="640a519b-6b2c-4dd2-8523-ee1fbe81d97f" />
      <TestMethod codeBase="C:/Users/320067581/PatientMonitor/PatientMonitor-master/PatientMoniterTest/bin/Debug/PatientMoniterTest.DLL" adapterTypeName="Microsoft.VisualStudio.TestTools.TestTypes.Unit.UnitTestAdapter, Microsoft.VisualStudio.QualityTools.Tips.UnitTest.Adapter, Version=12.0.0.0, Culture=neutral, PublicKeyToken=b03f5f7f11d50a3a" className="PatientMoniterTest.UnitTest1, PatientMoniterTest, Version=1.0.0.0, Culture=neutral, PublicKeyToken=null" name="TestPulseBoundaryMinus1" />
    </UnitTest>
    <UnitTest name="TestParameters" storage="c:\users\320067581\patientmonitor\patientmonitor-master\patientmonitertest\bin\debug\patientmonitertest.dll" id="fe8fb1fd-e8b7-42b4-e3ba-a4d743006a45">
      <Execution id="7e0fb5c1-793f-411e-8161-84f9dea50db0" />
      <TestMethod codeBase="C:/Users/320067581/PatientMonitor/PatientMonitor-master/PatientMoniterTest/bin/Debug/PatientMoniterTest.DLL" adapterTypeName="Microsoft.VisualStudio.TestTools.TestTypes.Unit.UnitTestAdapter, Microsoft.VisualStudio.QualityTools.Tips.UnitTest.Adapter, Version=12.0.0.0, Culture=neutral, PublicKeyToken=b03f5f7f11d50a3a" className="PatientMoniterTest.UnitTest1, PatientMoniterTest, Version=1.0.0.0, Culture=neutral, PublicKeyToken=null" name="TestParameters" />
    </UnitTest>
    <UnitTest name="TestPulseBoundaryZero" storage="c:\users\320067581\patientmonitor\patientmonitor-master\patientmonitertest\bin\debug\patientmonitertest.dll" id="a7ad3733-274e-6e22-39de-27a342be96f1">
      <Execution id="1f9e2b99-2cac-4071-91de-d781b16224af" />
      <TestMethod codeBase="C:/Users/320067581/PatientMonitor/PatientMonitor-master/PatientMoniterTest/bin/Debug/PatientMoniterTest.DLL" adapterTypeName="Microsoft.VisualStudio.TestTools.TestTypes.Unit.UnitTestAdapter, Microsoft.VisualStudio.QualityTools.Tips.UnitTest.Adapter, Version=12.0.0.0, Culture=neutral, PublicKeyToken=b03f5f7f11d50a3a" className="PatientMoniterTest.UnitTest1, PatientMoniterTest, Version=1.0.0.0, Culture=neutral, PublicKeyToken=null" name="TestPulseBoundaryZero" />
    </UnitTest>
    <UnitTest name="TestSpo2Invalid" storage="c:\users\320067581\patientmonitor\patientmonitor-master\patientmonitertest\bin\debug\patientmonitertest.dll" id="f11216c1-f6d2-2b38-344f-0aaf7d599578">
      <Execution id="11fa1966-e865-45f4-8695-2cfa08cc5939" />
      <TestMethod codeBase="C:/Users/320067581/PatientMonitor/PatientMonitor-master/PatientMoniterTest/bin/Debug/PatientMoniterTest.DLL" adapterTypeName="Microsoft.VisualStudio.TestTools.TestTypes.Unit.UnitTestAdapter, Microsoft.VisualStudio.QualityTools.Tips.UnitTest.Adapter, Version=12.0.0.0, Culture=neutral, PublicKeyToken=b03f5f7f11d50a3a" className="PatientMoniterTest.UnitTest1, PatientMoniterTest, Version=1.0.0.0, Culture=neutral, PublicKeyToken=null" name="TestSpo2Invalid" />
    </UnitTest>
    <UnitTest name="TestTempValid" storage="c:\users\320067581\patientmonitor\patientmonitor-master\patientmonitertest\bin\debug\patientmonitertest.dll" id="243659e1-a994-f57b-1b27-a57cb21ffdc9">
      <Execution id="cc98179b-1ec6-47c9-bc44-e96f31b0c740" />
      <TestMethod codeBase="C:/Users/320067581/PatientMonitor/PatientMonitor-master/PatientMoniterTest/bin/Debug/PatientMoniterTest.DLL" adapterTypeName="Microsoft.VisualStudio.TestTools.TestTypes.Unit.UnitTestAdapter, Microsoft.VisualStudio.QualityTools.Tips.UnitTest.Adapter, Version=12.0.0.0, Culture=neutral, PublicKeyToken=b03f5f7f11d50a3a" className="PatientMoniterTest.UnitTest1, PatientMoniterTest, Version=1.0.0.0, Culture=neutral, PublicKeyToken=null" name="TestTempValid" />
    </UnitTest>
    <UnitTest name="TestSpo2BoundaryMinus1" storage="c:\users\320067581\patientmonitor\patientmonitor-master\patientmonitertest\bin\debug\patientmonitertest.dll" id="b149617e-1949-d2d2-d3a7-513026d30454">
      <Execution id="bc149a05-79a6-428a-b055-ac3f0ee9dbf5" />
      <TestMethod codeBase="C:/Users/320067581/PatientMonitor/PatientMonitor-master/PatientMoniterTest/bin/Debug/PatientMoniterTest.DLL" adapterTypeName="Microsoft.VisualStudio.TestTools.TestTypes.Unit.UnitTestAdapter, Microsoft.VisualStudio.QualityTools.Tips.UnitTest.Adapter, Version=12.0.0.0, Culture=neutral, PublicKeyToken=b03f5f7f11d50a3a" className="PatientMoniterTest.UnitTest1, PatientMoniterTest, Version=1.0.0.0, Culture=neutral, PublicKeyToken=null" name="TestSpo2BoundaryMinus1" />
    </UnitTest>
    <UnitTest name="TestTempBoundaryPlus1" storage="c:\users\320067581\patientmonitor\patientmonitor-master\patientmonitertest\bin\debug\patientmonitertest.dll" id="ddb96599-2344-1c94-7b25-024559ad73b3">
      <Execution id="0e3ace31-bcd4-461a-9e39-0b7999bf26b5" />
      <TestMethod codeBase="C:/Users/320067581/PatientMonitor/PatientMonitor-master/PatientMoniterTest/bin/Debug/PatientMoniterTest.DLL" adapterTypeName="Microsoft.VisualStudio.TestTools.TestTypes.Unit.UnitTestAdapter, Microsoft.VisualStudio.QualityTools.Tips.UnitTest.Adapter, Version=12.0.0.0, Culture=neutral, PublicKeyToken=b03f5f7f11d50a3a" className="PatientMoniterTest.UnitTest1, PatientMoniterTest, Version=1.0.0.0, Culture=neutral, PublicKeyToken=null" name="TestTempBoundaryPlus1" />
    </UnitTest>
    <UnitTest name="TestTempInvalid" storage="c:\users\320067581\patientmonitor\patientmonitor-master\patientmonitertest\bin\debug\patientmonitertest.dll" id="f67c9753-00ab-3f6b-09e9-82550a44cc31">
      <Execution id="05c52eb5-787e-4e62-acd2-a936dfbfcc3c" />
      <TestMethod codeBase="C:/Users/320067581/PatientMonitor/PatientMonitor-master/PatientMoniterTest/bin/Debug/PatientMoniterTest.DLL" adapterTypeName="Microsoft.VisualStudio.TestTools.TestTypes.Unit.UnitTestAdapter, Microsoft.VisualStudio.QualityTools.Tips.UnitTest.Adapter, Version=12.0.0.0, Culture=neutral, PublicKeyToken=b03f5f7f11d50a3a" className="PatientMoniterTest.UnitTest1, PatientMoniterTest, Version=1.0.0.0, Culture=neutral, PublicKeyToken=null" name="TestTempInvalid" />
    </UnitTest>
    <UnitTest name="TestPulseInvalid" storage="c:\users\320067581\patientmonitor\patientmonitor-master\patientmonitertest\bin\debug\patientmonitertest.dll" id="9e00be19-a6e0-0e25-22db-3f57d8cdbb52">
      <Execution id="be4bf7e3-eb27-4548-9d2d-3aebab085627" />
      <TestMethod codeBase="C:/Users/320067581/PatientMonitor/PatientMonitor-master/PatientMoniterTest/bin/Debug/PatientMoniterTest.DLL" adapterTypeName="Microsoft.VisualStudio.TestTools.TestTypes.Unit.UnitTestAdapter, Microsoft.VisualStudio.QualityTools.Tips.UnitTest.Adapter, Version=12.0.0.0, Culture=neutral, PublicKeyToken=b03f5f7f11d50a3a" className="PatientMoniterTest.UnitTest1, PatientMoniterTest, Version=1.0.0.0, Culture=neutral, PublicKeyToken=null" name="TestPulseInvalid" />
    </UnitTest>
    <UnitTest name="TestSpo2Boundaryzero" storage="c:\users\320067581\patientmonitor\patientmonitor-master\patientmonitertest\bin\debug\patientmonitertest.dll" id="4c98a5a0-9b82-2483-26bc-2d4b9b928055">
      <Execution id="604297cb-1f0a-47be-9e09-e7280956cea2" />
      <TestMethod codeBase="C:/Users/320067581/PatientMonitor/PatientMonitor-master/PatientMoniterTest/bin/Debug/PatientMoniterTest.DLL" adapterTypeName="Microsoft.VisualStudio.TestTools.TestTypes.Unit.UnitTestAdapter, Microsoft.VisualStudio.QualityTools.Tips.UnitTest.Adapter, Version=12.0.0.0, Culture=neutral, PublicKeyToken=b03f5f7f11d50a3a" className="PatientMoniterTest.UnitTest1, PatientMoniterTest, Version=1.0.0.0, Culture=neutral, PublicKeyToken=null" name="TestSpo2Boundaryzero" />
    </UnitTest>
    <UnitTest name="TestPulseBoundaryPlus1" storage="c:\users\320067581\patientmonitor\patientmonitor-master\patientmonitertest\bin\debug\patientmonitertest.dll" id="c9c88640-010c-0138-ad8b-90168ca225de">
      <Execution id="948f9dd3-938e-4e6b-a213-a4b1bc94930c" />
      <TestMethod codeBase="C:/Users/320067581/PatientMonitor/PatientMonitor-master/PatientMoniterTest/bin/Debug/PatientMoniterTest.DLL" adapterTypeName="Microsoft.VisualStudio.TestTools.TestTypes.Unit.UnitTestAdapter, Microsoft.VisualStudio.QualityTools.Tips.UnitTest.Adapter, Version=12.0.0.0, Culture=neutral, PublicKeyToken=b03f5f7f11d50a3a" className="PatientMoniterTest.UnitTest1, PatientMoniterTest, Version=1.0.0.0, Culture=neutral, PublicKeyToken=null" name="TestPulseBoundaryPlus1" />
    </UnitTest>
  </TestDefinitions>
  <TestLists>
    <TestList name="Results Not in a List" id="8c84fa94-04c1-424b-9868-57a2d4851a1d" />
    <TestList name="All Loaded Results" id="19431567-8539-422a-85d7-44ee4e166bda" />
  </TestLists>
  <TestEntries>
    <TestEntry testId="fe8fb1fd-e8b7-42b4-e3ba-a4d743006a45" executionId="7e0fb5c1-793f-411e-8161-84f9dea50db0" testListId="8c84fa94-04c1-424b-9868-57a2d4851a1d" />
    <TestEntry testId="a3de01fd-898c-6ef5-19df-fda7da7c5d5e" executionId="640a519b-6b2c-4dd2-8523-ee1fbe81d97f" testListId="8c84fa94-04c1-424b-9868-57a2d4851a1d" />
    <TestEntry testId="c9c88640-010c-0138-ad8b-90168ca225de" executionId="948f9dd3-938e-4e6b-a213-a4b1bc94930c" testListId="8c84fa94-04c1-424b-9868-57a2d4851a1d" />
    <TestEntry testId="a7ad3733-274e-6e22-39de-27a342be96f1" executionId="1f9e2b99-2cac-4071-91de-d781b16224af" testListId="8c84fa94-04c1-424b-9868-57a2d4851a1d" />
    <TestEntry testId="9e00be19-a6e0-0e25-22db-3f57d8cdbb52" executionId="be4bf7e3-eb27-4548-9d2d-3aebab085627" testListId="8c84fa94-04c1-424b-9868-57a2d4851a1d" />
    <TestEntry testId="2c962e9b-76f1-7164-b430-b1658e4812e5" executionId="3a8761af-59b4-4229-af95-c0672ee6e428" testListId="8c84fa94-04c1-424b-9868-57a2d4851a1d" />
    <TestEntry testId="b149617e-1949-d2d2-d3a7-513026d30454" executionId="bc149a05-79a6-428a-b055-ac3f0ee9dbf5" testListId="8c84fa94-04c1-424b-9868-57a2d4851a1d" />
    <TestEntry testId="6208f2e7-0714-47c5-55c1-c6e1cced7cca" executionId="3f63ffd6-91dd-42b9-9864-407acbab94f2" testListId="8c84fa94-04c1-424b-9868-57a2d4851a1d" />
    <TestEntry testId="4c98a5a0-9b82-2483-26bc-2d4b9b928055" executionId="604297cb-1f0a-47be-9e09-e7280956cea2" testListId="8c84fa94-04c1-424b-9868-57a2d4851a1d" />
    <TestEntry testId="f11216c1-f6d2-2b38-344f-0aaf7d599578" executionId="11fa1966-e865-45f4-8695-2cfa08cc5939" testListId="8c84fa94-04c1-424b-9868-57a2d4851a1d" />
    <TestEntry testId="863804d6-848a-c3bc-1e6d-6e95f526f8a5" executionId="460ec3d1-fc1d-4d85-9a81-5ca50dcc37b3" testListId="8c84fa94-04c1-424b-9868-57a2d4851a1d" />
    <TestEntry testId="9dcd935f-7349-6bbb-9de8-8d3833ae9fe1" executionId="43c8ee83-d772-4550-98aa-55d0d7358617" testListId="8c84fa94-04c1-424b-9868-57a2d4851a1d" />
    <TestEntry testId="ddb96599-2344-1c94-7b25-024559ad73b3" executionId="0e3ace31-bcd4-461a-9e39-0b7999bf26b5" testListId="8c84fa94-04c1-424b-9868-57a2d4851a1d" />
    <TestEntry testId="cd6cd233-ad01-65af-f5ad-a475e76877f6" executionId="af11740f-1fe0-4db9-9d3f-9b6d3f0020a4" testListId="8c84fa94-04c1-424b-9868-57a2d4851a1d" />
    <TestEntry testId="f67c9753-00ab-3f6b-09e9-82550a44cc31" executionId="05c52eb5-787e-4e62-acd2-a936dfbfcc3c" testListId="8c84fa94-04c1-424b-9868-57a2d4851a1d" />
    <TestEntry testId="243659e1-a994-f57b-1b27-a57cb21ffdc9" executionId="cc98179b-1ec6-47c9-bc44-e96f31b0c740" testListId="8c84fa94-04c1-424b-9868-57a2d4851a1d" />
  </TestEntries>
  <Results>
    <UnitTestResult executionId="7e0fb5c1-793f-411e-8161-84f9dea50db0" testId="fe8fb1fd-e8b7-42b4-e3ba-a4d743006a45" testName="TestParameters" computerName="INGBTCPIC5NBZZ4" duration="00:00:00.0193512" startTime="2019-08-02T13:04:51.7389382+05:30" endTime="2019-08-02T13:04:52.0023985+05:30" testType="13cdc9d9-ddb5-4fa4-a97d-d965ccfc6d4b" outcome="Passed" testListId="8c84fa94-04c1-424b-9868-57a2d4851a1d" relativeResultsDirectory="7e0fb5c1-793f-411e-8161-84f9dea50db0">
    </UnitTestResult>
    <UnitTestResult executionId="640a519b-6b2c-4dd2-8523-ee1fbe81d97f" testId="a3de01fd-898c-6ef5-19df-fda7da7c5d5e" testName="TestPulseBoundaryMinus1" computerName="INGBTCPIC5NBZZ4" duration="00:00:00.0011071" startTime="2019-08-02T13:04:52.0043990+05:30" endTime="2019-08-02T13:04:52.0074014+05:30" testType="13cdc9d9-ddb5-4fa4-a97d-d965ccfc6d4b" outcome="Passed" testListId="8c84fa94-04c1-424b-9868-57a2d4851a1d" relativeResultsDirectory="640a519b-6b2c-4dd2-8523-ee1fbe81d97f">
    </UnitTestResult>
    <UnitTestResult executionId="948f9dd3-938e-4e6b-a213-a4b1bc94930c" testId="c9c88640-010c-0138-ad8b-90168ca225de" testName="TestPulseBoundaryPlus1" computerName="INGBTCPIC5NBZZ4" duration="00:00:00.0002468" startTime="2019-08-02T13:04:52.0094024+05:30" endTime="2019-08-02T13:04:52.0124010+05:30" testType="13cdc9d9-ddb5-4fa4-a97d-d965ccfc6d4b" outcome="Passed" testListId="8c84fa94-04c1-424b-9868-57a2d4851a1d" relativeResultsDirectory="948f9dd3-938e-4e6b-a213-a4b1bc94930c">
    </UnitTestResult>
    <UnitTestResult executionId="1f9e2b99-2cac-4071-91de-d781b16224af" testId="a7ad3733-274e-6e22-39de-27a342be96f1" testName="TestPulseBoundaryZero" computerName="INGBTCPIC5NBZZ4" duration="00:00:00.0001533" startTime="2019-08-02T13:04:52.0144004+05:30" endTime="2019-08-02T13:04:52.0173968+05:30" testType="13cdc9d9-ddb5-4fa4-a97d-d965ccfc6d4b" outcome="Passed" testListId="8c84fa94-04c1-424b-9868-57a2d4851a1d" relativeResultsDirectory="1f9e2b99-2cac-4071-91de-d781b16224af">
    </UnitTestResult>
    <UnitTestResult executionId="be4bf7e3-eb27-4548-9d2d-3aebab085627" testId="9e00be19-a6e0-0e25-22db-3f57d8cdbb52" testName="TestPulseInvalid" computerName="INGBTCPIC5NBZZ4" duration="00:00:00.0001863" startTime="2019-08-02T13:04:52.0194000+05:30" endTime="2019-08-02T13:04:52.0213972+05:30" testType="13cdc9d9-ddb5-4fa4-a97d-d965ccfc6d4b" outcome="Passed" testListId="8c84fa94-04c1-424b-9868-57a2d4851a1d" relativeResultsDirectory="be4bf7e3-eb27-4548-9d2d-3aebab085627">
    </UnitTestResult>
    <UnitTestResult executionId="3a8761af-59b4-4229-af95-c0672ee6e428" testId="2c962e9b-76f1-7164-b430-b1658e4812e5" testName="TestPulseValid" computerName="INGBTCPIC5NBZZ4" duration="00:00:00.0001517" startTime="2019-08-02T13:04:52.0233982+05:30" endTime="2019-08-02T13:04:52.0254003+05:30" testType="13cdc9d9-ddb5-4fa4-a97d-d965ccfc6d4b" outcome="Passed" testListId="8c84fa94-04c1-424b-9868-57a2d4851a1d" relativeResultsDirectory="3a8761af-59b4-4229-af95-c0672ee6e428">
    </UnitTestResult>
    <UnitTestResult executionId="bc149a05-79a6-428a-b055-ac3f0ee9dbf5" testId="b149617e-1949-d2d2-d3a7-513026d30454" testName="TestSpo2BoundaryMinus1" computerName="INGBTCPIC5NBZZ4" duration="00:00:00.0002581" startTime="2019-08-02T13:04:52.0274062+05:30" endTime="2019-08-02T13:04:52.0294002+05:30" testType="13cdc9d9-ddb5-4fa4-a97d-d965ccfc6d4b" outcome="Passed" testListId="8c84fa94-04c1-424b-9868-57a2d4851a1d" relativeResultsDirectory="bc149a05-79a6-428a-b055-ac3f0ee9dbf5">
    </UnitTestResult>
    <UnitTestResult executionId="3f63ffd6-91dd-42b9-9864-407acbab94f2" testId="6208f2e7-0714-47c5-55c1-c6e1cced7cca" testName="TestSpo2BoundaryPlus1" computerName="INGBTCPIC5NBZZ4" duration="00:00:00.0001766" startTime="2019-08-02T13:04:52.0313986+05:30" endTime="2019-08-02T13:04:52.0334055+05:30" testType="13cdc9d9-ddb5-4fa4-a97d-d965ccfc6d4b" outcome="Passed" testListId="8c84fa94-04c1-424b-9868-57a2d4851a1d" relativeResultsDirectory="3f63ffd6-91dd-42b9-9864-407acbab94f2">
    </UnitTestResult>
    <UnitTestResult executionId="604297cb-1f0a-47be-9e09-e7280956cea2" testId="4c98a5a0-9b82-2483-26bc-2d4b9b928055" testName="TestSpo2Boundaryzero" computerName="INGBTCPIC5NBZZ4" duration="00:00:00.0001787" startTime="2019-08-02T13:04:52.0354039+05:30" endTime="2019-08-02T13:04:52.0374000+05:30" testType="13cdc9d9-ddb5-4fa4-a97d-d965ccfc6d4b" outcome="Passed" testListId="8c84fa94-04c1-424b-9868-57a2d4851a1d" relativeResultsDirectory="604297cb-1f0a-47be-9e09-e7280956cea2">
    </UnitTestResult>
    <UnitTestResult executionId="11fa1966-e865-45f4-8695-2cfa08cc5939" testId="f11216c1-f6d2-2b38-344f-0aaf7d599578" testName="TestSpo2Invalid" computerName="INGBTCPIC5NBZZ4" duration="00:00:00.0001820" startTime="2019-08-02T13:04:52.0394027+05:30" endTime="2019-08-02T13:04:52.0413999+05:30" testType="13cdc9d9-ddb5-4fa4-a97d-d965ccfc6d4b" outcome="Passed" testListId="8c84fa94-04c1-424b-9868-57a2d4851a1d" relativeResultsDirectory="11fa1966-e865-45f4-8695-2cfa08cc5939">
    </UnitTestResult>
    <UnitTestResult executionId="460ec3d1-fc1d-4d85-9a81-5ca50dcc37b3" testId="863804d6-848a-c3bc-1e6d-6e95f526f8a5" testName="TestSpo2Valid" computerName="INGBTCPIC5NBZZ4" duration="00:00:00.0001668" startTime="2019-08-02T13:04:52.0434053+05:30" endTime="2019-08-02T13:04:52.0454009+05:30" testType="13cdc9d9-ddb5-4fa4-a97d-d965ccfc6d4b" outcome="Passed" testListId="8c84fa94-04c1-424b-9868-57a2d4851a1d" relativeResultsDirectory="460ec3d1-fc1d-4d85-9a81-5ca50dcc37b3">
    </UnitTestResult>
    <UnitTestResult executionId="43c8ee83-d772-4550-98aa-55d0d7358617" testId="9dcd935f-7349-6bbb-9de8-8d3833ae9fe1" testName="TestTempBoundaryMinus1" computerName="INGBTCPIC5NBZZ4" duration="00:00:00.0003467" startTime="2019-08-02T13:04:52.0473987+05:30" endTime="2019-08-02T13:04:52.0493997+05:30" testType="13cdc9d9-ddb5-4fa4-a97d-d965ccfc6d4b" outcome="Passed" testListId="8c84fa94-04c1-424b-9868-57a2d4851a1d" relativeResultsDirectory="43c8ee83-d772-4550-98aa-55d0d7358617">
    </UnitTestResult>
    <UnitTestResult executionId="0e3ace31-bcd4-461a-9e39-0b7999bf26b5" testId="ddb96599-2344-1c94-7b25-024559ad73b3" testName="TestTempBoundaryPlus1" computerName="INGBTCPIC5NBZZ4" duration="00:00:00.0002100" startTime="2019-08-02T13:04:52.0513986+05:30" endTime="2019-08-02T13:04:52.0534007+05:30" testType="13cdc9d9-ddb5-4fa4-a97d-d965ccfc6d4b" outcome="Passed" testListId="8c84fa94-04c1-424b-9868-57a2d4851a1d" relativeResultsDirectory="0e3ace31-bcd4-461a-9e39-0b7999bf26b5">
    </UnitTestResult>
    <UnitTestResult executionId="af11740f-1fe0-4db9-9d3f-9b6d3f0020a4" testId="cd6cd233-ad01-65af-f5ad-a475e76877f6" testName="TestTempBoundaryZero" computerName="INGBTCPIC5NBZZ4" duration="00:00:00.0001836" startTime="2019-08-02T13:04:52.0554001+05:30" endTime="2019-08-02T13:04:52.0574006+05:30" testType="13cdc9d9-ddb5-4fa4-a97d-d965ccfc6d4b" outcome="Passed" testListId="8c84fa94-04c1-424b-9868-57a2d4851a1d" relativeResultsDirectory="af11740f-1fe0-4db9-9d3f-9b6d3f0020a4">
    </UnitTestResult>
    <UnitTestResult executionId="05c52eb5-787e-4e62-acd2-a936dfbfcc3c" testId="f67c9753-00ab-3f6b-09e9-82550a44cc31" testName="TestTempInvalid" computerName="INGBTCPIC5NBZZ4" duration="00:00:00.0001593" startTime="2019-08-02T13:04:52.0593994+05:30" endTime="2019-08-02T13:04:52.0614005+05:30" testType="13cdc9d9-ddb5-4fa4-a97d-d965ccfc6d4b" outcome="Passed" testListId="8c84fa94-04c1-424b-9868-57a2d4851a1d" relativeResultsDirectory="05c52eb5-787e-4e62-acd2-a936dfbfcc3c">
    </UnitTestResult>
    <UnitTestResult executionId="cc98179b-1ec6-47c9-bc44-e96f31b0c740" testId="243659e1-a994-f57b-1b27-a57cb21ffdc9" testName="TestTempValid" computerName="INGBTCPIC5NBZZ4" duration="00:00:00.0001728" startTime="2019-08-02T13:04:52.0633999+05:30" endTime="2019-08-02T13:04:52.0664033+05:30" testType="13cdc9d9-ddb5-4fa4-a97d-d965ccfc6d4b" outcome="Passed" testListId="8c84fa94-04c1-424b-9868-57a2d4851a1d" relativeResultsDirectory="cc98179b-1ec6-47c9-bc44-e96f31b0c740">
    </UnitTestResult>
  </Results>
</TestRun>