<?xml version="1.0" encoding="UTF-8"?>
<TestRun id="bfecc3c7-0e4d-4912-83c2-5a4d2dcccbe0" name="320067581@INGBTCPIC5NBZZ4 2019-07-31 20:02:29" runUser="CODE1\320067581" xmlns="http://microsoft.com/schemas/VisualStudio/TeamTest/2010">
  <TestSettings name="Default Test Settings" id="ec8ddf07-472c-4943-9987-569abe35abf8">
    <Execution>
      <TestTypeSpecific />
      <AgentRule name="Execution Agents">
      </AgentRule>
    </Execution>
    <Deployment runDeploymentRoot="320067581_INGBTCPIC5NBZZ4 2019-07-31 20_02_29" />
    <Properties />
  </TestSettings>
  <Times creation="2019-07-31T20:02:29.9586962+05:30" queuing="2019-07-31T20:02:30.4286942+05:30" start="2019-07-31T20:02:30.5016947+05:30" finish="2019-07-31T20:02:30.8737333+05:30" />
  <ResultSummary outcome="Completed">
    <Counters total="14" executed="14" passed="14" error="0" failed="0" timeout="0" aborted="0" inconclusive="0" passedButRunAborted="0" notRunnable="0" notExecuted="0" disconnected="0" warning="0" completed="0" inProgress="0" pending="0" />
  </ResultSummary>
  <TestDefinitions>
    <UnitTest name="SPO2BoundaryTCPlusOne" storage="c:\users\320067581\patientmonitor\patientmonitor-master\patientmonitertest\bin\debug\patientmonitertest.dll" id="6384601c-6e91-8d88-7d0b-957a2e9458ca">
      <Execution id="bbddf5b6-422c-4463-a44f-a63ce4f8173d" />
      <TestMethod codeBase="C:/Users/320067581/PatientMonitor/PatientMonitor-master/PatientMoniterTest/bin/Debug/PatientMoniterTest.DLL" adapterTypeName="Microsoft.VisualStudio.TestTools.TestTypes.Unit.UnitTestAdapter, Microsoft.VisualStudio.QualityTools.Tips.UnitTest.Adapter, Version=12.0.0.0, Culture=neutral, PublicKeyToken=b03f5f7f11d50a3a" className="PatientMoniterTest.UnitTest1, PatientMoniterTest, Version=1.0.0.0, Culture=neutral, PublicKeyToken=null" name="SPO2BoundaryTCPlusOne" />
    </UnitTest>
    <UnitTest name="TempBoundaryTCZero" storage="c:\users\320067581\patientmonitor\patientmonitor-master\patientmonitertest\bin\debug\patientmonitertest.dll" id="91183195-af9d-285d-a7ed-c63c10e7d4bc">
      <Execution id="2fdec61c-fbf3-4b3a-bf13-2117991f0fd4" />
      <TestMethod codeBase="C:/Users/320067581/PatientMonitor/PatientMonitor-master/PatientMoniterTest/bin/Debug/PatientMoniterTest.DLL" adapterTypeName="Microsoft.VisualStudio.TestTools.TestTypes.Unit.UnitTestAdapter, Microsoft.VisualStudio.QualityTools.Tips.UnitTest.Adapter, Version=12.0.0.0, Culture=neutral, PublicKeyToken=b03f5f7f11d50a3a" className="PatientMoniterTest.UnitTest1, PatientMoniterTest, Version=1.0.0.0, Culture=neutral, PublicKeyToken=null" name="TempBoundaryTCZero" />
    </UnitTest>
    <UnitTest name="TempBoundaryTCMinus1" storage="c:\users\320067581\patientmonitor\patientmonitor-master\patientmonitertest\bin\debug\patientmonitertest.dll" id="187ac4f0-ba5f-5d41-2065-36aa116f54f4">
      <Execution id="6cb041e4-5e24-4192-aefe-28d2f2082e63" />
      <TestMethod codeBase="C:/Users/320067581/PatientMonitor/PatientMonitor-master/PatientMoniterTest/bin/Debug/PatientMoniterTest.DLL" adapterTypeName="Microsoft.VisualStudio.TestTools.TestTypes.Unit.UnitTestAdapter, Microsoft.VisualStudio.QualityTools.Tips.UnitTest.Adapter, Version=12.0.0.0, Culture=neutral, PublicKeyToken=b03f5f7f11d50a3a" className="PatientMoniterTest.UnitTest1, PatientMoniterTest, Version=1.0.0.0, Culture=neutral, PublicKeyToken=null" name="TempBoundaryTCMinus1" />
    </UnitTest>
    <UnitTest name="TempValidTC" storage="c:\users\320067581\patientmonitor\patientmonitor-master\patientmonitertest\bin\debug\patientmonitertest.dll" id="15d2601d-391e-459a-ef95-61056092a6f9">
      <Execution id="6d15899c-3068-4f8c-8436-10da11890099" />
      <TestMethod codeBase="C:/Users/320067581/PatientMonitor/PatientMonitor-master/PatientMoniterTest/bin/Debug/PatientMoniterTest.DLL" adapterTypeName="Microsoft.VisualStudio.TestTools.TestTypes.Unit.UnitTestAdapter, Microsoft.VisualStudio.QualityTools.Tips.UnitTest.Adapter, Version=12.0.0.0, Culture=neutral, PublicKeyToken=b03f5f7f11d50a3a" className="PatientMoniterTest.UnitTest1, PatientMoniterTest, Version=1.0.0.0, Culture=neutral, PublicKeyToken=null" name="TempValidTC" />
    </UnitTest>
    <UnitTest name="SPO2BoundaryTCMinus1" storage="c:\users\320067581\patientmonitor\patientmonitor-master\patientmonitertest\bin\debug\patientmonitertest.dll" id="cf43fd0a-dbf8-fa0b-c091-50ac1559fbe5">
      <Execution id="51ed8fb2-f638-40e7-8e8a-b145f2a5e525" />
      <TestMethod codeBase="C:/Users/320067581/PatientMonitor/PatientMonitor-master/PatientMoniterTest/bin/Debug/PatientMoniterTest.DLL" adapterTypeName="Microsoft.VisualStudio.TestTools.TestTypes.Unit.UnitTestAdapter, Microsoft.VisualStudio.QualityTools.Tips.UnitTest.Adapter, Version=12.0.0.0, Culture=neutral, PublicKeyToken=b03f5f7f11d50a3a" className="PatientMoniterTest.UnitTest1, PatientMoniterTest, Version=1.0.0.0, Culture=neutral, PublicKeyToken=null" name="SPO2BoundaryTCMinus1" />
    </UnitTest>
    <UnitTest name="SPO2ValidTC" storage="c:\users\320067581\patientmonitor\patientmonitor-master\patientmonitertest\bin\debug\patientmonitertest.dll" id="d659fcae-0901-6bf9-1ffa-c1979fdb9893">
      <Execution id="503e60a8-b43b-4a3f-aac6-d8ca60db8533" />
      <TestMethod codeBase="C:/Users/320067581/PatientMonitor/PatientMonitor-master/PatientMoniterTest/bin/Debug/PatientMoniterTest.DLL" adapterTypeName="Microsoft.VisualStudio.TestTools.TestTypes.Unit.UnitTestAdapter, Microsoft.VisualStudio.QualityTools.Tips.UnitTest.Adapter, Version=12.0.0.0, Culture=neutral, PublicKeyToken=b03f5f7f11d50a3a" className="PatientMoniterTest.UnitTest1, PatientMoniterTest, Version=1.0.0.0, Culture=neutral, PublicKeyToken=null" name="SPO2ValidTC" />
    </UnitTest>
    <UnitTest name="TempBoundaryTCPlusOne" storage="c:\users\320067581\patientmonitor\patientmonitor-master\patientmonitertest\bin\debug\patientmonitertest.dll" id="2949735a-dc9c-13ff-9985-f61b5f7955c4">
      <Execution id="35701611-c53e-40cf-8b83-e2567768b182" />
      <TestMethod codeBase="C:/Users/320067581/PatientMonitor/PatientMonitor-master/PatientMoniterTest/bin/Debug/PatientMoniterTest.DLL" adapterTypeName="Microsoft.VisualStudio.TestTools.TestTypes.Unit.UnitTestAdapter, Microsoft.VisualStudio.QualityTools.Tips.UnitTest.Adapter, Version=12.0.0.0, Culture=neutral, PublicKeyToken=b03f5f7f11d50a3a" className="PatientMoniterTest.UnitTest1, PatientMoniterTest, Version=1.0.0.0, Culture=neutral, PublicKeyToken=null" name="TempBoundaryTCPlusOne" />
    </UnitTest>
    <UnitTest name="PulseBoundaryTCMinus1" storage="c:\users\320067581\patientmonitor\patientmonitor-master\patientmonitertest\bin\debug\patientmonitertest.dll" id="25a1d1ee-80d6-614a-200a-41f0eda98422">
      <Execution id="0667db7c-3ba1-4fe3-a727-29e0e547ab80" />
      <TestMethod codeBase="C:/Users/320067581/PatientMonitor/PatientMonitor-master/PatientMoniterTest/bin/Debug/PatientMoniterTest.DLL" adapterTypeName="Microsoft.VisualStudio.TestTools.TestTypes.Unit.UnitTestAdapter, Microsoft.VisualStudio.QualityTools.Tips.UnitTest.Adapter, Version=12.0.0.0, Culture=neutral, PublicKeyToken=b03f5f7f11d50a3a" className="PatientMoniterTest.UnitTest1, PatientMoniterTest, Version=1.0.0.0, Culture=neutral, PublicKeyToken=null" name="PulseBoundaryTCMinus1" />
    </UnitTest>
    <UnitTest name="TempInvalidTC" storage="c:\users\320067581\patientmonitor\patientmonitor-master\patientmonitertest\bin\debug\patientmonitertest.dll" id="a0735254-022d-738a-88b3-5a06da506750">
      <Execution id="ab56783c-ea70-4e46-893c-aae0409a9d8a" />
      <TestMethod codeBase="C:/Users/320067581/PatientMonitor/PatientMonitor-master/PatientMoniterTest/bin/Debug/PatientMoniterTest.DLL" adapterTypeName="Microsoft.VisualStudio.TestTools.TestTypes.Unit.UnitTestAdapter, Microsoft.VisualStudio.QualityTools.Tips.UnitTest.Adapter, Version=12.0.0.0, Culture=neutral, PublicKeyToken=b03f5f7f11d50a3a" className="PatientMoniterTest.UnitTest1, PatientMoniterTest, Version=1.0.0.0, Culture=neutral, PublicKeyToken=null" name="TempInvalidTC" />
    </UnitTest>
    <UnitTest name="PulseBoundaryTCZero" storage="c:\users\320067581\patientmonitor\patientmonitor-master\patientmonitertest\bin\debug\patientmonitertest.dll" id="66bf1c53-98cc-b4e6-4f23-1fa95b671e46">
      <Execution id="1da8b40f-0ed7-4b1c-b551-60dcc9b645f8" />
      <TestMethod codeBase="C:/Users/320067581/PatientMonitor/PatientMonitor-master/PatientMoniterTest/bin/Debug/PatientMoniterTest.DLL" adapterTypeName="Microsoft.VisualStudio.TestTools.TestTypes.Unit.UnitTestAdapter, Microsoft.VisualStudio.QualityTools.Tips.UnitTest.Adapter, Version=12.0.0.0, Culture=neutral, PublicKeyToken=b03f5f7f11d50a3a" className="PatientMoniterTest.UnitTest1, PatientMoniterTest, Version=1.0.0.0, Culture=neutral, PublicKeyToken=null" name="PulseBoundaryTCZero" />
    </UnitTest>
    <UnitTest name="SPO2InvalidTC" storage="c:\users\320067581\patientmonitor\patientmonitor-master\patientmonitertest\bin\debug\patientmonitertest.dll" id="b57b14c3-eac8-00e9-46b6-ed7c3066dfa2">
      <Execution id="0ee5df9e-3696-4ca1-a94e-acc4bf94ecfa" />
      <TestMethod codeBase="C:/Users/320067581/PatientMonitor/PatientMonitor-master/PatientMoniterTest/bin/Debug/PatientMoniterTest.DLL" adapterTypeName="Microsoft.VisualStudio.TestTools.TestTypes.Unit.UnitTestAdapter, Microsoft.VisualStudio.QualityTools.Tips.UnitTest.Adapter, Version=12.0.0.0, Culture=neutral, PublicKeyToken=b03f5f7f11d50a3a" className="PatientMoniterTest.UnitTest1, PatientMoniterTest, Version=1.0.0.0, Culture=neutral, PublicKeyToken=null" name="SPO2InvalidTC" />
    </UnitTest>
    <UnitTest name="PulseInvalidTC" storage="c:\users\320067581\patientmonitor\patientmonitor-master\patientmonitertest\bin\debug\patientmonitertest.dll" id="8360458c-7750-bedc-91fa-8070edb99a59">
      <Execution id="68ded42f-c817-41fa-9abe-09c36ef4a96b" />
      <TestMethod codeBase="C:/Users/320067581/PatientMonitor/PatientMonitor-master/PatientMoniterTest/bin/Debug/PatientMoniterTest.DLL" adapterTypeName="Microsoft.VisualStudio.TestTools.TestTypes.Unit.UnitTestAdapter, Microsoft.VisualStudio.QualityTools.Tips.UnitTest.Adapter, Version=12.0.0.0, Culture=neutral, PublicKeyToken=b03f5f7f11d50a3a" className="PatientMoniterTest.UnitTest1, PatientMoniterTest, Version=1.0.0.0, Culture=neutral, PublicKeyToken=null" name="PulseInvalidTC" />
    </UnitTest>
    <UnitTest name="PulseValidTC" storage="c:\users\320067581\patientmonitor\patientmonitor-master\patientmonitertest\bin\debug\patientmonitertest.dll" id="463eb0e3-41b3-8986-9695-919ab4255218">
      <Execution id="13a46fdd-8302-41c3-964c-ef83fd557e5b" />
      <TestMethod codeBase="C:/Users/320067581/PatientMonitor/PatientMonitor-master/PatientMoniterTest/bin/Debug/PatientMoniterTest.DLL" adapterTypeName="Microsoft.VisualStudio.TestTools.TestTypes.Unit.UnitTestAdapter, Microsoft.VisualStudio.QualityTools.Tips.UnitTest.Adapter, Version=12.0.0.0, Culture=neutral, PublicKeyToken=b03f5f7f11d50a3a" className="PatientMoniterTest.UnitTest1, PatientMoniterTest, Version=1.0.0.0, Culture=neutral, PublicKeyToken=null" name="PulseValidTC" />
    </UnitTest>
    <UnitTest name="SPO2BoundaryTCZero" storage="c:\users\320067581\patientmonitor\patientmonitor-master\patientmonitertest\bin\debug\patientmonitertest.dll" id="699c0386-af60-d233-9b2a-485c82fcf3df">
      <Execution id="963936e5-cd4d-4e20-be32-42bedfbde64a" />
      <TestMethod codeBase="C:/Users/320067581/PatientMonitor/PatientMonitor-master/PatientMoniterTest/bin/Debug/PatientMoniterTest.DLL" adapterTypeName="Microsoft.VisualStudio.TestTools.TestTypes.Unit.UnitTestAdapter, Microsoft.VisualStudio.QualityTools.Tips.UnitTest.Adapter, Version=12.0.0.0, Culture=neutral, PublicKeyToken=b03f5f7f11d50a3a" className="PatientMoniterTest.UnitTest1, PatientMoniterTest, Version=1.0.0.0, Culture=neutral, PublicKeyToken=null" name="SPO2BoundaryTCZero" />
    </UnitTest>
  </TestDefinitions>
  <TestLists>
    <TestList name="Results Not in a List" id="8c84fa94-04c1-424b-9868-57a2d4851a1d" />
    <TestList name="All Loaded Results" id="19431567-8539-422a-85d7-44ee4e166bda" />
  </TestLists>
  <TestEntries>
    <TestEntry testId="25a1d1ee-80d6-614a-200a-41f0eda98422" executionId="0667db7c-3ba1-4fe3-a727-29e0e547ab80" testListId="8c84fa94-04c1-424b-9868-57a2d4851a1d" />
    <TestEntry testId="66bf1c53-98cc-b4e6-4f23-1fa95b671e46" executionId="1da8b40f-0ed7-4b1c-b551-60dcc9b645f8" testListId="8c84fa94-04c1-424b-9868-57a2d4851a1d" />
    <TestEntry testId="8360458c-7750-bedc-91fa-8070edb99a59" executionId="68ded42f-c817-41fa-9abe-09c36ef4a96b" testListId="8c84fa94-04c1-424b-9868-57a2d4851a1d" />
    <TestEntry testId="463eb0e3-41b3-8986-9695-919ab4255218" executionId="13a46fdd-8302-41c3-964c-ef83fd557e5b" testListId="8c84fa94-04c1-424b-9868-57a2d4851a1d" />
    <TestEntry testId="cf43fd0a-dbf8-fa0b-c091-50ac1559fbe5" executionId="51ed8fb2-f638-40e7-8e8a-b145f2a5e525" testListId="8c84fa94-04c1-424b-9868-57a2d4851a1d" />
    <TestEntry testId="6384601c-6e91-8d88-7d0b-957a2e9458ca" executionId="bbddf5b6-422c-4463-a44f-a63ce4f8173d" testListId="8c84fa94-04c1-424b-9868-57a2d4851a1d" />
    <TestEntry testId="699c0386-af60-d233-9b2a-485c82fcf3df" executionId="963936e5-cd4d-4e20-be32-42bedfbde64a" testListId="8c84fa94-04c1-424b-9868-57a2d4851a1d" />
    <TestEntry testId="b57b14c3-eac8-00e9-46b6-ed7c3066dfa2" executionId="0ee5df9e-3696-4ca1-a94e-acc4bf94ecfa" testListId="8c84fa94-04c1-424b-9868-57a2d4851a1d" />
    <TestEntry testId="d659fcae-0901-6bf9-1ffa-c1979fdb9893" executionId="503e60a8-b43b-4a3f-aac6-d8ca60db8533" testListId="8c84fa94-04c1-424b-9868-57a2d4851a1d" />
    <TestEntry testId="187ac4f0-ba5f-5d41-2065-36aa116f54f4" executionId="6cb041e4-5e24-4192-aefe-28d2f2082e63" testListId="8c84fa94-04c1-424b-9868-57a2d4851a1d" />
    <TestEntry testId="2949735a-dc9c-13ff-9985-f61b5f7955c4" executionId="35701611-c53e-40cf-8b83-e2567768b182" testListId="8c84fa94-04c1-424b-9868-57a2d4851a1d" />
    <TestEntry testId="91183195-af9d-285d-a7ed-c63c10e7d4bc" executionId="2fdec61c-fbf3-4b3a-bf13-2117991f0fd4" testListId="8c84fa94-04c1-424b-9868-57a2d4851a1d" />
    <TestEntry testId="a0735254-022d-738a-88b3-5a06da506750" executionId="ab56783c-ea70-4e46-893c-aae0409a9d8a" testListId="8c84fa94-04c1-424b-9868-57a2d4851a1d" />
    <TestEntry testId="15d2601d-391e-459a-ef95-61056092a6f9" executionId="6d15899c-3068-4f8c-8436-10da11890099" testListId="8c84fa94-04c1-424b-9868-57a2d4851a1d" />
  </TestEntries>
  <Results>
    <UnitTestResult executionId="0667db7c-3ba1-4fe3-a727-29e0e547ab80" testId="25a1d1ee-80d6-614a-200a-41f0eda98422" testName="PulseBoundaryTCMinus1" computerName="INGBTCPIC5NBZZ4" duration="00:00:00.0136852" startTime="2019-07-31T20:02:30.5326945+05:30" endTime="2019-07-31T20:02:30.7736955+05:30" testType="13cdc9d9-ddb5-4fa4-a97d-d965ccfc6d4b" outcome="Passed" testListId="8c84fa94-04c1-424b-9868-57a2d4851a1d" relativeResultsDirectory="0667db7c-3ba1-4fe3-a727-29e0e547ab80">
      <Output>
        <StdOut>The PulseRate--&gt;59 is out of range</StdOut>
      </Output>
    </UnitTestResult>
    <UnitTestResult executionId="1da8b40f-0ed7-4b1c-b551-60dcc9b645f8" testId="66bf1c53-98cc-b4e6-4f23-1fa95b671e46" testName="PulseBoundaryTCZero" computerName="INGBTCPIC5NBZZ4" duration="00:00:00.0002370" startTime="2019-07-31T20:02:30.7757008+05:30" endTime="2019-07-31T20:02:30.7767410+05:30" testType="13cdc9d9-ddb5-4fa4-a97d-d965ccfc6d4b" outcome="Passed" testListId="8c84fa94-04c1-424b-9868-57a2d4851a1d" relativeResultsDirectory="1da8b40f-0ed7-4b1c-b551-60dcc9b645f8">
    </UnitTestResult>
    <UnitTestResult executionId="68ded42f-c817-41fa-9abe-09c36ef4a96b" testId="8360458c-7750-bedc-91fa-8070edb99a59" testName="PulseInvalidTC" computerName="INGBTCPIC5NBZZ4" duration="00:00:00.0002106" startTime="2019-07-31T20:02:30.7786967+05:30" endTime="2019-07-31T20:02:30.7806950+05:30" testType="13cdc9d9-ddb5-4fa4-a97d-d965ccfc6d4b" outcome="Passed" testListId="8c84fa94-04c1-424b-9868-57a2d4851a1d" relativeResultsDirectory="68ded42f-c817-41fa-9abe-09c36ef4a96b">
      <Output>
        <StdOut>The PulseRate--&gt;50 is out of range</StdOut>
      </Output>
    </UnitTestResult>
    <UnitTestResult executionId="13a46fdd-8302-41c3-964c-ef83fd557e5b" testId="463eb0e3-41b3-8986-9695-919ab4255218" testName="PulseValidTC" computerName="INGBTCPIC5NBZZ4" duration="00:00:00.0002538" startTime="2019-07-31T20:02:30.7817001+05:30" endTime="2019-07-31T20:02:30.7847413+05:30" testType="13cdc9d9-ddb5-4fa4-a97d-d965ccfc6d4b" outcome="Passed" testListId="8c84fa94-04c1-424b-9868-57a2d4851a1d" relativeResultsDirectory="13a46fdd-8302-41c3-964c-ef83fd557e5b">
    </UnitTestResult>
    <UnitTestResult executionId="51ed8fb2-f638-40e7-8e8a-b145f2a5e525" testId="cf43fd0a-dbf8-fa0b-c091-50ac1559fbe5" testName="SPO2BoundaryTCMinus1" computerName="INGBTCPIC5NBZZ4" duration="00:00:00.0002354" startTime="2019-07-31T20:02:30.7856983+05:30" endTime="2019-07-31T20:02:30.7877426+05:30" testType="13cdc9d9-ddb5-4fa4-a97d-d965ccfc6d4b" outcome="Passed" testListId="8c84fa94-04c1-424b-9868-57a2d4851a1d" relativeResultsDirectory="51ed8fb2-f638-40e7-8e8a-b145f2a5e525">
      <Output>
        <StdOut>The SPO2--&gt;90 is out of range</StdOut>
      </Output>
    </UnitTestResult>
    <UnitTestResult executionId="bbddf5b6-422c-4463-a44f-a63ce4f8173d" testId="6384601c-6e91-8d88-7d0b-957a2e9458ca" testName="SPO2BoundaryTCPlusOne" computerName="INGBTCPIC5NBZZ4" duration="00:00:00.0002635" startTime="2019-07-31T20:02:30.7897009+05:30" endTime="2019-07-31T20:02:30.7916998+05:30" testType="13cdc9d9-ddb5-4fa4-a97d-d965ccfc6d4b" outcome="Passed" testListId="8c84fa94-04c1-424b-9868-57a2d4851a1d" relativeResultsDirectory="bbddf5b6-422c-4463-a44f-a63ce4f8173d">
      <Output>
        <StdOut>The SPO2--&gt;101 is out of range</StdOut>
      </Output>
    </UnitTestResult>
    <UnitTestResult executionId="963936e5-cd4d-4e20-be32-42bedfbde64a" testId="699c0386-af60-d233-9b2a-485c82fcf3df" testName="SPO2BoundaryTCZero" computerName="INGBTCPIC5NBZZ4" duration="00:00:00.0003321" startTime="2019-07-31T20:02:30.7936997+05:30" endTime="2019-07-31T20:02:30.7966993+05:30" testType="13cdc9d9-ddb5-4fa4-a97d-d965ccfc6d4b" outcome="Passed" testListId="8c84fa94-04c1-424b-9868-57a2d4851a1d" relativeResultsDirectory="963936e5-cd4d-4e20-be32-42bedfbde64a">
    </UnitTestResult>
    <UnitTestResult executionId="0ee5df9e-3696-4ca1-a94e-acc4bf94ecfa" testId="b57b14c3-eac8-00e9-46b6-ed7c3066dfa2" testName="SPO2InvalidTC" computerName="INGBTCPIC5NBZZ4" duration="00:00:00.0002532" startTime="2019-07-31T20:02:30.7986955+05:30" endTime="2019-07-31T20:02:30.8006943+05:30" testType="13cdc9d9-ddb5-4fa4-a97d-d965ccfc6d4b" outcome="Passed" testListId="8c84fa94-04c1-424b-9868-57a2d4851a1d" relativeResultsDirectory="0ee5df9e-3696-4ca1-a94e-acc4bf94ecfa">
      <Output>
        <StdOut>The SPO2--&gt;101 is out of range</StdOut>
      </Output>
    </UnitTestResult>
    <UnitTestResult executionId="503e60a8-b43b-4a3f-aac6-d8ca60db8533" testId="d659fcae-0901-6bf9-1ffa-c1979fdb9893" testName="SPO2ValidTC" computerName="INGBTCPIC5NBZZ4" duration="00:00:00.0002808" startTime="2019-07-31T20:02:30.8026970+05:30" endTime="2019-07-31T20:02:30.8067055+05:30" testType="13cdc9d9-ddb5-4fa4-a97d-d965ccfc6d4b" outcome="Passed" testListId="8c84fa94-04c1-424b-9868-57a2d4851a1d" relativeResultsDirectory="503e60a8-b43b-4a3f-aac6-d8ca60db8533">
    </UnitTestResult>
    <UnitTestResult executionId="6cb041e4-5e24-4192-aefe-28d2f2082e63" testId="187ac4f0-ba5f-5d41-2065-36aa116f54f4" testName="TempBoundaryTCMinus1" computerName="INGBTCPIC5NBZZ4" duration="00:00:00.0003062" startTime="2019-07-31T20:02:30.8097057+05:30" endTime="2019-07-31T20:02:30.8127388+05:30" testType="13cdc9d9-ddb5-4fa4-a97d-d965ccfc6d4b" outcome="Passed" testListId="8c84fa94-04c1-424b-9868-57a2d4851a1d" relativeResultsDirectory="6cb041e4-5e24-4192-aefe-28d2f2082e63">
      <Output>
        <StdOut>The Temperature--&gt;96.9 is out of range</StdOut>
      </Output>
    </UnitTestResult>
    <UnitTestResult executionId="35701611-c53e-40cf-8b83-e2567768b182" testId="2949735a-dc9c-13ff-9985-f61b5f7955c4" testName="TempBoundaryTCPlusOne" computerName="INGBTCPIC5NBZZ4" duration="00:00:00.0003229" startTime="2019-07-31T20:02:30.8137153+05:30" endTime="2019-07-31T20:02:30.8166998+05:30" testType="13cdc9d9-ddb5-4fa4-a97d-d965ccfc6d4b" outcome="Passed" testListId="8c84fa94-04c1-424b-9868-57a2d4851a1d" relativeResultsDirectory="35701611-c53e-40cf-8b83-e2567768b182">
      <Output>
        <StdOut>The Temperature--&gt;99.1 is out of range</StdOut>
      </Output>
    </UnitTestResult>
    <UnitTestResult executionId="2fdec61c-fbf3-4b3a-bf13-2117991f0fd4" testId="91183195-af9d-285d-a7ed-c63c10e7d4bc" testName="TempBoundaryTCZero" computerName="INGBTCPIC5NBZZ4" duration="00:00:00.0005309" startTime="2019-07-31T20:02:30.8176978+05:30" endTime="2019-07-31T20:02:30.8216982+05:30" testType="13cdc9d9-ddb5-4fa4-a97d-d965ccfc6d4b" outcome="Passed" testListId="8c84fa94-04c1-424b-9868-57a2d4851a1d" relativeResultsDirectory="2fdec61c-fbf3-4b3a-bf13-2117991f0fd4">
    </UnitTestResult>
    <UnitTestResult executionId="ab56783c-ea70-4e46-893c-aae0409a9d8a" testId="a0735254-022d-738a-88b3-5a06da506750" testName="TempInvalidTC" computerName="INGBTCPIC5NBZZ4" duration="00:00:00.0002857" startTime="2019-07-31T20:02:30.8257132+05:30" endTime="2019-07-31T20:02:30.8287372+05:30" testType="13cdc9d9-ddb5-4fa4-a97d-d965ccfc6d4b" outcome="Passed" testListId="8c84fa94-04c1-424b-9868-57a2d4851a1d" relativeResultsDirectory="ab56783c-ea70-4e46-893c-aae0409a9d8a">
      <Output>
        <StdOut>The Temperature--&gt;90.3 is out of range</StdOut>
      </Output>
    </UnitTestResult>
    <UnitTestResult executionId="6d15899c-3068-4f8c-8436-10da11890099" testId="15d2601d-391e-459a-ef95-61056092a6f9" testName="TempValidTC" computerName="INGBTCPIC5NBZZ4" duration="00:00:00.0003159" startTime="2019-07-31T20:02:30.8307160+05:30" endTime="2019-07-31T20:02:30.8327343+05:30" testType="13cdc9d9-ddb5-4fa4-a97d-d965ccfc6d4b" outcome="Passed" testListId="8c84fa94-04c1-424b-9868-57a2d4851a1d" relativeResultsDirectory="6d15899c-3068-4f8c-8436-10da11890099">
    </UnitTestResult>
  </Results>
</TestRun>