<?xml version="1.0" encoding="UTF-8"?>
<TestRun id="278e501a-c050-458c-878c-7fd1afb68d0b" name="320067390@INGBTCPIC5NBZZ5 2019-08-02 07:53:44" runUser="CODE1\320067390" xmlns="http://microsoft.com/schemas/VisualStudio/TeamTest/2010">
  <TestSettings name="Default Test Settings" id="2017d5d4-ed94-4fdc-ad27-6bc3862ae785">
    <Execution>
      <TestTypeSpecific />
      <AgentRule name="Execution Agents">
      </AgentRule>
    </Execution>
    <Deployment runDeploymentRoot="320067390_INGBTCPIC5NBZZ5 2019-08-02 07_53_44" />
    <Properties />
  </TestSettings>
  <Times creation="2019-08-02T07:53:44.4207463+05:30" queuing="2019-08-02T07:53:44.8927668+05:30" start="2019-08-02T07:53:44.9577461+05:30" finish="2019-08-02T07:53:45.2987485+05:30" />
  <ResultSummary outcome="Completed">
    <Counters total="12" executed="12" passed="12" error="0" failed="0" timeout="0" aborted="0" inconclusive="0" passedButRunAborted="0" notRunnable="0" notExecuted="0" disconnected="0" warning="0" completed="0" inProgress="0" pending="0" />
  </ResultSummary>
  <TestDefinitions>
    <UnitTest name="TestTempValid" storage="c:\users\320067390\patientmonitor\patientmonitor-master\patientmonitertest\bin\debug\patientmonitertest.dll" id="243659e1-a994-f57b-1b27-a57cb21ffdc9">
      <Execution id="9d9959b4-bb47-4336-9e25-6af42515f8f0" />
      <TestMethod codeBase="C:/Users/320067390/PatientMonitor/PatientMonitor-master/PatientMoniterTest/bin/Debug/PatientMoniterTest.DLL" adapterTypeName="Microsoft.VisualStudio.TestTools.TestTypes.Unit.UnitTestAdapter, Microsoft.VisualStudio.QualityTools.Tips.UnitTest.Adapter, Version=12.0.0.0, Culture=neutral, PublicKeyToken=b03f5f7f11d50a3a" className="PatientMoniterTest.UnitTest1, PatientMoniterTest, Version=1.0.0.0, Culture=neutral, PublicKeyToken=null" name="TestTempValid" />
    </UnitTest>
    <UnitTest name="TestSpo2BoundaryMinus1" storage="c:\users\320067390\patientmonitor\patientmonitor-master\patientmonitertest\bin\debug\patientmonitertest.dll" id="b149617e-1949-d2d2-d3a7-513026d30454">
      <Execution id="ca1167a7-e1e4-4570-a7e9-79edeb735945" />
      <TestMethod codeBase="C:/Users/320067390/PatientMonitor/PatientMonitor-master/PatientMoniterTest/bin/Debug/PatientMoniterTest.DLL" adapterTypeName="Microsoft.VisualStudio.TestTools.TestTypes.Unit.UnitTestAdapter, Microsoft.VisualStudio.QualityTools.Tips.UnitTest.Adapter, Version=12.0.0.0, Culture=neutral, PublicKeyToken=b03f5f7f11d50a3a" className="PatientMoniterTest.UnitTest1, PatientMoniterTest, Version=1.0.0.0, Culture=neutral, PublicKeyToken=null" name="TestSpo2BoundaryMinus1" />
    </UnitTest>
    <UnitTest name="TestSpo2Valid" storage="c:\users\320067390\patientmonitor\patientmonitor-master\patientmonitertest\bin\debug\patientmonitertest.dll" id="863804d6-848a-c3bc-1e6d-6e95f526f8a5">
      <Execution id="4814a79b-2358-4595-8807-c5b648e9253b" />
      <TestMethod codeBase="C:/Users/320067390/PatientMonitor/PatientMonitor-master/PatientMoniterTest/bin/Debug/PatientMoniterTest.DLL" adapterTypeName="Microsoft.VisualStudio.TestTools.TestTypes.Unit.UnitTestAdapter, Microsoft.VisualStudio.QualityTools.Tips.UnitTest.Adapter, Version=12.0.0.0, Culture=neutral, PublicKeyToken=b03f5f7f11d50a3a" className="PatientMoniterTest.UnitTest1, PatientMoniterTest, Version=1.0.0.0, Culture=neutral, PublicKeyToken=null" name="TestSpo2Valid" />
    </UnitTest>
    <UnitTest name="TestTempBoundaryMinus1" storage="c:\users\320067390\patientmonitor\patientmonitor-master\patientmonitertest\bin\debug\patientmonitertest.dll" id="9dcd935f-7349-6bbb-9de8-8d3833ae9fe1">
      <Execution id="7fd60db3-94f0-43ba-9f3d-5a54de210956" />
      <TestMethod codeBase="C:/Users/320067390/PatientMonitor/PatientMonitor-master/PatientMoniterTest/bin/Debug/PatientMoniterTest.DLL" adapterTypeName="Microsoft.VisualStudio.TestTools.TestTypes.Unit.UnitTestAdapter, Microsoft.VisualStudio.QualityTools.Tips.UnitTest.Adapter, Version=12.0.0.0, Culture=neutral, PublicKeyToken=b03f5f7f11d50a3a" className="PatientMoniterTest.UnitTest1, PatientMoniterTest, Version=1.0.0.0, Culture=neutral, PublicKeyToken=null" name="TestTempBoundaryMinus1" />
    </UnitTest>
    <UnitTest name="TestTempBoundaryZero" storage="c:\users\320067390\patientmonitor\patientmonitor-master\patientmonitertest\bin\debug\patientmonitertest.dll" id="cd6cd233-ad01-65af-f5ad-a475e76877f6">
      <Execution id="a72d3f7f-b705-4025-bd32-0f1eb2ac7533" />
      <TestMethod codeBase="C:/Users/320067390/PatientMonitor/PatientMonitor-master/PatientMoniterTest/bin/Debug/PatientMoniterTest.DLL" adapterTypeName="Microsoft.VisualStudio.TestTools.TestTypes.Unit.UnitTestAdapter, Microsoft.VisualStudio.QualityTools.Tips.UnitTest.Adapter, Version=12.0.0.0, Culture=neutral, PublicKeyToken=b03f5f7f11d50a3a" className="PatientMoniterTest.UnitTest1, PatientMoniterTest, Version=1.0.0.0, Culture=neutral, PublicKeyToken=null" name="TestTempBoundaryZero" />
    </UnitTest>
    <UnitTest name="TestPulseBoundaryMinus1" storage="c:\users\320067390\patientmonitor\patientmonitor-master\patientmonitertest\bin\debug\patientmonitertest.dll" id="a3de01fd-898c-6ef5-19df-fda7da7c5d5e">
      <Execution id="4a3afcd2-e63e-4d9f-aa84-9186eefb4331" />
      <TestMethod codeBase="C:/Users/320067390/PatientMonitor/PatientMonitor-master/PatientMoniterTest/bin/Debug/PatientMoniterTest.DLL" adapterTypeName="Microsoft.VisualStudio.TestTools.TestTypes.Unit.UnitTestAdapter, Microsoft.VisualStudio.QualityTools.Tips.UnitTest.Adapter, Version=12.0.0.0, Culture=neutral, PublicKeyToken=b03f5f7f11d50a3a" className="PatientMoniterTest.UnitTest1, PatientMoniterTest, Version=1.0.0.0, Culture=neutral, PublicKeyToken=null" name="TestPulseBoundaryMinus1" />
    </UnitTest>
    <UnitTest name="TestPulseValid" storage="c:\users\320067390\patientmonitor\patientmonitor-master\patientmonitertest\bin\debug\patientmonitertest.dll" id="2c962e9b-76f1-7164-b430-b1658e4812e5">
      <Execution id="00fab8a7-faad-4733-a89c-3f40b29181e4" />
      <TestMethod codeBase="C:/Users/320067390/PatientMonitor/PatientMonitor-master/PatientMoniterTest/bin/Debug/PatientMoniterTest.DLL" adapterTypeName="Microsoft.VisualStudio.TestTools.TestTypes.Unit.UnitTestAdapter, Microsoft.VisualStudio.QualityTools.Tips.UnitTest.Adapter, Version=12.0.0.0, Culture=neutral, PublicKeyToken=b03f5f7f11d50a3a" className="PatientMoniterTest.UnitTest1, PatientMoniterTest, Version=1.0.0.0, Culture=neutral, PublicKeyToken=null" name="TestPulseValid" />
    </UnitTest>
    <UnitTest name="TestPulseBoundaryPlus1" storage="c:\users\320067390\patientmonitor\patientmonitor-master\patientmonitertest\bin\debug\patientmonitertest.dll" id="c9c88640-010c-0138-ad8b-90168ca225de">
      <Execution id="4f4b37bd-fd3b-4c4c-b696-705b870be521" />
      <TestMethod codeBase="C:/Users/320067390/PatientMonitor/PatientMonitor-master/PatientMoniterTest/bin/Debug/PatientMoniterTest.DLL" adapterTypeName="Microsoft.VisualStudio.TestTools.TestTypes.Unit.UnitTestAdapter, Microsoft.VisualStudio.QualityTools.Tips.UnitTest.Adapter, Version=12.0.0.0, Culture=neutral, PublicKeyToken=b03f5f7f11d50a3a" className="PatientMoniterTest.UnitTest1, PatientMoniterTest, Version=1.0.0.0, Culture=neutral, PublicKeyToken=null" name="TestPulseBoundaryPlus1" />
    </UnitTest>
    <UnitTest name="TestParameters" storage="c:\users\320067390\patientmonitor\patientmonitor-master\patientmonitertest\bin\debug\patientmonitertest.dll" id="fe8fb1fd-e8b7-42b4-e3ba-a4d743006a45">
      <Execution id="5a9da814-55d5-40ec-bd6b-5c237c77a3e1" />
      <TestMethod codeBase="C:/Users/320067390/PatientMonitor/PatientMonitor-master/PatientMoniterTest/bin/Debug/PatientMoniterTest.DLL" adapterTypeName="Microsoft.VisualStudio.TestTools.TestTypes.Unit.UnitTestAdapter, Microsoft.VisualStudio.QualityTools.Tips.UnitTest.Adapter, Version=12.0.0.0, Culture=neutral, PublicKeyToken=b03f5f7f11d50a3a" className="PatientMoniterTest.UnitTest1, PatientMoniterTest, Version=1.0.0.0, Culture=neutral, PublicKeyToken=null" name="TestParameters" />
    </UnitTest>
    <UnitTest name="TestSpo2Boundaryzero" storage="c:\users\320067390\patientmonitor\patientmonitor-master\patientmonitertest\bin\debug\patientmonitertest.dll" id="4c98a5a0-9b82-2483-26bc-2d4b9b928055">
      <Execution id="abd589e8-7ef9-4d17-a696-4f7533b5c051" />
      <TestMethod codeBase="C:/Users/320067390/PatientMonitor/PatientMonitor-master/PatientMoniterTest/bin/Debug/PatientMoniterTest.DLL" adapterTypeName="Microsoft.VisualStudio.TestTools.TestTypes.Unit.UnitTestAdapter, Microsoft.VisualStudio.QualityTools.Tips.UnitTest.Adapter, Version=12.0.0.0, Culture=neutral, PublicKeyToken=b03f5f7f11d50a3a" className="PatientMoniterTest.UnitTest1, PatientMoniterTest, Version=1.0.0.0, Culture=neutral, PublicKeyToken=null" name="TestSpo2Boundaryzero" />
    </UnitTest>
    <UnitTest name="TestPulseBoundaryZero" storage="c:\users\320067390\patientmonitor\patientmonitor-master\patientmonitertest\bin\debug\patientmonitertest.dll" id="a7ad3733-274e-6e22-39de-27a342be96f1">
      <Execution id="d714b6ec-8940-4e9e-ac17-851bd2d357d7" />
      <TestMethod codeBase="C:/Users/320067390/PatientMonitor/PatientMonitor-master/PatientMoniterTest/bin/Debug/PatientMoniterTest.DLL" adapterTypeName="Microsoft.VisualStudio.TestTools.TestTypes.Unit.UnitTestAdapter, Microsoft.VisualStudio.QualityTools.Tips.UnitTest.Adapter, Version=12.0.0.0, Culture=neutral, PublicKeyToken=b03f5f7f11d50a3a" className="PatientMoniterTest.UnitTest1, PatientMoniterTest, Version=1.0.0.0, Culture=neutral, PublicKeyToken=null" name="TestPulseBoundaryZero" />
    </UnitTest>
    <UnitTest name="TestSpo2BoundaryPlus1" storage="c:\users\320067390\patientmonitor\patientmonitor-master\patientmonitertest\bin\debug\patientmonitertest.dll" id="6208f2e7-0714-47c5-55c1-c6e1cced7cca">
      <Execution id="6decf6a2-07e8-4191-bc94-b0e75c48b114" />
      <TestMethod codeBase="C:/Users/320067390/PatientMonitor/PatientMonitor-master/PatientMoniterTest/bin/Debug/PatientMoniterTest.DLL" adapterTypeName="Microsoft.VisualStudio.TestTools.TestTypes.Unit.UnitTestAdapter, Microsoft.VisualStudio.QualityTools.Tips.UnitTest.Adapter, Version=12.0.0.0, Culture=neutral, PublicKeyToken=b03f5f7f11d50a3a" className="PatientMoniterTest.UnitTest1, PatientMoniterTest, Version=1.0.0.0, Culture=neutral, PublicKeyToken=null" name="TestSpo2BoundaryPlus1" />
    </UnitTest>
  </TestDefinitions>
  <TestLists>
    <TestList name="Results Not in a List" id="8c84fa94-04c1-424b-9868-57a2d4851a1d" />
    <TestList name="All Loaded Results" id="19431567-8539-422a-85d7-44ee4e166bda" />
  </TestLists>
  <TestEntries>
    <TestEntry testId="fe8fb1fd-e8b7-42b4-e3ba-a4d743006a45" executionId="5a9da814-55d5-40ec-bd6b-5c237c77a3e1" testListId="8c84fa94-04c1-424b-9868-57a2d4851a1d" />
    <TestEntry testId="a3de01fd-898c-6ef5-19df-fda7da7c5d5e" executionId="4a3afcd2-e63e-4d9f-aa84-9186eefb4331" testListId="8c84fa94-04c1-424b-9868-57a2d4851a1d" />
    <TestEntry testId="c9c88640-010c-0138-ad8b-90168ca225de" executionId="4f4b37bd-fd3b-4c4c-b696-705b870be521" testListId="8c84fa94-04c1-424b-9868-57a2d4851a1d" />
    <TestEntry testId="a7ad3733-274e-6e22-39de-27a342be96f1" executionId="d714b6ec-8940-4e9e-ac17-851bd2d357d7" testListId="8c84fa94-04c1-424b-9868-57a2d4851a1d" />
    <TestEntry testId="2c962e9b-76f1-7164-b430-b1658e4812e5" executionId="00fab8a7-faad-4733-a89c-3f40b29181e4" testListId="8c84fa94-04c1-424b-9868-57a2d4851a1d" />
    <TestEntry testId="b149617e-1949-d2d2-d3a7-513026d30454" executionId="ca1167a7-e1e4-4570-a7e9-79edeb735945" testListId="8c84fa94-04c1-424b-9868-57a2d4851a1d" />
    <TestEntry testId="6208f2e7-0714-47c5-55c1-c6e1cced7cca" executionId="6decf6a2-07e8-4191-bc94-b0e75c48b114" testListId="8c84fa94-04c1-424b-9868-57a2d4851a1d" />
    <TestEntry testId="4c98a5a0-9b82-2483-26bc-2d4b9b928055" executionId="abd589e8-7ef9-4d17-a696-4f7533b5c051" testListId="8c84fa94-04c1-424b-9868-57a2d4851a1d" />
    <TestEntry testId="863804d6-848a-c3bc-1e6d-6e95f526f8a5" executionId="4814a79b-2358-4595-8807-c5b648e9253b" testListId="8c84fa94-04c1-424b-9868-57a2d4851a1d" />
    <TestEntry testId="9dcd935f-7349-6bbb-9de8-8d3833ae9fe1" executionId="7fd60db3-94f0-43ba-9f3d-5a54de210956" testListId="8c84fa94-04c1-424b-9868-57a2d4851a1d" />
    <TestEntry testId="cd6cd233-ad01-65af-f5ad-a475e76877f6" executionId="a72d3f7f-b705-4025-bd32-0f1eb2ac7533" testListId="8c84fa94-04c1-424b-9868-57a2d4851a1d" />
    <TestEntry testId="243659e1-a994-f57b-1b27-a57cb21ffdc9" executionId="9d9959b4-bb47-4336-9e25-6af42515f8f0" testListId="8c84fa94-04c1-424b-9868-57a2d4851a1d" />
  </TestEntries>
  <Results>
    <UnitTestResult executionId="5a9da814-55d5-40ec-bd6b-5c237c77a3e1" testId="fe8fb1fd-e8b7-42b4-e3ba-a4d743006a45" testName="TestParameters" computerName="INGBTCPIC5NBZZ5" duration="00:00:00.0170375" startTime="2019-08-02T07:53:44.9827935+05:30" endTime="2019-08-02T07:53:45.2377462+05:30" testType="13cdc9d9-ddb5-4fa4-a97d-d965ccfc6d4b" outcome="Passed" testListId="8c84fa94-04c1-424b-9868-57a2d4851a1d" relativeResultsDirectory="5a9da814-55d5-40ec-bd6b-5c237c77a3e1">
    </UnitTestResult>
    <UnitTestResult executionId="4a3afcd2-e63e-4d9f-aa84-9186eefb4331" testId="a3de01fd-898c-6ef5-19df-fda7da7c5d5e" testName="TestPulseBoundaryMinus1" computerName="INGBTCPIC5NBZZ5" duration="00:00:00.0007905" startTime="2019-08-02T07:53:45.2387456+05:30" endTime="2019-08-02T07:53:45.2417477+05:30" testType="13cdc9d9-ddb5-4fa4-a97d-d965ccfc6d4b" outcome="Passed" testListId="8c84fa94-04c1-424b-9868-57a2d4851a1d" relativeResultsDirectory="4a3afcd2-e63e-4d9f-aa84-9186eefb4331">
    </UnitTestResult>
    <UnitTestResult executionId="4f4b37bd-fd3b-4c4c-b696-705b870be521" testId="c9c88640-010c-0138-ad8b-90168ca225de" testName="TestPulseBoundaryPlus1" computerName="INGBTCPIC5NBZZ5" duration="00:00:00.0001282" startTime="2019-08-02T07:53:45.2427492+05:30" endTime="2019-08-02T07:53:45.2447469+05:30" testType="13cdc9d9-ddb5-4fa4-a97d-d965ccfc6d4b" outcome="Passed" testListId="8c84fa94-04c1-424b-9868-57a2d4851a1d" relativeResultsDirectory="4f4b37bd-fd3b-4c4c-b696-705b870be521">
    </UnitTestResult>
    <UnitTestResult executionId="d714b6ec-8940-4e9e-ac17-851bd2d357d7" testId="a7ad3733-274e-6e22-39de-27a342be96f1" testName="TestPulseBoundaryZero" computerName="INGBTCPIC5NBZZ5" duration="00:00:00.0001466" startTime="2019-08-02T07:53:45.2457492+05:30" endTime="2019-08-02T07:53:45.2477825+05:30" testType="13cdc9d9-ddb5-4fa4-a97d-d965ccfc6d4b" outcome="Passed" testListId="8c84fa94-04c1-424b-9868-57a2d4851a1d" relativeResultsDirectory="d714b6ec-8940-4e9e-ac17-851bd2d357d7">
    </UnitTestResult>
    <UnitTestResult executionId="00fab8a7-faad-4733-a89c-3f40b29181e4" testId="2c962e9b-76f1-7164-b430-b1658e4812e5" testName="TestPulseValid" computerName="INGBTCPIC5NBZZ5" duration="00:00:00.0001015" startTime="2019-08-02T07:53:45.2487479+05:30" endTime="2019-08-02T07:53:45.2507826+05:30" testType="13cdc9d9-ddb5-4fa4-a97d-d965ccfc6d4b" outcome="Passed" testListId="8c84fa94-04c1-424b-9868-57a2d4851a1d" relativeResultsDirectory="00fab8a7-faad-4733-a89c-3f40b29181e4">
    </UnitTestResult>
    <UnitTestResult executionId="ca1167a7-e1e4-4570-a7e9-79edeb735945" testId="b149617e-1949-d2d2-d3a7-513026d30454" testName="TestSpo2BoundaryMinus1" computerName="INGBTCPIC5NBZZ5" duration="00:00:00.0002372" startTime="2019-08-02T07:53:45.2517550+05:30" endTime="2019-08-02T07:53:45.2537466+05:30" testType="13cdc9d9-ddb5-4fa4-a97d-d965ccfc6d4b" outcome="Passed" testListId="8c84fa94-04c1-424b-9868-57a2d4851a1d" relativeResultsDirectory="ca1167a7-e1e4-4570-a7e9-79edeb735945">
    </UnitTestResult>
    <UnitTestResult executionId="6decf6a2-07e8-4191-bc94-b0e75c48b114" testId="6208f2e7-0714-47c5-55c1-c6e1cced7cca" testName="TestSpo2BoundaryPlus1" computerName="INGBTCPIC5NBZZ5" duration="00:00:00.0001379" startTime="2019-08-02T07:53:45.2547541+05:30" endTime="2019-08-02T07:53:45.2567495+05:30" testType="13cdc9d9-ddb5-4fa4-a97d-d965ccfc6d4b" outcome="Passed" testListId="8c84fa94-04c1-424b-9868-57a2d4851a1d" relativeResultsDirectory="6decf6a2-07e8-4191-bc94-b0e75c48b114">
    </UnitTestResult>
    <UnitTestResult executionId="abd589e8-7ef9-4d17-a696-4f7533b5c051" testId="4c98a5a0-9b82-2483-26bc-2d4b9b928055" testName="TestSpo2Boundaryzero" computerName="INGBTCPIC5NBZZ5" duration="00:00:00.0001331" startTime="2019-08-02T07:53:45.2577479+05:30" endTime="2019-08-02T07:53:45.2597818+05:30" testType="13cdc9d9-ddb5-4fa4-a97d-d965ccfc6d4b" outcome="Passed" testListId="8c84fa94-04c1-424b-9868-57a2d4851a1d" relativeResultsDirectory="abd589e8-7ef9-4d17-a696-4f7533b5c051">
    </UnitTestResult>
    <UnitTestResult executionId="4814a79b-2358-4595-8807-c5b648e9253b" testId="863804d6-848a-c3bc-1e6d-6e95f526f8a5" testName="TestSpo2Valid" computerName="INGBTCPIC5NBZZ5" duration="00:00:00.0001129" startTime="2019-08-02T07:53:45.2607490+05:30" endTime="2019-08-02T07:53:45.2617485+05:30" testType="13cdc9d9-ddb5-4fa4-a97d-d965ccfc6d4b" outcome="Passed" testListId="8c84fa94-04c1-424b-9868-57a2d4851a1d" relativeResultsDirectory="4814a79b-2358-4595-8807-c5b648e9253b">
    </UnitTestResult>
    <UnitTestResult executionId="7fd60db3-94f0-43ba-9f3d-5a54de210956" testId="9dcd935f-7349-6bbb-9de8-8d3833ae9fe1" testName="TestTempBoundaryMinus1" computerName="INGBTCPIC5NBZZ5" duration="00:00:00.0001975" startTime="2019-08-02T07:53:45.2637527+05:30" endTime="2019-08-02T07:53:45.2657539+05:30" testType="13cdc9d9-ddb5-4fa4-a97d-d965ccfc6d4b" outcome="Passed" testListId="8c84fa94-04c1-424b-9868-57a2d4851a1d" relativeResultsDirectory="7fd60db3-94f0-43ba-9f3d-5a54de210956">
    </UnitTestResult>
    <UnitTestResult executionId="a72d3f7f-b705-4025-bd32-0f1eb2ac7533" testId="cd6cd233-ad01-65af-f5ad-a475e76877f6" testName="TestTempBoundaryZero" computerName="INGBTCPIC5NBZZ5" duration="00:00:00.0001547" startTime="2019-08-02T07:53:45.2667496+05:30" endTime="2019-08-02T07:53:45.2687462+05:30" testType="13cdc9d9-ddb5-4fa4-a97d-d965ccfc6d4b" outcome="Passed" testListId="8c84fa94-04c1-424b-9868-57a2d4851a1d" relativeResultsDirectory="a72d3f7f-b705-4025-bd32-0f1eb2ac7533">
    </UnitTestResult>
    <UnitTestResult executionId="9d9959b4-bb47-4336-9e25-6af42515f8f0" testId="243659e1-a994-f57b-1b27-a57cb21ffdc9" testName="TestTempValid" computerName="INGBTCPIC5NBZZ5" duration="00:00:00.0001160" startTime="2019-08-02T07:53:45.2697480+05:30" endTime="2019-08-02T07:53:45.2717815+05:30" testType="13cdc9d9-ddb5-4fa4-a97d-d965ccfc6d4b" outcome="Passed" testListId="8c84fa94-04c1-424b-9868-57a2d4851a1d" relativeResultsDirectory="9d9959b4-bb47-4336-9e25-6af42515f8f0">
    </UnitTestResult>
  </Results>
</TestRun>