<?xml version="1.0" encoding="UTF-8"?>
<TestRun id="293d63e8-2705-4636-bf16-22791c32f66a" name="320067581@INGBTCPIC5NBZZ4 2019-07-31 22:45:50" runUser="CODE1\320067581" xmlns="http://microsoft.com/schemas/VisualStudio/TeamTest/2010">
  <TestSettings name="Default Test Settings" id="2e54fdcf-27ea-4016-8c64-0ee8af64e771">
    <Execution>
      <TestTypeSpecific />
      <AgentRule name="Execution Agents">
      </AgentRule>
    </Execution>
    <Deployment runDeploymentRoot="320067581_INGBTCPIC5NBZZ4 2019-07-31 22_45_50" />
    <Properties />
  </TestSettings>
  <Times creation="2019-07-31T22:45:50.7379370+05:30" queuing="2019-07-31T22:45:51.2228905+05:30" start="2019-07-31T22:45:51.2848934+05:30" finish="2019-07-31T22:45:51.6369325+05:30" />
  <ResultSummary outcome="Completed">
    <Counters total="14" executed="14" passed="14" error="0" failed="0" timeout="0" aborted="0" inconclusive="0" passedButRunAborted="0" notRunnable="0" notExecuted="0" disconnected="0" warning="0" completed="0" inProgress="0" pending="0" />
  </ResultSummary>
  <TestDefinitions>
    <UnitTest name="SPO2BoundaryTCPlusOne" storage="c:\users\320067581\patientmonitor\patientmonitor-master\patientmonitertest\bin\debug\patientmonitertest.dll" id="6384601c-6e91-8d88-7d0b-957a2e9458ca">
      <Execution id="89dc0dc3-38ac-4318-8208-0c9ddb1e7d37" />
      <TestMethod codeBase="C:/Users/320067581/PatientMonitor/PatientMonitor-master/PatientMoniterTest/bin/Debug/PatientMoniterTest.DLL" adapterTypeName="Microsoft.VisualStudio.TestTools.TestTypes.Unit.UnitTestAdapter, Microsoft.VisualStudio.QualityTools.Tips.UnitTest.Adapter, Version=12.0.0.0, Culture=neutral, PublicKeyToken=b03f5f7f11d50a3a" className="PatientMoniterTest.UnitTest1, PatientMoniterTest, Version=1.0.0.0, Culture=neutral, PublicKeyToken=null" name="SPO2BoundaryTCPlusOne" />
    </UnitTest>
    <UnitTest name="TempBoundaryTCZero" storage="c:\users\320067581\patientmonitor\patientmonitor-master\patientmonitertest\bin\debug\patientmonitertest.dll" id="91183195-af9d-285d-a7ed-c63c10e7d4bc">
      <Execution id="5bb7e3a7-9458-45e3-83c5-7e63dd42d51d" />
      <TestMethod codeBase="C:/Users/320067581/PatientMonitor/PatientMonitor-master/PatientMoniterTest/bin/Debug/PatientMoniterTest.DLL" adapterTypeName="Microsoft.VisualStudio.TestTools.TestTypes.Unit.UnitTestAdapter, Microsoft.VisualStudio.QualityTools.Tips.UnitTest.Adapter, Version=12.0.0.0, Culture=neutral, PublicKeyToken=b03f5f7f11d50a3a" className="PatientMoniterTest.UnitTest1, PatientMoniterTest, Version=1.0.0.0, Culture=neutral, PublicKeyToken=null" name="TempBoundaryTCZero" />
    </UnitTest>
    <UnitTest name="TempBoundaryTCMinus1" storage="c:\users\320067581\patientmonitor\patientmonitor-master\patientmonitertest\bin\debug\patientmonitertest.dll" id="187ac4f0-ba5f-5d41-2065-36aa116f54f4">
      <Execution id="a08e0b77-a232-4eeb-8c25-30d233b9fec2" />
      <TestMethod codeBase="C:/Users/320067581/PatientMonitor/PatientMonitor-master/PatientMoniterTest/bin/Debug/PatientMoniterTest.DLL" adapterTypeName="Microsoft.VisualStudio.TestTools.TestTypes.Unit.UnitTestAdapter, Microsoft.VisualStudio.QualityTools.Tips.UnitTest.Adapter, Version=12.0.0.0, Culture=neutral, PublicKeyToken=b03f5f7f11d50a3a" className="PatientMoniterTest.UnitTest1, PatientMoniterTest, Version=1.0.0.0, Culture=neutral, PublicKeyToken=null" name="TempBoundaryTCMinus1" />
    </UnitTest>
    <UnitTest name="TempValidTC" storage="c:\users\320067581\patientmonitor\patientmonitor-master\patientmonitertest\bin\debug\patientmonitertest.dll" id="15d2601d-391e-459a-ef95-61056092a6f9">
      <Execution id="43c25c27-3b4a-4886-8bc5-3a7fcdf4612d" />
      <TestMethod codeBase="C:/Users/320067581/PatientMonitor/PatientMonitor-master/PatientMoniterTest/bin/Debug/PatientMoniterTest.DLL" adapterTypeName="Microsoft.VisualStudio.TestTools.TestTypes.Unit.UnitTestAdapter, Microsoft.VisualStudio.QualityTools.Tips.UnitTest.Adapter, Version=12.0.0.0, Culture=neutral, PublicKeyToken=b03f5f7f11d50a3a" className="PatientMoniterTest.UnitTest1, PatientMoniterTest, Version=1.0.0.0, Culture=neutral, PublicKeyToken=null" name="TempValidTC" />
    </UnitTest>
    <UnitTest name="SPO2BoundaryTCMinus1" storage="c:\users\320067581\patientmonitor\patientmonitor-master\patientmonitertest\bin\debug\patientmonitertest.dll" id="cf43fd0a-dbf8-fa0b-c091-50ac1559fbe5">
      <Execution id="fabcdf22-fb1c-4bb9-877a-0ba230506ac7" />
      <TestMethod codeBase="C:/Users/320067581/PatientMonitor/PatientMonitor-master/PatientMoniterTest/bin/Debug/PatientMoniterTest.DLL" adapterTypeName="Microsoft.VisualStudio.TestTools.TestTypes.Unit.UnitTestAdapter, Microsoft.VisualStudio.QualityTools.Tips.UnitTest.Adapter, Version=12.0.0.0, Culture=neutral, PublicKeyToken=b03f5f7f11d50a3a" className="PatientMoniterTest.UnitTest1, PatientMoniterTest, Version=1.0.0.0, Culture=neutral, PublicKeyToken=null" name="SPO2BoundaryTCMinus1" />
    </UnitTest>
    <UnitTest name="SPO2ValidTC" storage="c:\users\320067581\patientmonitor\patientmonitor-master\patientmonitertest\bin\debug\patientmonitertest.dll" id="d659fcae-0901-6bf9-1ffa-c1979fdb9893">
      <Execution id="60dfbd3a-7fbf-46c4-aab3-b0277b26a5f2" />
      <TestMethod codeBase="C:/Users/320067581/PatientMonitor/PatientMonitor-master/PatientMoniterTest/bin/Debug/PatientMoniterTest.DLL" adapterTypeName="Microsoft.VisualStudio.TestTools.TestTypes.Unit.UnitTestAdapter, Microsoft.VisualStudio.QualityTools.Tips.UnitTest.Adapter, Version=12.0.0.0, Culture=neutral, PublicKeyToken=b03f5f7f11d50a3a" className="PatientMoniterTest.UnitTest1, PatientMoniterTest, Version=1.0.0.0, Culture=neutral, PublicKeyToken=null" name="SPO2ValidTC" />
    </UnitTest>
    <UnitTest name="TempBoundaryTCPlusOne" storage="c:\users\320067581\patientmonitor\patientmonitor-master\patientmonitertest\bin\debug\patientmonitertest.dll" id="2949735a-dc9c-13ff-9985-f61b5f7955c4">
      <Execution id="bdc78295-0527-4c48-8120-1a3ed0e12289" />
      <TestMethod codeBase="C:/Users/320067581/PatientMonitor/PatientMonitor-master/PatientMoniterTest/bin/Debug/PatientMoniterTest.DLL" adapterTypeName="Microsoft.VisualStudio.TestTools.TestTypes.Unit.UnitTestAdapter, Microsoft.VisualStudio.QualityTools.Tips.UnitTest.Adapter, Version=12.0.0.0, Culture=neutral, PublicKeyToken=b03f5f7f11d50a3a" className="PatientMoniterTest.UnitTest1, PatientMoniterTest, Version=1.0.0.0, Culture=neutral, PublicKeyToken=null" name="TempBoundaryTCPlusOne" />
    </UnitTest>
    <UnitTest name="PulseBoundaryTCMinus1" storage="c:\users\320067581\patientmonitor\patientmonitor-master\patientmonitertest\bin\debug\patientmonitertest.dll" id="25a1d1ee-80d6-614a-200a-41f0eda98422">
      <Execution id="69ccadec-87b9-430c-9c9a-629eb161517e" />
      <TestMethod codeBase="C:/Users/320067581/PatientMonitor/PatientMonitor-master/PatientMoniterTest/bin/Debug/PatientMoniterTest.DLL" adapterTypeName="Microsoft.VisualStudio.TestTools.TestTypes.Unit.UnitTestAdapter, Microsoft.VisualStudio.QualityTools.Tips.UnitTest.Adapter, Version=12.0.0.0, Culture=neutral, PublicKeyToken=b03f5f7f11d50a3a" className="PatientMoniterTest.UnitTest1, PatientMoniterTest, Version=1.0.0.0, Culture=neutral, PublicKeyToken=null" name="PulseBoundaryTCMinus1" />
    </UnitTest>
    <UnitTest name="TempInvalidTC" storage="c:\users\320067581\patientmonitor\patientmonitor-master\patientmonitertest\bin\debug\patientmonitertest.dll" id="a0735254-022d-738a-88b3-5a06da506750">
      <Execution id="569f91d5-23d7-48ef-9322-c7dc60b217f6" />
      <TestMethod codeBase="C:/Users/320067581/PatientMonitor/PatientMonitor-master/PatientMoniterTest/bin/Debug/PatientMoniterTest.DLL" adapterTypeName="Microsoft.VisualStudio.TestTools.TestTypes.Unit.UnitTestAdapter, Microsoft.VisualStudio.QualityTools.Tips.UnitTest.Adapter, Version=12.0.0.0, Culture=neutral, PublicKeyToken=b03f5f7f11d50a3a" className="PatientMoniterTest.UnitTest1, PatientMoniterTest, Version=1.0.0.0, Culture=neutral, PublicKeyToken=null" name="TempInvalidTC" />
    </UnitTest>
    <UnitTest name="PulseBoundaryTCZero" storage="c:\users\320067581\patientmonitor\patientmonitor-master\patientmonitertest\bin\debug\patientmonitertest.dll" id="66bf1c53-98cc-b4e6-4f23-1fa95b671e46">
      <Execution id="35505b6a-f565-47b0-aa30-71b82c7e4e72" />
      <TestMethod codeBase="C:/Users/320067581/PatientMonitor/PatientMonitor-master/PatientMoniterTest/bin/Debug/PatientMoniterTest.DLL" adapterTypeName="Microsoft.VisualStudio.TestTools.TestTypes.Unit.UnitTestAdapter, Microsoft.VisualStudio.QualityTools.Tips.UnitTest.Adapter, Version=12.0.0.0, Culture=neutral, PublicKeyToken=b03f5f7f11d50a3a" className="PatientMoniterTest.UnitTest1, PatientMoniterTest, Version=1.0.0.0, Culture=neutral, PublicKeyToken=null" name="PulseBoundaryTCZero" />
    </UnitTest>
    <UnitTest name="SPO2InvalidTC" storage="c:\users\320067581\patientmonitor\patientmonitor-master\patientmonitertest\bin\debug\patientmonitertest.dll" id="b57b14c3-eac8-00e9-46b6-ed7c3066dfa2">
      <Execution id="9113f525-423f-455f-905c-4b12733825cf" />
      <TestMethod codeBase="C:/Users/320067581/PatientMonitor/PatientMonitor-master/PatientMoniterTest/bin/Debug/PatientMoniterTest.DLL" adapterTypeName="Microsoft.VisualStudio.TestTools.TestTypes.Unit.UnitTestAdapter, Microsoft.VisualStudio.QualityTools.Tips.UnitTest.Adapter, Version=12.0.0.0, Culture=neutral, PublicKeyToken=b03f5f7f11d50a3a" className="PatientMoniterTest.UnitTest1, PatientMoniterTest, Version=1.0.0.0, Culture=neutral, PublicKeyToken=null" name="SPO2InvalidTC" />
    </UnitTest>
    <UnitTest name="PulseInvalidTC" storage="c:\users\320067581\patientmonitor\patientmonitor-master\patientmonitertest\bin\debug\patientmonitertest.dll" id="8360458c-7750-bedc-91fa-8070edb99a59">
      <Execution id="92860f9d-868a-4ce9-b639-6da6d3e170bd" />
      <TestMethod codeBase="C:/Users/320067581/PatientMonitor/PatientMonitor-master/PatientMoniterTest/bin/Debug/PatientMoniterTest.DLL" adapterTypeName="Microsoft.VisualStudio.TestTools.TestTypes.Unit.UnitTestAdapter, Microsoft.VisualStudio.QualityTools.Tips.UnitTest.Adapter, Version=12.0.0.0, Culture=neutral, PublicKeyToken=b03f5f7f11d50a3a" className="PatientMoniterTest.UnitTest1, PatientMoniterTest, Version=1.0.0.0, Culture=neutral, PublicKeyToken=null" name="PulseInvalidTC" />
    </UnitTest>
    <UnitTest name="PulseValidTC" storage="c:\users\320067581\patientmonitor\patientmonitor-master\patientmonitertest\bin\debug\patientmonitertest.dll" id="463eb0e3-41b3-8986-9695-919ab4255218">
      <Execution id="13ee4e6a-3a28-471b-94fa-2adb3c841e8f" />
      <TestMethod codeBase="C:/Users/320067581/PatientMonitor/PatientMonitor-master/PatientMoniterTest/bin/Debug/PatientMoniterTest.DLL" adapterTypeName="Microsoft.VisualStudio.TestTools.TestTypes.Unit.UnitTestAdapter, Microsoft.VisualStudio.QualityTools.Tips.UnitTest.Adapter, Version=12.0.0.0, Culture=neutral, PublicKeyToken=b03f5f7f11d50a3a" className="PatientMoniterTest.UnitTest1, PatientMoniterTest, Version=1.0.0.0, Culture=neutral, PublicKeyToken=null" name="PulseValidTC" />
    </UnitTest>
    <UnitTest name="SPO2BoundaryTCZero" storage="c:\users\320067581\patientmonitor\patientmonitor-master\patientmonitertest\bin\debug\patientmonitertest.dll" id="699c0386-af60-d233-9b2a-485c82fcf3df">
      <Execution id="4bfbf713-0d14-4577-9283-dd43642cad37" />
      <TestMethod codeBase="C:/Users/320067581/PatientMonitor/PatientMonitor-master/PatientMoniterTest/bin/Debug/PatientMoniterTest.DLL" adapterTypeName="Microsoft.VisualStudio.TestTools.TestTypes.Unit.UnitTestAdapter, Microsoft.VisualStudio.QualityTools.Tips.UnitTest.Adapter, Version=12.0.0.0, Culture=neutral, PublicKeyToken=b03f5f7f11d50a3a" className="PatientMoniterTest.UnitTest1, PatientMoniterTest, Version=1.0.0.0, Culture=neutral, PublicKeyToken=null" name="SPO2BoundaryTCZero" />
    </UnitTest>
  </TestDefinitions>
  <TestLists>
    <TestList name="Results Not in a List" id="8c84fa94-04c1-424b-9868-57a2d4851a1d" />
    <TestList name="All Loaded Results" id="19431567-8539-422a-85d7-44ee4e166bda" />
  </TestLists>
  <TestEntries>
    <TestEntry testId="25a1d1ee-80d6-614a-200a-41f0eda98422" executionId="69ccadec-87b9-430c-9c9a-629eb161517e" testListId="8c84fa94-04c1-424b-9868-57a2d4851a1d" />
    <TestEntry testId="66bf1c53-98cc-b4e6-4f23-1fa95b671e46" executionId="35505b6a-f565-47b0-aa30-71b82c7e4e72" testListId="8c84fa94-04c1-424b-9868-57a2d4851a1d" />
    <TestEntry testId="8360458c-7750-bedc-91fa-8070edb99a59" executionId="92860f9d-868a-4ce9-b639-6da6d3e170bd" testListId="8c84fa94-04c1-424b-9868-57a2d4851a1d" />
    <TestEntry testId="463eb0e3-41b3-8986-9695-919ab4255218" executionId="13ee4e6a-3a28-471b-94fa-2adb3c841e8f" testListId="8c84fa94-04c1-424b-9868-57a2d4851a1d" />
    <TestEntry testId="cf43fd0a-dbf8-fa0b-c091-50ac1559fbe5" executionId="fabcdf22-fb1c-4bb9-877a-0ba230506ac7" testListId="8c84fa94-04c1-424b-9868-57a2d4851a1d" />
    <TestEntry testId="6384601c-6e91-8d88-7d0b-957a2e9458ca" executionId="89dc0dc3-38ac-4318-8208-0c9ddb1e7d37" testListId="8c84fa94-04c1-424b-9868-57a2d4851a1d" />
    <TestEntry testId="699c0386-af60-d233-9b2a-485c82fcf3df" executionId="4bfbf713-0d14-4577-9283-dd43642cad37" testListId="8c84fa94-04c1-424b-9868-57a2d4851a1d" />
    <TestEntry testId="b57b14c3-eac8-00e9-46b6-ed7c3066dfa2" executionId="9113f525-423f-455f-905c-4b12733825cf" testListId="8c84fa94-04c1-424b-9868-57a2d4851a1d" />
    <TestEntry testId="d659fcae-0901-6bf9-1ffa-c1979fdb9893" executionId="60dfbd3a-7fbf-46c4-aab3-b0277b26a5f2" testListId="8c84fa94-04c1-424b-9868-57a2d4851a1d" />
    <TestEntry testId="187ac4f0-ba5f-5d41-2065-36aa116f54f4" executionId="a08e0b77-a232-4eeb-8c25-30d233b9fec2" testListId="8c84fa94-04c1-424b-9868-57a2d4851a1d" />
    <TestEntry testId="2949735a-dc9c-13ff-9985-f61b5f7955c4" executionId="bdc78295-0527-4c48-8120-1a3ed0e12289" testListId="8c84fa94-04c1-424b-9868-57a2d4851a1d" />
    <TestEntry testId="91183195-af9d-285d-a7ed-c63c10e7d4bc" executionId="5bb7e3a7-9458-45e3-83c5-7e63dd42d51d" testListId="8c84fa94-04c1-424b-9868-57a2d4851a1d" />
    <TestEntry testId="a0735254-022d-738a-88b3-5a06da506750" executionId="569f91d5-23d7-48ef-9322-c7dc60b217f6" testListId="8c84fa94-04c1-424b-9868-57a2d4851a1d" />
    <TestEntry testId="15d2601d-391e-459a-ef95-61056092a6f9" executionId="43c25c27-3b4a-4886-8bc5-3a7fcdf4612d" testListId="8c84fa94-04c1-424b-9868-57a2d4851a1d" />
  </TestEntries>
  <Results>
    <UnitTestResult executionId="69ccadec-87b9-430c-9c9a-629eb161517e" testId="25a1d1ee-80d6-614a-200a-41f0eda98422" testName="PulseBoundaryTCMinus1" computerName="INGBTCPIC5NBZZ4" duration="00:00:00.0137208" startTime="2019-07-31T22:45:51.3129416+05:30" endTime="2019-07-31T22:45:51.5448950+05:30" testType="13cdc9d9-ddb5-4fa4-a97d-d965ccfc6d4b" outcome="Passed" testListId="8c84fa94-04c1-424b-9868-57a2d4851a1d" relativeResultsDirectory="69ccadec-87b9-430c-9c9a-629eb161517e">
      <Output>
        <StdOut>The PulseRate--&gt;59 is out of range</StdOut>
      </Output>
    </UnitTestResult>
    <UnitTestResult executionId="35505b6a-f565-47b0-aa30-71b82c7e4e72" testId="66bf1c53-98cc-b4e6-4f23-1fa95b671e46" testName="PulseBoundaryTCZero" computerName="INGBTCPIC5NBZZ4" duration="00:00:00.0002830" startTime="2019-07-31T22:45:51.5468928+05:30" endTime="2019-07-31T22:45:51.5489376+05:30" testType="13cdc9d9-ddb5-4fa4-a97d-d965ccfc6d4b" outcome="Passed" testListId="8c84fa94-04c1-424b-9868-57a2d4851a1d" relativeResultsDirectory="35505b6a-f565-47b0-aa30-71b82c7e4e72">
    </UnitTestResult>
    <UnitTestResult executionId="92860f9d-868a-4ce9-b639-6da6d3e170bd" testId="8360458c-7750-bedc-91fa-8070edb99a59" testName="PulseInvalidTC" computerName="INGBTCPIC5NBZZ4" duration="00:00:00.0002268" startTime="2019-07-31T22:45:51.5508954+05:30" endTime="2019-07-31T22:45:51.5528915+05:30" testType="13cdc9d9-ddb5-4fa4-a97d-d965ccfc6d4b" outcome="Passed" testListId="8c84fa94-04c1-424b-9868-57a2d4851a1d" relativeResultsDirectory="92860f9d-868a-4ce9-b639-6da6d3e170bd">
      <Output>
        <StdOut>The PulseRate--&gt;50 is out of range</StdOut>
      </Output>
    </UnitTestResult>
    <UnitTestResult executionId="13ee4e6a-3a28-471b-94fa-2adb3c841e8f" testId="463eb0e3-41b3-8986-9695-919ab4255218" testName="PulseValidTC" computerName="INGBTCPIC5NBZZ4" duration="00:00:00.0001868" startTime="2019-07-31T22:45:51.5548936+05:30" endTime="2019-07-31T22:45:51.5558923+05:30" testType="13cdc9d9-ddb5-4fa4-a97d-d965ccfc6d4b" outcome="Passed" testListId="8c84fa94-04c1-424b-9868-57a2d4851a1d" relativeResultsDirectory="13ee4e6a-3a28-471b-94fa-2adb3c841e8f">
    </UnitTestResult>
    <UnitTestResult executionId="fabcdf22-fb1c-4bb9-877a-0ba230506ac7" testId="cf43fd0a-dbf8-fa0b-c091-50ac1559fbe5" testName="SPO2BoundaryTCMinus1" computerName="INGBTCPIC5NBZZ4" duration="00:00:00.0002392" startTime="2019-07-31T22:45:51.5578965+05:30" endTime="2019-07-31T22:45:51.5599353+05:30" testType="13cdc9d9-ddb5-4fa4-a97d-d965ccfc6d4b" outcome="Passed" testListId="8c84fa94-04c1-424b-9868-57a2d4851a1d" relativeResultsDirectory="fabcdf22-fb1c-4bb9-877a-0ba230506ac7">
      <Output>
        <StdOut>The SPO2--&gt;90 is out of range</StdOut>
      </Output>
    </UnitTestResult>
    <UnitTestResult executionId="89dc0dc3-38ac-4318-8208-0c9ddb1e7d37" testId="6384601c-6e91-8d88-7d0b-957a2e9458ca" testName="SPO2BoundaryTCPlusOne" computerName="INGBTCPIC5NBZZ4" duration="00:00:00.0002446" startTime="2019-07-31T22:45:51.5618964+05:30" endTime="2019-07-31T22:45:51.5638947+05:30" testType="13cdc9d9-ddb5-4fa4-a97d-d965ccfc6d4b" outcome="Passed" testListId="8c84fa94-04c1-424b-9868-57a2d4851a1d" relativeResultsDirectory="89dc0dc3-38ac-4318-8208-0c9ddb1e7d37">
      <Output>
        <StdOut>The SPO2--&gt;101 is out of range</StdOut>
      </Output>
    </UnitTestResult>
    <UnitTestResult executionId="4bfbf713-0d14-4577-9283-dd43642cad37" testId="699c0386-af60-d233-9b2a-485c82fcf3df" testName="SPO2BoundaryTCZero" computerName="INGBTCPIC5NBZZ4" duration="00:00:00.0002878" startTime="2019-07-31T22:45:51.5668943+05:30" endTime="2019-07-31T22:45:51.5689078+05:30" testType="13cdc9d9-ddb5-4fa4-a97d-d965ccfc6d4b" outcome="Passed" testListId="8c84fa94-04c1-424b-9868-57a2d4851a1d" relativeResultsDirectory="4bfbf713-0d14-4577-9283-dd43642cad37">
    </UnitTestResult>
    <UnitTestResult executionId="9113f525-423f-455f-905c-4b12733825cf" testId="b57b14c3-eac8-00e9-46b6-ed7c3066dfa2" testName="SPO2InvalidTC" computerName="INGBTCPIC5NBZZ4" duration="00:00:00.0002943" startTime="2019-07-31T22:45:51.5708937+05:30" endTime="2019-07-31T22:45:51.5728903+05:30" testType="13cdc9d9-ddb5-4fa4-a97d-d965ccfc6d4b" outcome="Passed" testListId="8c84fa94-04c1-424b-9868-57a2d4851a1d" relativeResultsDirectory="9113f525-423f-455f-905c-4b12733825cf">
      <Output>
        <StdOut>The SPO2--&gt;101 is out of range</StdOut>
      </Output>
    </UnitTestResult>
    <UnitTestResult executionId="60dfbd3a-7fbf-46c4-aab3-b0277b26a5f2" testId="d659fcae-0901-6bf9-1ffa-c1979fdb9893" testName="SPO2ValidTC" computerName="INGBTCPIC5NBZZ4" duration="00:00:00.0002495" startTime="2019-07-31T22:45:51.5749076+05:30" endTime="2019-07-31T22:45:51.5768951+05:30" testType="13cdc9d9-ddb5-4fa4-a97d-d965ccfc6d4b" outcome="Passed" testListId="8c84fa94-04c1-424b-9868-57a2d4851a1d" relativeResultsDirectory="60dfbd3a-7fbf-46c4-aab3-b0277b26a5f2">
    </UnitTestResult>
    <UnitTestResult executionId="a08e0b77-a232-4eeb-8c25-30d233b9fec2" testId="187ac4f0-ba5f-5d41-2065-36aa116f54f4" testName="TempBoundaryTCMinus1" computerName="INGBTCPIC5NBZZ4" duration="00:00:00.0003191" startTime="2019-07-31T22:45:51.5798974+05:30" endTime="2019-07-31T22:45:51.5838946+05:30" testType="13cdc9d9-ddb5-4fa4-a97d-d965ccfc6d4b" outcome="Passed" testListId="8c84fa94-04c1-424b-9868-57a2d4851a1d" relativeResultsDirectory="a08e0b77-a232-4eeb-8c25-30d233b9fec2">
      <Output>
        <StdOut>The Temperature--&gt;96.9 is out of range</StdOut>
      </Output>
    </UnitTestResult>
    <UnitTestResult executionId="bdc78295-0527-4c48-8120-1a3ed0e12289" testId="2949735a-dc9c-13ff-9985-f61b5f7955c4" testName="TempBoundaryTCPlusOne" computerName="INGBTCPIC5NBZZ4" duration="00:00:00.0002711" startTime="2019-07-31T22:45:51.5848927+05:30" endTime="2019-07-31T22:45:51.5869347+05:30" testType="13cdc9d9-ddb5-4fa4-a97d-d965ccfc6d4b" outcome="Passed" testListId="8c84fa94-04c1-424b-9868-57a2d4851a1d" relativeResultsDirectory="bdc78295-0527-4c48-8120-1a3ed0e12289">
      <Output>
        <StdOut>The Temperature--&gt;99.1 is out of range</StdOut>
      </Output>
    </UnitTestResult>
    <UnitTestResult executionId="5bb7e3a7-9458-45e3-83c5-7e63dd42d51d" testId="91183195-af9d-285d-a7ed-c63c10e7d4bc" testName="TempBoundaryTCZero" computerName="INGBTCPIC5NBZZ4" duration="00:00:00.0003753" startTime="2019-07-31T22:45:51.5888958+05:30" endTime="2019-07-31T22:45:51.5919397+05:30" testType="13cdc9d9-ddb5-4fa4-a97d-d965ccfc6d4b" outcome="Passed" testListId="8c84fa94-04c1-424b-9868-57a2d4851a1d" relativeResultsDirectory="5bb7e3a7-9458-45e3-83c5-7e63dd42d51d">
    </UnitTestResult>
    <UnitTestResult executionId="569f91d5-23d7-48ef-9322-c7dc60b217f6" testId="a0735254-022d-738a-88b3-5a06da506750" testName="TempInvalidTC" computerName="INGBTCPIC5NBZZ4" duration="00:00:00.0002095" startTime="2019-07-31T22:45:51.5938937+05:30" endTime="2019-07-31T22:45:51.5948929+05:30" testType="13cdc9d9-ddb5-4fa4-a97d-d965ccfc6d4b" outcome="Passed" testListId="8c84fa94-04c1-424b-9868-57a2d4851a1d" relativeResultsDirectory="569f91d5-23d7-48ef-9322-c7dc60b217f6">
      <Output>
        <StdOut>The Temperature--&gt;90.3 is out of range</StdOut>
      </Output>
    </UnitTestResult>
    <UnitTestResult executionId="43c25c27-3b4a-4886-8bc5-3a7fcdf4612d" testId="15d2601d-391e-459a-ef95-61056092a6f9" testName="TempValidTC" computerName="INGBTCPIC5NBZZ4" duration="00:00:00.0003580" startTime="2019-07-31T22:45:51.5978990+05:30" endTime="2019-07-31T22:45:51.6019307+05:30" testType="13cdc9d9-ddb5-4fa4-a97d-d965ccfc6d4b" outcome="Passed" testListId="8c84fa94-04c1-424b-9868-57a2d4851a1d" relativeResultsDirectory="43c25c27-3b4a-4886-8bc5-3a7fcdf4612d">
    </UnitTestResult>
  </Results>
</TestRun>