<?xml version="1.0" encoding="UTF-8"?>
<TestRun id="641fb8e4-7d80-4493-aa74-6a8e24b685cc" name="320067581@INGBTCPIC5NBZZ4 2019-07-31 20:09:37" runUser="CODE1\320067581" xmlns="http://microsoft.com/schemas/VisualStudio/TeamTest/2010">
  <TestSettings name="Default Test Settings" id="0cb17624-c6ad-45d7-b76f-a5e0c2a63c04">
    <Execution>
      <TestTypeSpecific />
      <AgentRule name="Execution Agents">
      </AgentRule>
    </Execution>
    <Deployment runDeploymentRoot="320067581_INGBTCPIC5NBZZ4 2019-07-31 20_09_37" />
    <Properties />
  </TestSettings>
  <Times creation="2019-07-31T20:09:37.0405552+05:30" queuing="2019-07-31T20:09:37.5065128+05:30" start="2019-07-31T20:09:37.5655122+05:30" finish="2019-07-31T20:09:37.9274836+05:30" />
  <ResultSummary outcome="Completed">
    <Counters total="14" executed="14" passed="14" error="0" failed="0" timeout="0" aborted="0" inconclusive="0" passedButRunAborted="0" notRunnable="0" notExecuted="0" disconnected="0" warning="0" completed="0" inProgress="0" pending="0" />
  </ResultSummary>
  <TestDefinitions>
    <UnitTest name="SPO2BoundaryTCPlusOne" storage="c:\users\320067581\patientmonitor\patientmonitor-master\patientmonitertest\bin\debug\patientmonitertest.dll" id="6384601c-6e91-8d88-7d0b-957a2e9458ca">
      <Execution id="ada8349b-e4cb-49b7-b1f1-4f55fd43b992" />
      <TestMethod codeBase="C:/Users/320067581/PatientMonitor/PatientMonitor-master/PatientMoniterTest/bin/Debug/PatientMoniterTest.DLL" adapterTypeName="Microsoft.VisualStudio.TestTools.TestTypes.Unit.UnitTestAdapter, Microsoft.VisualStudio.QualityTools.Tips.UnitTest.Adapter, Version=12.0.0.0, Culture=neutral, PublicKeyToken=b03f5f7f11d50a3a" className="PatientMoniterTest.UnitTest1, PatientMoniterTest, Version=1.0.0.0, Culture=neutral, PublicKeyToken=null" name="SPO2BoundaryTCPlusOne" />
    </UnitTest>
    <UnitTest name="TempBoundaryTCZero" storage="c:\users\320067581\patientmonitor\patientmonitor-master\patientmonitertest\bin\debug\patientmonitertest.dll" id="91183195-af9d-285d-a7ed-c63c10e7d4bc">
      <Execution id="311726af-a68c-4327-be07-a4629f60f1df" />
      <TestMethod codeBase="C:/Users/320067581/PatientMonitor/PatientMonitor-master/PatientMoniterTest/bin/Debug/PatientMoniterTest.DLL" adapterTypeName="Microsoft.VisualStudio.TestTools.TestTypes.Unit.UnitTestAdapter, Microsoft.VisualStudio.QualityTools.Tips.UnitTest.Adapter, Version=12.0.0.0, Culture=neutral, PublicKeyToken=b03f5f7f11d50a3a" className="PatientMoniterTest.UnitTest1, PatientMoniterTest, Version=1.0.0.0, Culture=neutral, PublicKeyToken=null" name="TempBoundaryTCZero" />
    </UnitTest>
    <UnitTest name="TempBoundaryTCMinus1" storage="c:\users\320067581\patientmonitor\patientmonitor-master\patientmonitertest\bin\debug\patientmonitertest.dll" id="187ac4f0-ba5f-5d41-2065-36aa116f54f4">
      <Execution id="93046c73-6271-469d-a6f2-b245bb5ba42b" />
      <TestMethod codeBase="C:/Users/320067581/PatientMonitor/PatientMonitor-master/PatientMoniterTest/bin/Debug/PatientMoniterTest.DLL" adapterTypeName="Microsoft.VisualStudio.TestTools.TestTypes.Unit.UnitTestAdapter, Microsoft.VisualStudio.QualityTools.Tips.UnitTest.Adapter, Version=12.0.0.0, Culture=neutral, PublicKeyToken=b03f5f7f11d50a3a" className="PatientMoniterTest.UnitTest1, PatientMoniterTest, Version=1.0.0.0, Culture=neutral, PublicKeyToken=null" name="TempBoundaryTCMinus1" />
    </UnitTest>
    <UnitTest name="TempValidTC" storage="c:\users\320067581\patientmonitor\patientmonitor-master\patientmonitertest\bin\debug\patientmonitertest.dll" id="15d2601d-391e-459a-ef95-61056092a6f9">
      <Execution id="12bc5924-babb-43aa-878c-9bf25fc2c9eb" />
      <TestMethod codeBase="C:/Users/320067581/PatientMonitor/PatientMonitor-master/PatientMoniterTest/bin/Debug/PatientMoniterTest.DLL" adapterTypeName="Microsoft.VisualStudio.TestTools.TestTypes.Unit.UnitTestAdapter, Microsoft.VisualStudio.QualityTools.Tips.UnitTest.Adapter, Version=12.0.0.0, Culture=neutral, PublicKeyToken=b03f5f7f11d50a3a" className="PatientMoniterTest.UnitTest1, PatientMoniterTest, Version=1.0.0.0, Culture=neutral, PublicKeyToken=null" name="TempValidTC" />
    </UnitTest>
    <UnitTest name="SPO2BoundaryTCMinus1" storage="c:\users\320067581\patientmonitor\patientmonitor-master\patientmonitertest\bin\debug\patientmonitertest.dll" id="cf43fd0a-dbf8-fa0b-c091-50ac1559fbe5">
      <Execution id="ecaf15d9-daad-4a2f-be3a-7f065a309731" />
      <TestMethod codeBase="C:/Users/320067581/PatientMonitor/PatientMonitor-master/PatientMoniterTest/bin/Debug/PatientMoniterTest.DLL" adapterTypeName="Microsoft.VisualStudio.TestTools.TestTypes.Unit.UnitTestAdapter, Microsoft.VisualStudio.QualityTools.Tips.UnitTest.Adapter, Version=12.0.0.0, Culture=neutral, PublicKeyToken=b03f5f7f11d50a3a" className="PatientMoniterTest.UnitTest1, PatientMoniterTest, Version=1.0.0.0, Culture=neutral, PublicKeyToken=null" name="SPO2BoundaryTCMinus1" />
    </UnitTest>
    <UnitTest name="SPO2ValidTC" storage="c:\users\320067581\patientmonitor\patientmonitor-master\patientmonitertest\bin\debug\patientmonitertest.dll" id="d659fcae-0901-6bf9-1ffa-c1979fdb9893">
      <Execution id="4b2dac05-b5c5-4b36-8d44-930ad6451deb" />
      <TestMethod codeBase="C:/Users/320067581/PatientMonitor/PatientMonitor-master/PatientMoniterTest/bin/Debug/PatientMoniterTest.DLL" adapterTypeName="Microsoft.VisualStudio.TestTools.TestTypes.Unit.UnitTestAdapter, Microsoft.VisualStudio.QualityTools.Tips.UnitTest.Adapter, Version=12.0.0.0, Culture=neutral, PublicKeyToken=b03f5f7f11d50a3a" className="PatientMoniterTest.UnitTest1, PatientMoniterTest, Version=1.0.0.0, Culture=neutral, PublicKeyToken=null" name="SPO2ValidTC" />
    </UnitTest>
    <UnitTest name="TempBoundaryTCPlusOne" storage="c:\users\320067581\patientmonitor\patientmonitor-master\patientmonitertest\bin\debug\patientmonitertest.dll" id="2949735a-dc9c-13ff-9985-f61b5f7955c4">
      <Execution id="74575571-e173-4b4a-a172-33a12c566190" />
      <TestMethod codeBase="C:/Users/320067581/PatientMonitor/PatientMonitor-master/PatientMoniterTest/bin/Debug/PatientMoniterTest.DLL" adapterTypeName="Microsoft.VisualStudio.TestTools.TestTypes.Unit.UnitTestAdapter, Microsoft.VisualStudio.QualityTools.Tips.UnitTest.Adapter, Version=12.0.0.0, Culture=neutral, PublicKeyToken=b03f5f7f11d50a3a" className="PatientMoniterTest.UnitTest1, PatientMoniterTest, Version=1.0.0.0, Culture=neutral, PublicKeyToken=null" name="TempBoundaryTCPlusOne" />
    </UnitTest>
    <UnitTest name="PulseBoundaryTCMinus1" storage="c:\users\320067581\patientmonitor\patientmonitor-master\patientmonitertest\bin\debug\patientmonitertest.dll" id="25a1d1ee-80d6-614a-200a-41f0eda98422">
      <Execution id="45e1ffab-34f8-4347-b7ea-99993e964752" />
      <TestMethod codeBase="C:/Users/320067581/PatientMonitor/PatientMonitor-master/PatientMoniterTest/bin/Debug/PatientMoniterTest.DLL" adapterTypeName="Microsoft.VisualStudio.TestTools.TestTypes.Unit.UnitTestAdapter, Microsoft.VisualStudio.QualityTools.Tips.UnitTest.Adapter, Version=12.0.0.0, Culture=neutral, PublicKeyToken=b03f5f7f11d50a3a" className="PatientMoniterTest.UnitTest1, PatientMoniterTest, Version=1.0.0.0, Culture=neutral, PublicKeyToken=null" name="PulseBoundaryTCMinus1" />
    </UnitTest>
    <UnitTest name="TempInvalidTC" storage="c:\users\320067581\patientmonitor\patientmonitor-master\patientmonitertest\bin\debug\patientmonitertest.dll" id="a0735254-022d-738a-88b3-5a06da506750">
      <Execution id="b2418559-7dd6-4409-8f09-27e80a7d4739" />
      <TestMethod codeBase="C:/Users/320067581/PatientMonitor/PatientMonitor-master/PatientMoniterTest/bin/Debug/PatientMoniterTest.DLL" adapterTypeName="Microsoft.VisualStudio.TestTools.TestTypes.Unit.UnitTestAdapter, Microsoft.VisualStudio.QualityTools.Tips.UnitTest.Adapter, Version=12.0.0.0, Culture=neutral, PublicKeyToken=b03f5f7f11d50a3a" className="PatientMoniterTest.UnitTest1, PatientMoniterTest, Version=1.0.0.0, Culture=neutral, PublicKeyToken=null" name="TempInvalidTC" />
    </UnitTest>
    <UnitTest name="PulseBoundaryTCZero" storage="c:\users\320067581\patientmonitor\patientmonitor-master\patientmonitertest\bin\debug\patientmonitertest.dll" id="66bf1c53-98cc-b4e6-4f23-1fa95b671e46">
      <Execution id="b3d1e631-0029-4b63-9e79-804c2b02295c" />
      <TestMethod codeBase="C:/Users/320067581/PatientMonitor/PatientMonitor-master/PatientMoniterTest/bin/Debug/PatientMoniterTest.DLL" adapterTypeName="Microsoft.VisualStudio.TestTools.TestTypes.Unit.UnitTestAdapter, Microsoft.VisualStudio.QualityTools.Tips.UnitTest.Adapter, Version=12.0.0.0, Culture=neutral, PublicKeyToken=b03f5f7f11d50a3a" className="PatientMoniterTest.UnitTest1, PatientMoniterTest, Version=1.0.0.0, Culture=neutral, PublicKeyToken=null" name="PulseBoundaryTCZero" />
    </UnitTest>
    <UnitTest name="SPO2InvalidTC" storage="c:\users\320067581\patientmonitor\patientmonitor-master\patientmonitertest\bin\debug\patientmonitertest.dll" id="b57b14c3-eac8-00e9-46b6-ed7c3066dfa2">
      <Execution id="fb03ace9-adf2-410c-a7b3-5cb32e88f67e" />
      <TestMethod codeBase="C:/Users/320067581/PatientMonitor/PatientMonitor-master/PatientMoniterTest/bin/Debug/PatientMoniterTest.DLL" adapterTypeName="Microsoft.VisualStudio.TestTools.TestTypes.Unit.UnitTestAdapter, Microsoft.VisualStudio.QualityTools.Tips.UnitTest.Adapter, Version=12.0.0.0, Culture=neutral, PublicKeyToken=b03f5f7f11d50a3a" className="PatientMoniterTest.UnitTest1, PatientMoniterTest, Version=1.0.0.0, Culture=neutral, PublicKeyToken=null" name="SPO2InvalidTC" />
    </UnitTest>
    <UnitTest name="PulseInvalidTC" storage="c:\users\320067581\patientmonitor\patientmonitor-master\patientmonitertest\bin\debug\patientmonitertest.dll" id="8360458c-7750-bedc-91fa-8070edb99a59">
      <Execution id="b9222f45-4cad-4a56-9784-73ebae0e9d5c" />
      <TestMethod codeBase="C:/Users/320067581/PatientMonitor/PatientMonitor-master/PatientMoniterTest/bin/Debug/PatientMoniterTest.DLL" adapterTypeName="Microsoft.VisualStudio.TestTools.TestTypes.Unit.UnitTestAdapter, Microsoft.VisualStudio.QualityTools.Tips.UnitTest.Adapter, Version=12.0.0.0, Culture=neutral, PublicKeyToken=b03f5f7f11d50a3a" className="PatientMoniterTest.UnitTest1, PatientMoniterTest, Version=1.0.0.0, Culture=neutral, PublicKeyToken=null" name="PulseInvalidTC" />
    </UnitTest>
    <UnitTest name="PulseValidTC" storage="c:\users\320067581\patientmonitor\patientmonitor-master\patientmonitertest\bin\debug\patientmonitertest.dll" id="463eb0e3-41b3-8986-9695-919ab4255218">
      <Execution id="c6b39f69-65d2-4d53-b14f-557a61ea132d" />
      <TestMethod codeBase="C:/Users/320067581/PatientMonitor/PatientMonitor-master/PatientMoniterTest/bin/Debug/PatientMoniterTest.DLL" adapterTypeName="Microsoft.VisualStudio.TestTools.TestTypes.Unit.UnitTestAdapter, Microsoft.VisualStudio.QualityTools.Tips.UnitTest.Adapter, Version=12.0.0.0, Culture=neutral, PublicKeyToken=b03f5f7f11d50a3a" className="PatientMoniterTest.UnitTest1, PatientMoniterTest, Version=1.0.0.0, Culture=neutral, PublicKeyToken=null" name="PulseValidTC" />
    </UnitTest>
    <UnitTest name="SPO2BoundaryTCZero" storage="c:\users\320067581\patientmonitor\patientmonitor-master\patientmonitertest\bin\debug\patientmonitertest.dll" id="699c0386-af60-d233-9b2a-485c82fcf3df">
      <Execution id="1459367f-c4ee-4095-89b5-1e7a5668f02b" />
      <TestMethod codeBase="C:/Users/320067581/PatientMonitor/PatientMonitor-master/PatientMoniterTest/bin/Debug/PatientMoniterTest.DLL" adapterTypeName="Microsoft.VisualStudio.TestTools.TestTypes.Unit.UnitTestAdapter, Microsoft.VisualStudio.QualityTools.Tips.UnitTest.Adapter, Version=12.0.0.0, Culture=neutral, PublicKeyToken=b03f5f7f11d50a3a" className="PatientMoniterTest.UnitTest1, PatientMoniterTest, Version=1.0.0.0, Culture=neutral, PublicKeyToken=null" name="SPO2BoundaryTCZero" />
    </UnitTest>
  </TestDefinitions>
  <TestLists>
    <TestList name="Results Not in a List" id="8c84fa94-04c1-424b-9868-57a2d4851a1d" />
    <TestList name="All Loaded Results" id="19431567-8539-422a-85d7-44ee4e166bda" />
  </TestLists>
  <TestEntries>
    <TestEntry testId="25a1d1ee-80d6-614a-200a-41f0eda98422" executionId="45e1ffab-34f8-4347-b7ea-99993e964752" testListId="8c84fa94-04c1-424b-9868-57a2d4851a1d" />
    <TestEntry testId="66bf1c53-98cc-b4e6-4f23-1fa95b671e46" executionId="b3d1e631-0029-4b63-9e79-804c2b02295c" testListId="8c84fa94-04c1-424b-9868-57a2d4851a1d" />
    <TestEntry testId="8360458c-7750-bedc-91fa-8070edb99a59" executionId="b9222f45-4cad-4a56-9784-73ebae0e9d5c" testListId="8c84fa94-04c1-424b-9868-57a2d4851a1d" />
    <TestEntry testId="463eb0e3-41b3-8986-9695-919ab4255218" executionId="c6b39f69-65d2-4d53-b14f-557a61ea132d" testListId="8c84fa94-04c1-424b-9868-57a2d4851a1d" />
    <TestEntry testId="cf43fd0a-dbf8-fa0b-c091-50ac1559fbe5" executionId="ecaf15d9-daad-4a2f-be3a-7f065a309731" testListId="8c84fa94-04c1-424b-9868-57a2d4851a1d" />
    <TestEntry testId="6384601c-6e91-8d88-7d0b-957a2e9458ca" executionId="ada8349b-e4cb-49b7-b1f1-4f55fd43b992" testListId="8c84fa94-04c1-424b-9868-57a2d4851a1d" />
    <TestEntry testId="699c0386-af60-d233-9b2a-485c82fcf3df" executionId="1459367f-c4ee-4095-89b5-1e7a5668f02b" testListId="8c84fa94-04c1-424b-9868-57a2d4851a1d" />
    <TestEntry testId="b57b14c3-eac8-00e9-46b6-ed7c3066dfa2" executionId="fb03ace9-adf2-410c-a7b3-5cb32e88f67e" testListId="8c84fa94-04c1-424b-9868-57a2d4851a1d" />
    <TestEntry testId="d659fcae-0901-6bf9-1ffa-c1979fdb9893" executionId="4b2dac05-b5c5-4b36-8d44-930ad6451deb" testListId="8c84fa94-04c1-424b-9868-57a2d4851a1d" />
    <TestEntry testId="187ac4f0-ba5f-5d41-2065-36aa116f54f4" executionId="93046c73-6271-469d-a6f2-b245bb5ba42b" testListId="8c84fa94-04c1-424b-9868-57a2d4851a1d" />
    <TestEntry testId="2949735a-dc9c-13ff-9985-f61b5f7955c4" executionId="74575571-e173-4b4a-a172-33a12c566190" testListId="8c84fa94-04c1-424b-9868-57a2d4851a1d" />
    <TestEntry testId="91183195-af9d-285d-a7ed-c63c10e7d4bc" executionId="311726af-a68c-4327-be07-a4629f60f1df" testListId="8c84fa94-04c1-424b-9868-57a2d4851a1d" />
    <TestEntry testId="a0735254-022d-738a-88b3-5a06da506750" executionId="b2418559-7dd6-4409-8f09-27e80a7d4739" testListId="8c84fa94-04c1-424b-9868-57a2d4851a1d" />
    <TestEntry testId="15d2601d-391e-459a-ef95-61056092a6f9" executionId="12bc5924-babb-43aa-878c-9bf25fc2c9eb" testListId="8c84fa94-04c1-424b-9868-57a2d4851a1d" />
  </TestEntries>
  <Results>
    <UnitTestResult executionId="45e1ffab-34f8-4347-b7ea-99993e964752" testId="25a1d1ee-80d6-614a-200a-41f0eda98422" testName="PulseBoundaryTCMinus1" computerName="INGBTCPIC5NBZZ4" duration="00:00:00.0134653" startTime="2019-07-31T20:09:37.5935567+05:30" endTime="2019-07-31T20:09:37.8349568+05:30" testType="13cdc9d9-ddb5-4fa4-a97d-d965ccfc6d4b" outcome="Passed" testListId="8c84fa94-04c1-424b-9868-57a2d4851a1d" relativeResultsDirectory="45e1ffab-34f8-4347-b7ea-99993e964752">
      <Output>
        <StdOut>The PulseRate--&gt;59 is out of range</StdOut>
      </Output>
    </UnitTestResult>
    <UnitTestResult executionId="b3d1e631-0029-4b63-9e79-804c2b02295c" testId="66bf1c53-98cc-b4e6-4f23-1fa95b671e46" testName="PulseBoundaryTCZero" computerName="INGBTCPIC5NBZZ4" duration="00:00:00.0002376" startTime="2019-07-31T20:09:37.8369519+05:30" endTime="2019-07-31T20:09:37.8379521+05:30" testType="13cdc9d9-ddb5-4fa4-a97d-d965ccfc6d4b" outcome="Passed" testListId="8c84fa94-04c1-424b-9868-57a2d4851a1d" relativeResultsDirectory="b3d1e631-0029-4b63-9e79-804c2b02295c">
    </UnitTestResult>
    <UnitTestResult executionId="b9222f45-4cad-4a56-9784-73ebae0e9d5c" testId="8360458c-7750-bedc-91fa-8070edb99a59" testName="PulseInvalidTC" computerName="INGBTCPIC5NBZZ4" duration="00:00:00.0002063" startTime="2019-07-31T20:09:37.8399537+05:30" endTime="2019-07-31T20:09:37.8419509+05:30" testType="13cdc9d9-ddb5-4fa4-a97d-d965ccfc6d4b" outcome="Passed" testListId="8c84fa94-04c1-424b-9868-57a2d4851a1d" relativeResultsDirectory="b9222f45-4cad-4a56-9784-73ebae0e9d5c">
      <Output>
        <StdOut>The PulseRate--&gt;50 is out of range</StdOut>
      </Output>
    </UnitTestResult>
    <UnitTestResult executionId="c6b39f69-65d2-4d53-b14f-557a61ea132d" testId="463eb0e3-41b3-8986-9695-919ab4255218" testName="PulseValidTC" computerName="INGBTCPIC5NBZZ4" duration="00:00:00.0001766" startTime="2019-07-31T20:09:37.8439514+05:30" endTime="2019-07-31T20:09:37.8459540+05:30" testType="13cdc9d9-ddb5-4fa4-a97d-d965ccfc6d4b" outcome="Passed" testListId="8c84fa94-04c1-424b-9868-57a2d4851a1d" relativeResultsDirectory="c6b39f69-65d2-4d53-b14f-557a61ea132d">
    </UnitTestResult>
    <UnitTestResult executionId="ecaf15d9-daad-4a2f-be3a-7f065a309731" testId="cf43fd0a-dbf8-fa0b-c091-50ac1559fbe5" testName="SPO2BoundaryTCMinus1" computerName="INGBTCPIC5NBZZ4" duration="00:00:00.0002279" startTime="2019-07-31T20:09:37.8469532+05:30" endTime="2019-07-31T20:09:37.8489515+05:30" testType="13cdc9d9-ddb5-4fa4-a97d-d965ccfc6d4b" outcome="Passed" testListId="8c84fa94-04c1-424b-9868-57a2d4851a1d" relativeResultsDirectory="ecaf15d9-daad-4a2f-be3a-7f065a309731">
      <Output>
        <StdOut>The SPO2--&gt;90 is out of range</StdOut>
      </Output>
    </UnitTestResult>
    <UnitTestResult executionId="ada8349b-e4cb-49b7-b1f1-4f55fd43b992" testId="6384601c-6e91-8d88-7d0b-957a2e9458ca" testName="SPO2BoundaryTCPlusOne" computerName="INGBTCPIC5NBZZ4" duration="00:00:00.0003391" startTime="2019-07-31T20:09:37.8509536+05:30" endTime="2019-07-31T20:09:37.8529535+05:30" testType="13cdc9d9-ddb5-4fa4-a97d-d965ccfc6d4b" outcome="Passed" testListId="8c84fa94-04c1-424b-9868-57a2d4851a1d" relativeResultsDirectory="ada8349b-e4cb-49b7-b1f1-4f55fd43b992">
      <Output>
        <StdOut>The SPO2--&gt;101 is out of range</StdOut>
      </Output>
    </UnitTestResult>
    <UnitTestResult executionId="1459367f-c4ee-4095-89b5-1e7a5668f02b" testId="699c0386-af60-d233-9b2a-485c82fcf3df" testName="SPO2BoundaryTCZero" computerName="INGBTCPIC5NBZZ4" duration="00:00:00.0002981" startTime="2019-07-31T20:09:37.8559531+05:30" endTime="2019-07-31T20:09:37.8579520+05:30" testType="13cdc9d9-ddb5-4fa4-a97d-d965ccfc6d4b" outcome="Passed" testListId="8c84fa94-04c1-424b-9868-57a2d4851a1d" relativeResultsDirectory="1459367f-c4ee-4095-89b5-1e7a5668f02b">
    </UnitTestResult>
    <UnitTestResult executionId="fb03ace9-adf2-410c-a7b3-5cb32e88f67e" testId="b57b14c3-eac8-00e9-46b6-ed7c3066dfa2" testName="SPO2InvalidTC" computerName="INGBTCPIC5NBZZ4" duration="00:00:00.0002316" startTime="2019-07-31T20:09:37.8599552+05:30" endTime="2019-07-31T20:09:37.8619545+05:30" testType="13cdc9d9-ddb5-4fa4-a97d-d965ccfc6d4b" outcome="Passed" testListId="8c84fa94-04c1-424b-9868-57a2d4851a1d" relativeResultsDirectory="fb03ace9-adf2-410c-a7b3-5cb32e88f67e">
      <Output>
        <StdOut>The SPO2--&gt;101 is out of range</StdOut>
      </Output>
    </UnitTestResult>
    <UnitTestResult executionId="4b2dac05-b5c5-4b36-8d44-930ad6451deb" testId="d659fcae-0901-6bf9-1ffa-c1979fdb9893" testName="SPO2ValidTC" computerName="INGBTCPIC5NBZZ4" duration="00:00:00.0003753" startTime="2019-07-31T20:09:37.8639550+05:30" endTime="2019-07-31T20:09:37.8669541+05:30" testType="13cdc9d9-ddb5-4fa4-a97d-d965ccfc6d4b" outcome="Passed" testListId="8c84fa94-04c1-424b-9868-57a2d4851a1d" relativeResultsDirectory="4b2dac05-b5c5-4b36-8d44-930ad6451deb">
    </UnitTestResult>
    <UnitTestResult executionId="93046c73-6271-469d-a6f2-b245bb5ba42b" testId="187ac4f0-ba5f-5d41-2065-36aa116f54f4" testName="TempBoundaryTCMinus1" computerName="INGBTCPIC5NBZZ4" duration="00:00:00.0002624" startTime="2019-07-31T20:09:37.8689519+05:30" endTime="2019-07-31T20:09:37.8729518+05:30" testType="13cdc9d9-ddb5-4fa4-a97d-d965ccfc6d4b" outcome="Passed" testListId="8c84fa94-04c1-424b-9868-57a2d4851a1d" relativeResultsDirectory="93046c73-6271-469d-a6f2-b245bb5ba42b">
      <Output>
        <StdOut>The Temperature--&gt;96.9 is out of range</StdOut>
      </Output>
    </UnitTestResult>
    <UnitTestResult executionId="74575571-e173-4b4a-a172-33a12c566190" testId="2949735a-dc9c-13ff-9985-f61b5f7955c4" testName="TempBoundaryTCPlusOne" computerName="INGBTCPIC5NBZZ4" duration="00:00:00.0002635" startTime="2019-07-31T20:09:37.8749555+05:30" endTime="2019-07-31T20:09:37.8769516+05:30" testType="13cdc9d9-ddb5-4fa4-a97d-d965ccfc6d4b" outcome="Passed" testListId="8c84fa94-04c1-424b-9868-57a2d4851a1d" relativeResultsDirectory="74575571-e173-4b4a-a172-33a12c566190">
      <Output>
        <StdOut>The Temperature--&gt;99.1 is out of range</StdOut>
      </Output>
    </UnitTestResult>
    <UnitTestResult executionId="311726af-a68c-4327-be07-a4629f60f1df" testId="91183195-af9d-285d-a7ed-c63c10e7d4bc" testName="TempBoundaryTCZero" computerName="INGBTCPIC5NBZZ4" duration="00:00:00.0002803" startTime="2019-07-31T20:09:37.8789613+05:30" endTime="2019-07-31T20:09:37.8819528+05:30" testType="13cdc9d9-ddb5-4fa4-a97d-d965ccfc6d4b" outcome="Passed" testListId="8c84fa94-04c1-424b-9868-57a2d4851a1d" relativeResultsDirectory="311726af-a68c-4327-be07-a4629f60f1df">
    </UnitTestResult>
    <UnitTestResult executionId="b2418559-7dd6-4409-8f09-27e80a7d4739" testId="a0735254-022d-738a-88b3-5a06da506750" testName="TempInvalidTC" computerName="INGBTCPIC5NBZZ4" duration="00:00:00.0002046" startTime="2019-07-31T20:09:37.8839522+05:30" endTime="2019-07-31T20:09:37.8849611+05:30" testType="13cdc9d9-ddb5-4fa4-a97d-d965ccfc6d4b" outcome="Passed" testListId="8c84fa94-04c1-424b-9868-57a2d4851a1d" relativeResultsDirectory="b2418559-7dd6-4409-8f09-27e80a7d4739">
      <Output>
        <StdOut>The Temperature--&gt;90.3 is out of range</StdOut>
      </Output>
    </UnitTestResult>
    <UnitTestResult executionId="12bc5924-babb-43aa-878c-9bf25fc2c9eb" testId="15d2601d-391e-459a-ef95-61056092a6f9" testName="TempValidTC" computerName="INGBTCPIC5NBZZ4" duration="00:00:00.0004628" startTime="2019-07-31T20:09:37.8879542+05:30" endTime="2019-07-31T20:09:37.8929533+05:30" testType="13cdc9d9-ddb5-4fa4-a97d-d965ccfc6d4b" outcome="Passed" testListId="8c84fa94-04c1-424b-9868-57a2d4851a1d" relativeResultsDirectory="12bc5924-babb-43aa-878c-9bf25fc2c9eb">
    </UnitTestResult>
  </Results>
</TestRun>