<?xml version="1.0" encoding="UTF-8"?>
<TestRun id="c858f9c2-0847-41a3-ab70-4e04c96e94fc" name="320067581@INGBTCPIC5NBZZ4 2019-07-31 20:03:05" runUser="CODE1\320067581" xmlns="http://microsoft.com/schemas/VisualStudio/TeamTest/2010">
  <TestSettings name="Default Test Settings" id="d5c3e618-a520-4640-8a12-e1ca179c5a32">
    <Execution>
      <TestTypeSpecific />
      <AgentRule name="Execution Agents">
      </AgentRule>
    </Execution>
    <Deployment runDeploymentRoot="320067581_INGBTCPIC5NBZZ4 2019-07-31 20_03_05" />
    <Properties />
  </TestSettings>
  <Times creation="2019-07-31T20:03:05.4951214+05:30" queuing="2019-07-31T20:03:05.9660824+05:30" start="2019-07-31T20:03:06.0360790+05:30" finish="2019-07-31T20:03:06.4273089+05:30" />
  <ResultSummary outcome="Completed">
    <Counters total="14" executed="14" passed="14" error="0" failed="0" timeout="0" aborted="0" inconclusive="0" passedButRunAborted="0" notRunnable="0" notExecuted="0" disconnected="0" warning="0" completed="0" inProgress="0" pending="0" />
  </ResultSummary>
  <TestDefinitions>
    <UnitTest name="SPO2BoundaryTCPlusOne" storage="c:\users\320067581\patientmonitor\patientmonitor-master\patientmonitertest\bin\debug\patientmonitertest.dll" id="6384601c-6e91-8d88-7d0b-957a2e9458ca">
      <Execution id="013a8725-a3a9-4e4d-ba86-e079ec1aca82" />
      <TestMethod codeBase="C:/Users/320067581/PatientMonitor/PatientMonitor-master/PatientMoniterTest/bin/Debug/PatientMoniterTest.DLL" adapterTypeName="Microsoft.VisualStudio.TestTools.TestTypes.Unit.UnitTestAdapter, Microsoft.VisualStudio.QualityTools.Tips.UnitTest.Adapter, Version=12.0.0.0, Culture=neutral, PublicKeyToken=b03f5f7f11d50a3a" className="PatientMoniterTest.UnitTest1, PatientMoniterTest, Version=1.0.0.0, Culture=neutral, PublicKeyToken=null" name="SPO2BoundaryTCPlusOne" />
    </UnitTest>
    <UnitTest name="TempBoundaryTCZero" storage="c:\users\320067581\patientmonitor\patientmonitor-master\patientmonitertest\bin\debug\patientmonitertest.dll" id="91183195-af9d-285d-a7ed-c63c10e7d4bc">
      <Execution id="29710482-6d64-4c9d-ae55-6294d923d53e" />
      <TestMethod codeBase="C:/Users/320067581/PatientMonitor/PatientMonitor-master/PatientMoniterTest/bin/Debug/PatientMoniterTest.DLL" adapterTypeName="Microsoft.VisualStudio.TestTools.TestTypes.Unit.UnitTestAdapter, Microsoft.VisualStudio.QualityTools.Tips.UnitTest.Adapter, Version=12.0.0.0, Culture=neutral, PublicKeyToken=b03f5f7f11d50a3a" className="PatientMoniterTest.UnitTest1, PatientMoniterTest, Version=1.0.0.0, Culture=neutral, PublicKeyToken=null" name="TempBoundaryTCZero" />
    </UnitTest>
    <UnitTest name="TempBoundaryTCMinus1" storage="c:\users\320067581\patientmonitor\patientmonitor-master\patientmonitertest\bin\debug\patientmonitertest.dll" id="187ac4f0-ba5f-5d41-2065-36aa116f54f4">
      <Execution id="5600399a-7726-44dd-be8b-9ab7938e1176" />
      <TestMethod codeBase="C:/Users/320067581/PatientMonitor/PatientMonitor-master/PatientMoniterTest/bin/Debug/PatientMoniterTest.DLL" adapterTypeName="Microsoft.VisualStudio.TestTools.TestTypes.Unit.UnitTestAdapter, Microsoft.VisualStudio.QualityTools.Tips.UnitTest.Adapter, Version=12.0.0.0, Culture=neutral, PublicKeyToken=b03f5f7f11d50a3a" className="PatientMoniterTest.UnitTest1, PatientMoniterTest, Version=1.0.0.0, Culture=neutral, PublicKeyToken=null" name="TempBoundaryTCMinus1" />
    </UnitTest>
    <UnitTest name="TempValidTC" storage="c:\users\320067581\patientmonitor\patientmonitor-master\patientmonitertest\bin\debug\patientmonitertest.dll" id="15d2601d-391e-459a-ef95-61056092a6f9">
      <Execution id="6e0d62a6-2a2c-40f8-9f70-466bce05c358" />
      <TestMethod codeBase="C:/Users/320067581/PatientMonitor/PatientMonitor-master/PatientMoniterTest/bin/Debug/PatientMoniterTest.DLL" adapterTypeName="Microsoft.VisualStudio.TestTools.TestTypes.Unit.UnitTestAdapter, Microsoft.VisualStudio.QualityTools.Tips.UnitTest.Adapter, Version=12.0.0.0, Culture=neutral, PublicKeyToken=b03f5f7f11d50a3a" className="PatientMoniterTest.UnitTest1, PatientMoniterTest, Version=1.0.0.0, Culture=neutral, PublicKeyToken=null" name="TempValidTC" />
    </UnitTest>
    <UnitTest name="SPO2BoundaryTCMinus1" storage="c:\users\320067581\patientmonitor\patientmonitor-master\patientmonitertest\bin\debug\patientmonitertest.dll" id="cf43fd0a-dbf8-fa0b-c091-50ac1559fbe5">
      <Execution id="63817925-98c4-4d70-8150-9e1f5fb0160c" />
      <TestMethod codeBase="C:/Users/320067581/PatientMonitor/PatientMonitor-master/PatientMoniterTest/bin/Debug/PatientMoniterTest.DLL" adapterTypeName="Microsoft.VisualStudio.TestTools.TestTypes.Unit.UnitTestAdapter, Microsoft.VisualStudio.QualityTools.Tips.UnitTest.Adapter, Version=12.0.0.0, Culture=neutral, PublicKeyToken=b03f5f7f11d50a3a" className="PatientMoniterTest.UnitTest1, PatientMoniterTest, Version=1.0.0.0, Culture=neutral, PublicKeyToken=null" name="SPO2BoundaryTCMinus1" />
    </UnitTest>
    <UnitTest name="SPO2ValidTC" storage="c:\users\320067581\patientmonitor\patientmonitor-master\patientmonitertest\bin\debug\patientmonitertest.dll" id="d659fcae-0901-6bf9-1ffa-c1979fdb9893">
      <Execution id="0182b460-a2a1-42af-992f-d79092b72270" />
      <TestMethod codeBase="C:/Users/320067581/PatientMonitor/PatientMonitor-master/PatientMoniterTest/bin/Debug/PatientMoniterTest.DLL" adapterTypeName="Microsoft.VisualStudio.TestTools.TestTypes.Unit.UnitTestAdapter, Microsoft.VisualStudio.QualityTools.Tips.UnitTest.Adapter, Version=12.0.0.0, Culture=neutral, PublicKeyToken=b03f5f7f11d50a3a" className="PatientMoniterTest.UnitTest1, PatientMoniterTest, Version=1.0.0.0, Culture=neutral, PublicKeyToken=null" name="SPO2ValidTC" />
    </UnitTest>
    <UnitTest name="TempBoundaryTCPlusOne" storage="c:\users\320067581\patientmonitor\patientmonitor-master\patientmonitertest\bin\debug\patientmonitertest.dll" id="2949735a-dc9c-13ff-9985-f61b5f7955c4">
      <Execution id="d381b70e-dcfc-44b5-934d-d6cb21ed4566" />
      <TestMethod codeBase="C:/Users/320067581/PatientMonitor/PatientMonitor-master/PatientMoniterTest/bin/Debug/PatientMoniterTest.DLL" adapterTypeName="Microsoft.VisualStudio.TestTools.TestTypes.Unit.UnitTestAdapter, Microsoft.VisualStudio.QualityTools.Tips.UnitTest.Adapter, Version=12.0.0.0, Culture=neutral, PublicKeyToken=b03f5f7f11d50a3a" className="PatientMoniterTest.UnitTest1, PatientMoniterTest, Version=1.0.0.0, Culture=neutral, PublicKeyToken=null" name="TempBoundaryTCPlusOne" />
    </UnitTest>
    <UnitTest name="PulseBoundaryTCMinus1" storage="c:\users\320067581\patientmonitor\patientmonitor-master\patientmonitertest\bin\debug\patientmonitertest.dll" id="25a1d1ee-80d6-614a-200a-41f0eda98422">
      <Execution id="192e12bf-b6c0-4bb9-9721-8d742d2d20bc" />
      <TestMethod codeBase="C:/Users/320067581/PatientMonitor/PatientMonitor-master/PatientMoniterTest/bin/Debug/PatientMoniterTest.DLL" adapterTypeName="Microsoft.VisualStudio.TestTools.TestTypes.Unit.UnitTestAdapter, Microsoft.VisualStudio.QualityTools.Tips.UnitTest.Adapter, Version=12.0.0.0, Culture=neutral, PublicKeyToken=b03f5f7f11d50a3a" className="PatientMoniterTest.UnitTest1, PatientMoniterTest, Version=1.0.0.0, Culture=neutral, PublicKeyToken=null" name="PulseBoundaryTCMinus1" />
    </UnitTest>
    <UnitTest name="TempInvalidTC" storage="c:\users\320067581\patientmonitor\patientmonitor-master\patientmonitertest\bin\debug\patientmonitertest.dll" id="a0735254-022d-738a-88b3-5a06da506750">
      <Execution id="a31c58f1-5a5f-4537-950b-337bd47a22a2" />
      <TestMethod codeBase="C:/Users/320067581/PatientMonitor/PatientMonitor-master/PatientMoniterTest/bin/Debug/PatientMoniterTest.DLL" adapterTypeName="Microsoft.VisualStudio.TestTools.TestTypes.Unit.UnitTestAdapter, Microsoft.VisualStudio.QualityTools.Tips.UnitTest.Adapter, Version=12.0.0.0, Culture=neutral, PublicKeyToken=b03f5f7f11d50a3a" className="PatientMoniterTest.UnitTest1, PatientMoniterTest, Version=1.0.0.0, Culture=neutral, PublicKeyToken=null" name="TempInvalidTC" />
    </UnitTest>
    <UnitTest name="PulseBoundaryTCZero" storage="c:\users\320067581\patientmonitor\patientmonitor-master\patientmonitertest\bin\debug\patientmonitertest.dll" id="66bf1c53-98cc-b4e6-4f23-1fa95b671e46">
      <Execution id="ba8550c7-0499-453c-a483-4b932e5710af" />
      <TestMethod codeBase="C:/Users/320067581/PatientMonitor/PatientMonitor-master/PatientMoniterTest/bin/Debug/PatientMoniterTest.DLL" adapterTypeName="Microsoft.VisualStudio.TestTools.TestTypes.Unit.UnitTestAdapter, Microsoft.VisualStudio.QualityTools.Tips.UnitTest.Adapter, Version=12.0.0.0, Culture=neutral, PublicKeyToken=b03f5f7f11d50a3a" className="PatientMoniterTest.UnitTest1, PatientMoniterTest, Version=1.0.0.0, Culture=neutral, PublicKeyToken=null" name="PulseBoundaryTCZero" />
    </UnitTest>
    <UnitTest name="SPO2InvalidTC" storage="c:\users\320067581\patientmonitor\patientmonitor-master\patientmonitertest\bin\debug\patientmonitertest.dll" id="b57b14c3-eac8-00e9-46b6-ed7c3066dfa2">
      <Execution id="428c3bc0-8f99-4fa1-8d20-016c0e6743de" />
      <TestMethod codeBase="C:/Users/320067581/PatientMonitor/PatientMonitor-master/PatientMoniterTest/bin/Debug/PatientMoniterTest.DLL" adapterTypeName="Microsoft.VisualStudio.TestTools.TestTypes.Unit.UnitTestAdapter, Microsoft.VisualStudio.QualityTools.Tips.UnitTest.Adapter, Version=12.0.0.0, Culture=neutral, PublicKeyToken=b03f5f7f11d50a3a" className="PatientMoniterTest.UnitTest1, PatientMoniterTest, Version=1.0.0.0, Culture=neutral, PublicKeyToken=null" name="SPO2InvalidTC" />
    </UnitTest>
    <UnitTest name="PulseInvalidTC" storage="c:\users\320067581\patientmonitor\patientmonitor-master\patientmonitertest\bin\debug\patientmonitertest.dll" id="8360458c-7750-bedc-91fa-8070edb99a59">
      <Execution id="a6ae1663-39cc-4a70-8a04-3ebce7474b20" />
      <TestMethod codeBase="C:/Users/320067581/PatientMonitor/PatientMonitor-master/PatientMoniterTest/bin/Debug/PatientMoniterTest.DLL" adapterTypeName="Microsoft.VisualStudio.TestTools.TestTypes.Unit.UnitTestAdapter, Microsoft.VisualStudio.QualityTools.Tips.UnitTest.Adapter, Version=12.0.0.0, Culture=neutral, PublicKeyToken=b03f5f7f11d50a3a" className="PatientMoniterTest.UnitTest1, PatientMoniterTest, Version=1.0.0.0, Culture=neutral, PublicKeyToken=null" name="PulseInvalidTC" />
    </UnitTest>
    <UnitTest name="PulseValidTC" storage="c:\users\320067581\patientmonitor\patientmonitor-master\patientmonitertest\bin\debug\patientmonitertest.dll" id="463eb0e3-41b3-8986-9695-919ab4255218">
      <Execution id="7d98166f-d7f2-4bca-8efb-4f3bc50b2a0d" />
      <TestMethod codeBase="C:/Users/320067581/PatientMonitor/PatientMonitor-master/PatientMoniterTest/bin/Debug/PatientMoniterTest.DLL" adapterTypeName="Microsoft.VisualStudio.TestTools.TestTypes.Unit.UnitTestAdapter, Microsoft.VisualStudio.QualityTools.Tips.UnitTest.Adapter, Version=12.0.0.0, Culture=neutral, PublicKeyToken=b03f5f7f11d50a3a" className="PatientMoniterTest.UnitTest1, PatientMoniterTest, Version=1.0.0.0, Culture=neutral, PublicKeyToken=null" name="PulseValidTC" />
    </UnitTest>
    <UnitTest name="SPO2BoundaryTCZero" storage="c:\users\320067581\patientmonitor\patientmonitor-master\patientmonitertest\bin\debug\patientmonitertest.dll" id="699c0386-af60-d233-9b2a-485c82fcf3df">
      <Execution id="fa59d820-3560-497f-9315-4c6355c36b84" />
      <TestMethod codeBase="C:/Users/320067581/PatientMonitor/PatientMonitor-master/PatientMoniterTest/bin/Debug/PatientMoniterTest.DLL" adapterTypeName="Microsoft.VisualStudio.TestTools.TestTypes.Unit.UnitTestAdapter, Microsoft.VisualStudio.QualityTools.Tips.UnitTest.Adapter, Version=12.0.0.0, Culture=neutral, PublicKeyToken=b03f5f7f11d50a3a" className="PatientMoniterTest.UnitTest1, PatientMoniterTest, Version=1.0.0.0, Culture=neutral, PublicKeyToken=null" name="SPO2BoundaryTCZero" />
    </UnitTest>
  </TestDefinitions>
  <TestLists>
    <TestList name="Results Not in a List" id="8c84fa94-04c1-424b-9868-57a2d4851a1d" />
    <TestList name="All Loaded Results" id="19431567-8539-422a-85d7-44ee4e166bda" />
  </TestLists>
  <TestEntries>
    <TestEntry testId="25a1d1ee-80d6-614a-200a-41f0eda98422" executionId="192e12bf-b6c0-4bb9-9721-8d742d2d20bc" testListId="8c84fa94-04c1-424b-9868-57a2d4851a1d" />
    <TestEntry testId="66bf1c53-98cc-b4e6-4f23-1fa95b671e46" executionId="ba8550c7-0499-453c-a483-4b932e5710af" testListId="8c84fa94-04c1-424b-9868-57a2d4851a1d" />
    <TestEntry testId="8360458c-7750-bedc-91fa-8070edb99a59" executionId="a6ae1663-39cc-4a70-8a04-3ebce7474b20" testListId="8c84fa94-04c1-424b-9868-57a2d4851a1d" />
    <TestEntry testId="463eb0e3-41b3-8986-9695-919ab4255218" executionId="7d98166f-d7f2-4bca-8efb-4f3bc50b2a0d" testListId="8c84fa94-04c1-424b-9868-57a2d4851a1d" />
    <TestEntry testId="cf43fd0a-dbf8-fa0b-c091-50ac1559fbe5" executionId="63817925-98c4-4d70-8150-9e1f5fb0160c" testListId="8c84fa94-04c1-424b-9868-57a2d4851a1d" />
    <TestEntry testId="6384601c-6e91-8d88-7d0b-957a2e9458ca" executionId="013a8725-a3a9-4e4d-ba86-e079ec1aca82" testListId="8c84fa94-04c1-424b-9868-57a2d4851a1d" />
    <TestEntry testId="699c0386-af60-d233-9b2a-485c82fcf3df" executionId="fa59d820-3560-497f-9315-4c6355c36b84" testListId="8c84fa94-04c1-424b-9868-57a2d4851a1d" />
    <TestEntry testId="b57b14c3-eac8-00e9-46b6-ed7c3066dfa2" executionId="428c3bc0-8f99-4fa1-8d20-016c0e6743de" testListId="8c84fa94-04c1-424b-9868-57a2d4851a1d" />
    <TestEntry testId="d659fcae-0901-6bf9-1ffa-c1979fdb9893" executionId="0182b460-a2a1-42af-992f-d79092b72270" testListId="8c84fa94-04c1-424b-9868-57a2d4851a1d" />
    <TestEntry testId="187ac4f0-ba5f-5d41-2065-36aa116f54f4" executionId="5600399a-7726-44dd-be8b-9ab7938e1176" testListId="8c84fa94-04c1-424b-9868-57a2d4851a1d" />
    <TestEntry testId="2949735a-dc9c-13ff-9985-f61b5f7955c4" executionId="d381b70e-dcfc-44b5-934d-d6cb21ed4566" testListId="8c84fa94-04c1-424b-9868-57a2d4851a1d" />
    <TestEntry testId="91183195-af9d-285d-a7ed-c63c10e7d4bc" executionId="29710482-6d64-4c9d-ae55-6294d923d53e" testListId="8c84fa94-04c1-424b-9868-57a2d4851a1d" />
    <TestEntry testId="a0735254-022d-738a-88b3-5a06da506750" executionId="a31c58f1-5a5f-4537-950b-337bd47a22a2" testListId="8c84fa94-04c1-424b-9868-57a2d4851a1d" />
    <TestEntry testId="15d2601d-391e-459a-ef95-61056092a6f9" executionId="6e0d62a6-2a2c-40f8-9f70-466bce05c358" testListId="8c84fa94-04c1-424b-9868-57a2d4851a1d" />
  </TestEntries>
  <Results>
    <UnitTestResult executionId="192e12bf-b6c0-4bb9-9721-8d742d2d20bc" testId="25a1d1ee-80d6-614a-200a-41f0eda98422" testName="PulseBoundaryTCMinus1" computerName="INGBTCPIC5NBZZ4" duration="00:00:00.0158714" startTime="2019-07-31T20:03:06.0661223+05:30" endTime="2019-07-31T20:03:06.3228143+05:30" testType="13cdc9d9-ddb5-4fa4-a97d-d965ccfc6d4b" outcome="Passed" testListId="8c84fa94-04c1-424b-9868-57a2d4851a1d" relativeResultsDirectory="192e12bf-b6c0-4bb9-9721-8d742d2d20bc">
      <Output>
        <StdOut>The PulseRate--&gt;59 is out of range</StdOut>
      </Output>
    </UnitTestResult>
    <UnitTestResult executionId="ba8550c7-0499-453c-a483-4b932e5710af" testId="66bf1c53-98cc-b4e6-4f23-1fa95b671e46" testName="PulseBoundaryTCZero" computerName="INGBTCPIC5NBZZ4" duration="00:00:00.0002900" startTime="2019-07-31T20:03:06.3238194+05:30" endTime="2019-07-31T20:03:06.3268131+05:30" testType="13cdc9d9-ddb5-4fa4-a97d-d965ccfc6d4b" outcome="Passed" testListId="8c84fa94-04c1-424b-9868-57a2d4851a1d" relativeResultsDirectory="ba8550c7-0499-453c-a483-4b932e5710af">
    </UnitTestResult>
    <UnitTestResult executionId="a6ae1663-39cc-4a70-8a04-3ebce7474b20" testId="8360458c-7750-bedc-91fa-8070edb99a59" testName="PulseInvalidTC" computerName="INGBTCPIC5NBZZ4" duration="00:00:00.0002284" startTime="2019-07-31T20:03:06.3278161+05:30" endTime="2019-07-31T20:03:06.3298549+05:30" testType="13cdc9d9-ddb5-4fa4-a97d-d965ccfc6d4b" outcome="Passed" testListId="8c84fa94-04c1-424b-9868-57a2d4851a1d" relativeResultsDirectory="a6ae1663-39cc-4a70-8a04-3ebce7474b20">
      <Output>
        <StdOut>The PulseRate--&gt;50 is out of range</StdOut>
      </Output>
    </UnitTestResult>
    <UnitTestResult executionId="7d98166f-d7f2-4bca-8efb-4f3bc50b2a0d" testId="463eb0e3-41b3-8986-9695-919ab4255218" testName="PulseValidTC" computerName="INGBTCPIC5NBZZ4" duration="00:00:00.0002214" startTime="2019-07-31T20:03:06.3318148+05:30" endTime="2019-07-31T20:03:06.3348129+05:30" testType="13cdc9d9-ddb5-4fa4-a97d-d965ccfc6d4b" outcome="Passed" testListId="8c84fa94-04c1-424b-9868-57a2d4851a1d" relativeResultsDirectory="7d98166f-d7f2-4bca-8efb-4f3bc50b2a0d">
    </UnitTestResult>
    <UnitTestResult executionId="63817925-98c4-4d70-8150-9e1f5fb0160c" testId="cf43fd0a-dbf8-fa0b-c091-50ac1559fbe5" testName="SPO2BoundaryTCMinus1" computerName="INGBTCPIC5NBZZ4" duration="00:00:00.0002624" startTime="2019-07-31T20:03:06.3358158+05:30" endTime="2019-07-31T20:03:06.3388268+05:30" testType="13cdc9d9-ddb5-4fa4-a97d-d965ccfc6d4b" outcome="Passed" testListId="8c84fa94-04c1-424b-9868-57a2d4851a1d" relativeResultsDirectory="63817925-98c4-4d70-8150-9e1f5fb0160c">
      <Output>
        <StdOut>The SPO2--&gt;90 is out of range</StdOut>
      </Output>
    </UnitTestResult>
    <UnitTestResult executionId="013a8725-a3a9-4e4d-ba86-e079ec1aca82" testId="6384601c-6e91-8d88-7d0b-957a2e9458ca" testName="SPO2BoundaryTCPlusOne" computerName="INGBTCPIC5NBZZ4" duration="00:00:00.0002992" startTime="2019-07-31T20:03:06.3398157+05:30" endTime="2019-07-31T20:03:06.3418550+05:30" testType="13cdc9d9-ddb5-4fa4-a97d-d965ccfc6d4b" outcome="Passed" testListId="8c84fa94-04c1-424b-9868-57a2d4851a1d" relativeResultsDirectory="013a8725-a3a9-4e4d-ba86-e079ec1aca82">
      <Output>
        <StdOut>The SPO2--&gt;101 is out of range</StdOut>
      </Output>
    </UnitTestResult>
    <UnitTestResult executionId="fa59d820-3560-497f-9315-4c6355c36b84" testId="699c0386-af60-d233-9b2a-485c82fcf3df" testName="SPO2BoundaryTCZero" computerName="INGBTCPIC5NBZZ4" duration="00:00:00.0004266" startTime="2019-07-31T20:03:06.3438155+05:30" endTime="2019-07-31T20:03:06.3468600+05:30" testType="13cdc9d9-ddb5-4fa4-a97d-d965ccfc6d4b" outcome="Passed" testListId="8c84fa94-04c1-424b-9868-57a2d4851a1d" relativeResultsDirectory="fa59d820-3560-497f-9315-4c6355c36b84">
    </UnitTestResult>
    <UnitTestResult executionId="428c3bc0-8f99-4fa1-8d20-016c0e6743de" testId="b57b14c3-eac8-00e9-46b6-ed7c3066dfa2" testName="SPO2InvalidTC" computerName="INGBTCPIC5NBZZ4" duration="00:00:00.0003056" startTime="2019-07-31T20:03:06.3488129+05:30" endTime="2019-07-31T20:03:06.3518190+05:30" testType="13cdc9d9-ddb5-4fa4-a97d-d965ccfc6d4b" outcome="Passed" testListId="8c84fa94-04c1-424b-9868-57a2d4851a1d" relativeResultsDirectory="428c3bc0-8f99-4fa1-8d20-016c0e6743de">
      <Output>
        <StdOut>The SPO2--&gt;101 is out of range</StdOut>
      </Output>
    </UnitTestResult>
    <UnitTestResult executionId="0182b460-a2a1-42af-992f-d79092b72270" testId="d659fcae-0901-6bf9-1ffa-c1979fdb9893" testName="SPO2ValidTC" computerName="INGBTCPIC5NBZZ4" duration="00:00:00.0003002" startTime="2019-07-31T20:03:06.3538184+05:30" endTime="2019-07-31T20:03:06.3568154+05:30" testType="13cdc9d9-ddb5-4fa4-a97d-d965ccfc6d4b" outcome="Passed" testListId="8c84fa94-04c1-424b-9868-57a2d4851a1d" relativeResultsDirectory="0182b460-a2a1-42af-992f-d79092b72270">
    </UnitTestResult>
    <UnitTestResult executionId="5600399a-7726-44dd-be8b-9ab7938e1176" testId="187ac4f0-ba5f-5d41-2065-36aa116f54f4" testName="TempBoundaryTCMinus1" computerName="INGBTCPIC5NBZZ4" duration="00:00:00.0003035" startTime="2019-07-31T20:03:06.3598166+05:30" endTime="2019-07-31T20:03:06.3618144+05:30" testType="13cdc9d9-ddb5-4fa4-a97d-d965ccfc6d4b" outcome="Passed" testListId="8c84fa94-04c1-424b-9868-57a2d4851a1d" relativeResultsDirectory="5600399a-7726-44dd-be8b-9ab7938e1176">
      <Output>
        <StdOut>The Temperature--&gt;96.9 is out of range</StdOut>
      </Output>
    </UnitTestResult>
    <UnitTestResult executionId="d381b70e-dcfc-44b5-934d-d6cb21ed4566" testId="2949735a-dc9c-13ff-9985-f61b5f7955c4" testName="TempBoundaryTCPlusOne" computerName="INGBTCPIC5NBZZ4" duration="00:00:00.0003640" startTime="2019-07-31T20:03:06.3658191+05:30" endTime="2019-07-31T20:03:06.3688161+05:30" testType="13cdc9d9-ddb5-4fa4-a97d-d965ccfc6d4b" outcome="Passed" testListId="8c84fa94-04c1-424b-9868-57a2d4851a1d" relativeResultsDirectory="d381b70e-dcfc-44b5-934d-d6cb21ed4566">
      <Output>
        <StdOut>The Temperature--&gt;99.1 is out of range</StdOut>
      </Output>
    </UnitTestResult>
    <UnitTestResult executionId="29710482-6d64-4c9d-ae55-6294d923d53e" testId="91183195-af9d-285d-a7ed-c63c10e7d4bc" testName="TempBoundaryTCZero" computerName="INGBTCPIC5NBZZ4" duration="00:00:00.0003154" startTime="2019-07-31T20:03:06.3718211+05:30" endTime="2019-07-31T20:03:06.3738135+05:30" testType="13cdc9d9-ddb5-4fa4-a97d-d965ccfc6d4b" outcome="Passed" testListId="8c84fa94-04c1-424b-9868-57a2d4851a1d" relativeResultsDirectory="29710482-6d64-4c9d-ae55-6294d923d53e">
    </UnitTestResult>
    <UnitTestResult executionId="a31c58f1-5a5f-4537-950b-337bd47a22a2" testId="a0735254-022d-738a-88b3-5a06da506750" testName="TempInvalidTC" computerName="INGBTCPIC5NBZZ4" duration="00:00:00.0002695" startTime="2019-07-31T20:03:06.3758172+05:30" endTime="2019-07-31T20:03:06.3778128+05:30" testType="13cdc9d9-ddb5-4fa4-a97d-d965ccfc6d4b" outcome="Passed" testListId="8c84fa94-04c1-424b-9868-57a2d4851a1d" relativeResultsDirectory="a31c58f1-5a5f-4537-950b-337bd47a22a2">
      <Output>
        <StdOut>The Temperature--&gt;90.3 is out of range</StdOut>
      </Output>
    </UnitTestResult>
    <UnitTestResult executionId="6e0d62a6-2a2c-40f8-9f70-466bce05c358" testId="15d2601d-391e-459a-ef95-61056092a6f9" testName="TempValidTC" computerName="INGBTCPIC5NBZZ4" duration="00:00:00.0002603" startTime="2019-07-31T20:03:06.3808221+05:30" endTime="2019-07-31T20:03:06.3858190+05:30" testType="13cdc9d9-ddb5-4fa4-a97d-d965ccfc6d4b" outcome="Passed" testListId="8c84fa94-04c1-424b-9868-57a2d4851a1d" relativeResultsDirectory="6e0d62a6-2a2c-40f8-9f70-466bce05c358">
    </UnitTestResult>
  </Results>
</TestRun>