<?xml version="1.0" encoding="UTF-8"?>
<TestRun id="4f60f98d-347c-42c4-9a29-665c712e84a8" name="320067581@INGBTCPIC5NBZZ4 2019-08-02 12:18:33" runUser="CODE1\320067581" xmlns="http://microsoft.com/schemas/VisualStudio/TeamTest/2010">
  <TestSettings name="Default Test Settings" id="a9959f34-21d9-4d66-9a74-d3ff4da7dd5b">
    <Execution>
      <TestTypeSpecific />
      <AgentRule name="Execution Agents">
      </AgentRule>
    </Execution>
    <Deployment runDeploymentRoot="320067581_INGBTCPIC5NBZZ4 2019-08-02 12_18_33" />
    <Properties />
  </TestSettings>
  <Times creation="2019-08-02T12:18:33.6834291+05:30" queuing="2019-08-02T12:18:34.1754805+05:30" start="2019-08-02T12:18:34.2464224+05:30" finish="2019-08-02T12:18:34.6184199+05:30" />
  <ResultSummary outcome="Completed">
    <Counters total="16" executed="16" passed="16" error="0" failed="0" timeout="0" aborted="0" inconclusive="0" passedButRunAborted="0" notRunnable="0" notExecuted="0" disconnected="0" warning="0" completed="0" inProgress="0" pending="0" />
  </ResultSummary>
  <TestDefinitions>
    <UnitTest name="TestPulseValid" storage="c:\users\320067581\patientmonitor\patientmonitor-master\patientmonitertest\bin\debug\patientmonitertest.dll" id="2c962e9b-76f1-7164-b430-b1658e4812e5">
      <Execution id="8f8dabe3-361e-4722-ae7d-b442d757af2e" />
      <TestMethod codeBase="C:/Users/320067581/PatientMonitor/PatientMonitor-master/PatientMoniterTest/bin/Debug/PatientMoniterTest.DLL" adapterTypeName="Microsoft.VisualStudio.TestTools.TestTypes.Unit.UnitTestAdapter, Microsoft.VisualStudio.QualityTools.Tips.UnitTest.Adapter, Version=12.0.0.0, Culture=neutral, PublicKeyToken=b03f5f7f11d50a3a" className="PatientMoniterTest.UnitTest1, PatientMoniterTest, Version=1.0.0.0, Culture=neutral, PublicKeyToken=null" name="TestPulseValid" />
    </UnitTest>
    <UnitTest name="TestSpo2Valid" storage="c:\users\320067581\patientmonitor\patientmonitor-master\patientmonitertest\bin\debug\patientmonitertest.dll" id="863804d6-848a-c3bc-1e6d-6e95f526f8a5">
      <Execution id="1dcc44c7-2ba0-4837-a21c-12cc1c45d076" />
      <TestMethod codeBase="C:/Users/320067581/PatientMonitor/PatientMonitor-master/PatientMoniterTest/bin/Debug/PatientMoniterTest.DLL" adapterTypeName="Microsoft.VisualStudio.TestTools.TestTypes.Unit.UnitTestAdapter, Microsoft.VisualStudio.QualityTools.Tips.UnitTest.Adapter, Version=12.0.0.0, Culture=neutral, PublicKeyToken=b03f5f7f11d50a3a" className="PatientMoniterTest.UnitTest1, PatientMoniterTest, Version=1.0.0.0, Culture=neutral, PublicKeyToken=null" name="TestSpo2Valid" />
    </UnitTest>
    <UnitTest name="TestTempBoundaryZero" storage="c:\users\320067581\patientmonitor\patientmonitor-master\patientmonitertest\bin\debug\patientmonitertest.dll" id="cd6cd233-ad01-65af-f5ad-a475e76877f6">
      <Execution id="c10ad8a6-49f6-44a5-9f24-55a828d9e3be" />
      <TestMethod codeBase="C:/Users/320067581/PatientMonitor/PatientMonitor-master/PatientMoniterTest/bin/Debug/PatientMoniterTest.DLL" adapterTypeName="Microsoft.VisualStudio.TestTools.TestTypes.Unit.UnitTestAdapter, Microsoft.VisualStudio.QualityTools.Tips.UnitTest.Adapter, Version=12.0.0.0, Culture=neutral, PublicKeyToken=b03f5f7f11d50a3a" className="PatientMoniterTest.UnitTest1, PatientMoniterTest, Version=1.0.0.0, Culture=neutral, PublicKeyToken=null" name="TestTempBoundaryZero" />
    </UnitTest>
    <UnitTest name="TestTempBoundaryMinus1" storage="c:\users\320067581\patientmonitor\patientmonitor-master\patientmonitertest\bin\debug\patientmonitertest.dll" id="9dcd935f-7349-6bbb-9de8-8d3833ae9fe1">
      <Execution id="47e60d0c-8e83-43cb-83ee-c8ca6475b3de" />
      <TestMethod codeBase="C:/Users/320067581/PatientMonitor/PatientMonitor-master/PatientMoniterTest/bin/Debug/PatientMoniterTest.DLL" adapterTypeName="Microsoft.VisualStudio.TestTools.TestTypes.Unit.UnitTestAdapter, Microsoft.VisualStudio.QualityTools.Tips.UnitTest.Adapter, Version=12.0.0.0, Culture=neutral, PublicKeyToken=b03f5f7f11d50a3a" className="PatientMoniterTest.UnitTest1, PatientMoniterTest, Version=1.0.0.0, Culture=neutral, PublicKeyToken=null" name="TestTempBoundaryMinus1" />
    </UnitTest>
    <UnitTest name="TestSpo2BoundaryPlus1" storage="c:\users\320067581\patientmonitor\patientmonitor-master\patientmonitertest\bin\debug\patientmonitertest.dll" id="6208f2e7-0714-47c5-55c1-c6e1cced7cca">
      <Execution id="f66a5981-1690-4054-9f8b-98057e2d29d1" />
      <TestMethod codeBase="C:/Users/320067581/PatientMonitor/PatientMonitor-master/PatientMoniterTest/bin/Debug/PatientMoniterTest.DLL" adapterTypeName="Microsoft.VisualStudio.TestTools.TestTypes.Unit.UnitTestAdapter, Microsoft.VisualStudio.QualityTools.Tips.UnitTest.Adapter, Version=12.0.0.0, Culture=neutral, PublicKeyToken=b03f5f7f11d50a3a" className="PatientMoniterTest.UnitTest1, PatientMoniterTest, Version=1.0.0.0, Culture=neutral, PublicKeyToken=null" name="TestSpo2BoundaryPlus1" />
    </UnitTest>
    <UnitTest name="TestPulseBoundaryMinus1" storage="c:\users\320067581\patientmonitor\patientmonitor-master\patientmonitertest\bin\debug\patientmonitertest.dll" id="a3de01fd-898c-6ef5-19df-fda7da7c5d5e">
      <Execution id="fde51245-739c-485d-baa7-eba2c362f5ab" />
      <TestMethod codeBase="C:/Users/320067581/PatientMonitor/PatientMonitor-master/PatientMoniterTest/bin/Debug/PatientMoniterTest.DLL" adapterTypeName="Microsoft.VisualStudio.TestTools.TestTypes.Unit.UnitTestAdapter, Microsoft.VisualStudio.QualityTools.Tips.UnitTest.Adapter, Version=12.0.0.0, Culture=neutral, PublicKeyToken=b03f5f7f11d50a3a" className="PatientMoniterTest.UnitTest1, PatientMoniterTest, Version=1.0.0.0, Culture=neutral, PublicKeyToken=null" name="TestPulseBoundaryMinus1" />
    </UnitTest>
    <UnitTest name="TestParameters" storage="c:\users\320067581\patientmonitor\patientmonitor-master\patientmonitertest\bin\debug\patientmonitertest.dll" id="fe8fb1fd-e8b7-42b4-e3ba-a4d743006a45">
      <Execution id="2fc7897a-6ad1-4d58-be01-630444979d09" />
      <TestMethod codeBase="C:/Users/320067581/PatientMonitor/PatientMonitor-master/PatientMoniterTest/bin/Debug/PatientMoniterTest.DLL" adapterTypeName="Microsoft.VisualStudio.TestTools.TestTypes.Unit.UnitTestAdapter, Microsoft.VisualStudio.QualityTools.Tips.UnitTest.Adapter, Version=12.0.0.0, Culture=neutral, PublicKeyToken=b03f5f7f11d50a3a" className="PatientMoniterTest.UnitTest1, PatientMoniterTest, Version=1.0.0.0, Culture=neutral, PublicKeyToken=null" name="TestParameters" />
    </UnitTest>
    <UnitTest name="TestPulseBoundaryZero" storage="c:\users\320067581\patientmonitor\patientmonitor-master\patientmonitertest\bin\debug\patientmonitertest.dll" id="a7ad3733-274e-6e22-39de-27a342be96f1">
      <Execution id="ad4cbc8c-86d6-491b-9091-a58a498c5b1c" />
      <TestMethod codeBase="C:/Users/320067581/PatientMonitor/PatientMonitor-master/PatientMoniterTest/bin/Debug/PatientMoniterTest.DLL" adapterTypeName="Microsoft.VisualStudio.TestTools.TestTypes.Unit.UnitTestAdapter, Microsoft.VisualStudio.QualityTools.Tips.UnitTest.Adapter, Version=12.0.0.0, Culture=neutral, PublicKeyToken=b03f5f7f11d50a3a" className="PatientMoniterTest.UnitTest1, PatientMoniterTest, Version=1.0.0.0, Culture=neutral, PublicKeyToken=null" name="TestPulseBoundaryZero" />
    </UnitTest>
    <UnitTest name="TestSpo2Invalid" storage="c:\users\320067581\patientmonitor\patientmonitor-master\patientmonitertest\bin\debug\patientmonitertest.dll" id="f11216c1-f6d2-2b38-344f-0aaf7d599578">
      <Execution id="b7a76812-2e17-4608-93dc-f2f09adafbe4" />
      <TestMethod codeBase="C:/Users/320067581/PatientMonitor/PatientMonitor-master/PatientMoniterTest/bin/Debug/PatientMoniterTest.DLL" adapterTypeName="Microsoft.VisualStudio.TestTools.TestTypes.Unit.UnitTestAdapter, Microsoft.VisualStudio.QualityTools.Tips.UnitTest.Adapter, Version=12.0.0.0, Culture=neutral, PublicKeyToken=b03f5f7f11d50a3a" className="PatientMoniterTest.UnitTest1, PatientMoniterTest, Version=1.0.0.0, Culture=neutral, PublicKeyToken=null" name="TestSpo2Invalid" />
    </UnitTest>
    <UnitTest name="TestTempValid" storage="c:\users\320067581\patientmonitor\patientmonitor-master\patientmonitertest\bin\debug\patientmonitertest.dll" id="243659e1-a994-f57b-1b27-a57cb21ffdc9">
      <Execution id="e8d8de47-1a03-4803-92ee-24f42a0d5a50" />
      <TestMethod codeBase="C:/Users/320067581/PatientMonitor/PatientMonitor-master/PatientMoniterTest/bin/Debug/PatientMoniterTest.DLL" adapterTypeName="Microsoft.VisualStudio.TestTools.TestTypes.Unit.UnitTestAdapter, Microsoft.VisualStudio.QualityTools.Tips.UnitTest.Adapter, Version=12.0.0.0, Culture=neutral, PublicKeyToken=b03f5f7f11d50a3a" className="PatientMoniterTest.UnitTest1, PatientMoniterTest, Version=1.0.0.0, Culture=neutral, PublicKeyToken=null" name="TestTempValid" />
    </UnitTest>
    <UnitTest name="TestSpo2BoundaryMinus1" storage="c:\users\320067581\patientmonitor\patientmonitor-master\patientmonitertest\bin\debug\patientmonitertest.dll" id="b149617e-1949-d2d2-d3a7-513026d30454">
      <Execution id="4dc8620b-78e4-4dfa-90be-dca59f6df623" />
      <TestMethod codeBase="C:/Users/320067581/PatientMonitor/PatientMonitor-master/PatientMoniterTest/bin/Debug/PatientMoniterTest.DLL" adapterTypeName="Microsoft.VisualStudio.TestTools.TestTypes.Unit.UnitTestAdapter, Microsoft.VisualStudio.QualityTools.Tips.UnitTest.Adapter, Version=12.0.0.0, Culture=neutral, PublicKeyToken=b03f5f7f11d50a3a" className="PatientMoniterTest.UnitTest1, PatientMoniterTest, Version=1.0.0.0, Culture=neutral, PublicKeyToken=null" name="TestSpo2BoundaryMinus1" />
    </UnitTest>
    <UnitTest name="TestTempBoundaryPlus1" storage="c:\users\320067581\patientmonitor\patientmonitor-master\patientmonitertest\bin\debug\patientmonitertest.dll" id="ddb96599-2344-1c94-7b25-024559ad73b3">
      <Execution id="eb315225-d41b-4a61-a863-9a6fccd28857" />
      <TestMethod codeBase="C:/Users/320067581/PatientMonitor/PatientMonitor-master/PatientMoniterTest/bin/Debug/PatientMoniterTest.DLL" adapterTypeName="Microsoft.VisualStudio.TestTools.TestTypes.Unit.UnitTestAdapter, Microsoft.VisualStudio.QualityTools.Tips.UnitTest.Adapter, Version=12.0.0.0, Culture=neutral, PublicKeyToken=b03f5f7f11d50a3a" className="PatientMoniterTest.UnitTest1, PatientMoniterTest, Version=1.0.0.0, Culture=neutral, PublicKeyToken=null" name="TestTempBoundaryPlus1" />
    </UnitTest>
    <UnitTest name="TestTempInvalid" storage="c:\users\320067581\patientmonitor\patientmonitor-master\patientmonitertest\bin\debug\patientmonitertest.dll" id="f67c9753-00ab-3f6b-09e9-82550a44cc31">
      <Execution id="eb339b96-4563-4fc9-946c-061badfe1027" />
      <TestMethod codeBase="C:/Users/320067581/PatientMonitor/PatientMonitor-master/PatientMoniterTest/bin/Debug/PatientMoniterTest.DLL" adapterTypeName="Microsoft.VisualStudio.TestTools.TestTypes.Unit.UnitTestAdapter, Microsoft.VisualStudio.QualityTools.Tips.UnitTest.Adapter, Version=12.0.0.0, Culture=neutral, PublicKeyToken=b03f5f7f11d50a3a" className="PatientMoniterTest.UnitTest1, PatientMoniterTest, Version=1.0.0.0, Culture=neutral, PublicKeyToken=null" name="TestTempInvalid" />
    </UnitTest>
    <UnitTest name="TestPulseInvalid" storage="c:\users\320067581\patientmonitor\patientmonitor-master\patientmonitertest\bin\debug\patientmonitertest.dll" id="9e00be19-a6e0-0e25-22db-3f57d8cdbb52">
      <Execution id="5af464f9-bbfe-47fe-accc-9f3f54f8d97c" />
      <TestMethod codeBase="C:/Users/320067581/PatientMonitor/PatientMonitor-master/PatientMoniterTest/bin/Debug/PatientMoniterTest.DLL" adapterTypeName="Microsoft.VisualStudio.TestTools.TestTypes.Unit.UnitTestAdapter, Microsoft.VisualStudio.QualityTools.Tips.UnitTest.Adapter, Version=12.0.0.0, Culture=neutral, PublicKeyToken=b03f5f7f11d50a3a" className="PatientMoniterTest.UnitTest1, PatientMoniterTest, Version=1.0.0.0, Culture=neutral, PublicKeyToken=null" name="TestPulseInvalid" />
    </UnitTest>
    <UnitTest name="TestSpo2Boundaryzero" storage="c:\users\320067581\patientmonitor\patientmonitor-master\patientmonitertest\bin\debug\patientmonitertest.dll" id="4c98a5a0-9b82-2483-26bc-2d4b9b928055">
      <Execution id="4a69c6f8-f795-41f9-814f-8aa4296231fd" />
      <TestMethod codeBase="C:/Users/320067581/PatientMonitor/PatientMonitor-master/PatientMoniterTest/bin/Debug/PatientMoniterTest.DLL" adapterTypeName="Microsoft.VisualStudio.TestTools.TestTypes.Unit.UnitTestAdapter, Microsoft.VisualStudio.QualityTools.Tips.UnitTest.Adapter, Version=12.0.0.0, Culture=neutral, PublicKeyToken=b03f5f7f11d50a3a" className="PatientMoniterTest.UnitTest1, PatientMoniterTest, Version=1.0.0.0, Culture=neutral, PublicKeyToken=null" name="TestSpo2Boundaryzero" />
    </UnitTest>
    <UnitTest name="TestPulseBoundaryPlus1" storage="c:\users\320067581\patientmonitor\patientmonitor-master\patientmonitertest\bin\debug\patientmonitertest.dll" id="c9c88640-010c-0138-ad8b-90168ca225de">
      <Execution id="5a2c20a8-150a-4e2c-844a-2f0a6e3e2a30" />
      <TestMethod codeBase="C:/Users/320067581/PatientMonitor/PatientMonitor-master/PatientMoniterTest/bin/Debug/PatientMoniterTest.DLL" adapterTypeName="Microsoft.VisualStudio.TestTools.TestTypes.Unit.UnitTestAdapter, Microsoft.VisualStudio.QualityTools.Tips.UnitTest.Adapter, Version=12.0.0.0, Culture=neutral, PublicKeyToken=b03f5f7f11d50a3a" className="PatientMoniterTest.UnitTest1, PatientMoniterTest, Version=1.0.0.0, Culture=neutral, PublicKeyToken=null" name="TestPulseBoundaryPlus1" />
    </UnitTest>
  </TestDefinitions>
  <TestLists>
    <TestList name="Results Not in a List" id="8c84fa94-04c1-424b-9868-57a2d4851a1d" />
    <TestList name="All Loaded Results" id="19431567-8539-422a-85d7-44ee4e166bda" />
  </TestLists>
  <TestEntries>
    <TestEntry testId="fe8fb1fd-e8b7-42b4-e3ba-a4d743006a45" executionId="2fc7897a-6ad1-4d58-be01-630444979d09" testListId="8c84fa94-04c1-424b-9868-57a2d4851a1d" />
    <TestEntry testId="a3de01fd-898c-6ef5-19df-fda7da7c5d5e" executionId="fde51245-739c-485d-baa7-eba2c362f5ab" testListId="8c84fa94-04c1-424b-9868-57a2d4851a1d" />
    <TestEntry testId="c9c88640-010c-0138-ad8b-90168ca225de" executionId="5a2c20a8-150a-4e2c-844a-2f0a6e3e2a30" testListId="8c84fa94-04c1-424b-9868-57a2d4851a1d" />
    <TestEntry testId="a7ad3733-274e-6e22-39de-27a342be96f1" executionId="ad4cbc8c-86d6-491b-9091-a58a498c5b1c" testListId="8c84fa94-04c1-424b-9868-57a2d4851a1d" />
    <TestEntry testId="9e00be19-a6e0-0e25-22db-3f57d8cdbb52" executionId="5af464f9-bbfe-47fe-accc-9f3f54f8d97c" testListId="8c84fa94-04c1-424b-9868-57a2d4851a1d" />
    <TestEntry testId="2c962e9b-76f1-7164-b430-b1658e4812e5" executionId="8f8dabe3-361e-4722-ae7d-b442d757af2e" testListId="8c84fa94-04c1-424b-9868-57a2d4851a1d" />
    <TestEntry testId="b149617e-1949-d2d2-d3a7-513026d30454" executionId="4dc8620b-78e4-4dfa-90be-dca59f6df623" testListId="8c84fa94-04c1-424b-9868-57a2d4851a1d" />
    <TestEntry testId="6208f2e7-0714-47c5-55c1-c6e1cced7cca" executionId="f66a5981-1690-4054-9f8b-98057e2d29d1" testListId="8c84fa94-04c1-424b-9868-57a2d4851a1d" />
    <TestEntry testId="4c98a5a0-9b82-2483-26bc-2d4b9b928055" executionId="4a69c6f8-f795-41f9-814f-8aa4296231fd" testListId="8c84fa94-04c1-424b-9868-57a2d4851a1d" />
    <TestEntry testId="f11216c1-f6d2-2b38-344f-0aaf7d599578" executionId="b7a76812-2e17-4608-93dc-f2f09adafbe4" testListId="8c84fa94-04c1-424b-9868-57a2d4851a1d" />
    <TestEntry testId="863804d6-848a-c3bc-1e6d-6e95f526f8a5" executionId="1dcc44c7-2ba0-4837-a21c-12cc1c45d076" testListId="8c84fa94-04c1-424b-9868-57a2d4851a1d" />
    <TestEntry testId="9dcd935f-7349-6bbb-9de8-8d3833ae9fe1" executionId="47e60d0c-8e83-43cb-83ee-c8ca6475b3de" testListId="8c84fa94-04c1-424b-9868-57a2d4851a1d" />
    <TestEntry testId="ddb96599-2344-1c94-7b25-024559ad73b3" executionId="eb315225-d41b-4a61-a863-9a6fccd28857" testListId="8c84fa94-04c1-424b-9868-57a2d4851a1d" />
    <TestEntry testId="cd6cd233-ad01-65af-f5ad-a475e76877f6" executionId="c10ad8a6-49f6-44a5-9f24-55a828d9e3be" testListId="8c84fa94-04c1-424b-9868-57a2d4851a1d" />
    <TestEntry testId="f67c9753-00ab-3f6b-09e9-82550a44cc31" executionId="eb339b96-4563-4fc9-946c-061badfe1027" testListId="8c84fa94-04c1-424b-9868-57a2d4851a1d" />
    <TestEntry testId="243659e1-a994-f57b-1b27-a57cb21ffdc9" executionId="e8d8de47-1a03-4803-92ee-24f42a0d5a50" testListId="8c84fa94-04c1-424b-9868-57a2d4851a1d" />
  </TestEntries>
  <Results>
    <UnitTestResult executionId="2fc7897a-6ad1-4d58-be01-630444979d09" testId="fe8fb1fd-e8b7-42b4-e3ba-a4d743006a45" testName="TestParameters" computerName="INGBTCPIC5NBZZ4" duration="00:00:00.0173253" startTime="2019-08-02T12:18:34.2784701+05:30" endTime="2019-08-02T12:18:34.5184175+05:30" testType="13cdc9d9-ddb5-4fa4-a97d-d965ccfc6d4b" outcome="Passed" testListId="8c84fa94-04c1-424b-9868-57a2d4851a1d" relativeResultsDirectory="2fc7897a-6ad1-4d58-be01-630444979d09">
    </UnitTestResult>
    <UnitTestResult executionId="fde51245-739c-485d-baa7-eba2c362f5ab" testId="a3de01fd-898c-6ef5-19df-fda7da7c5d5e" testName="TestPulseBoundaryMinus1" computerName="INGBTCPIC5NBZZ4" duration="00:00:00.0008614" startTime="2019-08-02T12:18:34.5204222+05:30" endTime="2019-08-02T12:18:34.5234207+05:30" testType="13cdc9d9-ddb5-4fa4-a97d-d965ccfc6d4b" outcome="Passed" testListId="8c84fa94-04c1-424b-9868-57a2d4851a1d" relativeResultsDirectory="fde51245-739c-485d-baa7-eba2c362f5ab">
    </UnitTestResult>
    <UnitTestResult executionId="5a2c20a8-150a-4e2c-844a-2f0a6e3e2a30" testId="c9c88640-010c-0138-ad8b-90168ca225de" testName="TestPulseBoundaryPlus1" computerName="INGBTCPIC5NBZZ4" duration="00:00:00.0002046" startTime="2019-08-02T12:18:34.5244210+05:30" endTime="2019-08-02T12:18:34.5264182+05:30" testType="13cdc9d9-ddb5-4fa4-a97d-d965ccfc6d4b" outcome="Passed" testListId="8c84fa94-04c1-424b-9868-57a2d4851a1d" relativeResultsDirectory="5a2c20a8-150a-4e2c-844a-2f0a6e3e2a30">
    </UnitTestResult>
    <UnitTestResult executionId="ad4cbc8c-86d6-491b-9091-a58a498c5b1c" testId="a7ad3733-274e-6e22-39de-27a342be96f1" testName="TestPulseBoundaryZero" computerName="INGBTCPIC5NBZZ4" duration="00:00:00.0001252" startTime="2019-08-02T12:18:34.5284186+05:30" endTime="2019-08-02T12:18:34.5304180+05:30" testType="13cdc9d9-ddb5-4fa4-a97d-d965ccfc6d4b" outcome="Passed" testListId="8c84fa94-04c1-424b-9868-57a2d4851a1d" relativeResultsDirectory="ad4cbc8c-86d6-491b-9091-a58a498c5b1c">
    </UnitTestResult>
    <UnitTestResult executionId="5af464f9-bbfe-47fe-accc-9f3f54f8d97c" testId="9e00be19-a6e0-0e25-22db-3f57d8cdbb52" testName="TestPulseInvalid" computerName="INGBTCPIC5NBZZ4" duration="00:00:00.0001090" startTime="2019-08-02T12:18:34.5324179+05:30" endTime="2019-08-02T12:18:34.5334181+05:30" testType="13cdc9d9-ddb5-4fa4-a97d-d965ccfc6d4b" outcome="Passed" testListId="8c84fa94-04c1-424b-9868-57a2d4851a1d" relativeResultsDirectory="5af464f9-bbfe-47fe-accc-9f3f54f8d97c">
    </UnitTestResult>
    <UnitTestResult executionId="8f8dabe3-361e-4722-ae7d-b442d757af2e" testId="2c962e9b-76f1-7164-b430-b1658e4812e5" testName="TestPulseValid" computerName="INGBTCPIC5NBZZ4" duration="00:00:00.0001182" startTime="2019-08-02T12:18:34.5354197+05:30" endTime="2019-08-02T12:18:34.5374622+05:30" testType="13cdc9d9-ddb5-4fa4-a97d-d965ccfc6d4b" outcome="Passed" testListId="8c84fa94-04c1-424b-9868-57a2d4851a1d" relativeResultsDirectory="8f8dabe3-361e-4722-ae7d-b442d757af2e">
    </UnitTestResult>
    <UnitTestResult executionId="4dc8620b-78e4-4dfa-90be-dca59f6df623" testId="b149617e-1949-d2d2-d3a7-513026d30454" testName="TestSpo2BoundaryMinus1" computerName="INGBTCPIC5NBZZ4" duration="00:00:00.0002252" startTime="2019-08-02T12:18:34.5394195+05:30" endTime="2019-08-02T12:18:34.5414615+05:30" testType="13cdc9d9-ddb5-4fa4-a97d-d965ccfc6d4b" outcome="Passed" testListId="8c84fa94-04c1-424b-9868-57a2d4851a1d" relativeResultsDirectory="4dc8620b-78e4-4dfa-90be-dca59f6df623">
    </UnitTestResult>
    <UnitTestResult executionId="f66a5981-1690-4054-9f8b-98057e2d29d1" testId="6208f2e7-0714-47c5-55c1-c6e1cced7cca" testName="TestSpo2BoundaryPlus1" computerName="INGBTCPIC5NBZZ4" duration="00:00:00.0001825" startTime="2019-08-02T12:18:34.5424207+05:30" endTime="2019-08-02T12:18:34.5444600+05:30" testType="13cdc9d9-ddb5-4fa4-a97d-d965ccfc6d4b" outcome="Passed" testListId="8c84fa94-04c1-424b-9868-57a2d4851a1d" relativeResultsDirectory="f66a5981-1690-4054-9f8b-98057e2d29d1">
    </UnitTestResult>
    <UnitTestResult executionId="4a69c6f8-f795-41f9-814f-8aa4296231fd" testId="4c98a5a0-9b82-2483-26bc-2d4b9b928055" testName="TestSpo2Boundaryzero" computerName="INGBTCPIC5NBZZ4" duration="00:00:00.0002160" startTime="2019-08-02T12:18:34.5464367+05:30" endTime="2019-08-02T12:18:34.5484177+05:30" testType="13cdc9d9-ddb5-4fa4-a97d-d965ccfc6d4b" outcome="Passed" testListId="8c84fa94-04c1-424b-9868-57a2d4851a1d" relativeResultsDirectory="4a69c6f8-f795-41f9-814f-8aa4296231fd">
    </UnitTestResult>
    <UnitTestResult executionId="b7a76812-2e17-4608-93dc-f2f09adafbe4" testId="f11216c1-f6d2-2b38-344f-0aaf7d599578" testName="TestSpo2Invalid" computerName="INGBTCPIC5NBZZ4" duration="00:00:00.0001652" startTime="2019-08-02T12:18:34.5504241+05:30" endTime="2019-08-02T12:18:34.5524618+05:30" testType="13cdc9d9-ddb5-4fa4-a97d-d965ccfc6d4b" outcome="Passed" testListId="8c84fa94-04c1-424b-9868-57a2d4851a1d" relativeResultsDirectory="b7a76812-2e17-4608-93dc-f2f09adafbe4">
    </UnitTestResult>
    <UnitTestResult executionId="1dcc44c7-2ba0-4837-a21c-12cc1c45d076" testId="863804d6-848a-c3bc-1e6d-6e95f526f8a5" testName="TestSpo2Valid" computerName="INGBTCPIC5NBZZ4" duration="00:00:00.0001598" startTime="2019-08-02T12:18:34.5534183+05:30" endTime="2019-08-02T12:18:34.5554609+05:30" testType="13cdc9d9-ddb5-4fa4-a97d-d965ccfc6d4b" outcome="Passed" testListId="8c84fa94-04c1-424b-9868-57a2d4851a1d" relativeResultsDirectory="1dcc44c7-2ba0-4837-a21c-12cc1c45d076">
    </UnitTestResult>
    <UnitTestResult executionId="47e60d0c-8e83-43cb-83ee-c8ca6475b3de" testId="9dcd935f-7349-6bbb-9de8-8d3833ae9fe1" testName="TestTempBoundaryMinus1" computerName="INGBTCPIC5NBZZ4" duration="00:00:00.0002970" startTime="2019-08-02T12:18:34.5574197+05:30" endTime="2019-08-02T12:18:34.5594591+05:30" testType="13cdc9d9-ddb5-4fa4-a97d-d965ccfc6d4b" outcome="Passed" testListId="8c84fa94-04c1-424b-9868-57a2d4851a1d" relativeResultsDirectory="47e60d0c-8e83-43cb-83ee-c8ca6475b3de">
    </UnitTestResult>
    <UnitTestResult executionId="eb315225-d41b-4a61-a863-9a6fccd28857" testId="ddb96599-2344-1c94-7b25-024559ad73b3" testName="TestTempBoundaryPlus1" computerName="INGBTCPIC5NBZZ4" duration="00:00:00.0001787" startTime="2019-08-02T12:18:34.5614179+05:30" endTime="2019-08-02T12:18:34.5634621+05:30" testType="13cdc9d9-ddb5-4fa4-a97d-d965ccfc6d4b" outcome="Passed" testListId="8c84fa94-04c1-424b-9868-57a2d4851a1d" relativeResultsDirectory="eb315225-d41b-4a61-a863-9a6fccd28857">
    </UnitTestResult>
    <UnitTestResult executionId="c10ad8a6-49f6-44a5-9f24-55a828d9e3be" testId="cd6cd233-ad01-65af-f5ad-a475e76877f6" testName="TestTempBoundaryZero" computerName="INGBTCPIC5NBZZ4" duration="00:00:00.0003683" startTime="2019-08-02T12:18:34.5644202+05:30" endTime="2019-08-02T12:18:34.5674230+05:30" testType="13cdc9d9-ddb5-4fa4-a97d-d965ccfc6d4b" outcome="Passed" testListId="8c84fa94-04c1-424b-9868-57a2d4851a1d" relativeResultsDirectory="c10ad8a6-49f6-44a5-9f24-55a828d9e3be">
    </UnitTestResult>
    <UnitTestResult executionId="eb339b96-4563-4fc9-946c-061badfe1027" testId="f67c9753-00ab-3f6b-09e9-82550a44cc31" testName="TestTempInvalid" computerName="INGBTCPIC5NBZZ4" duration="00:00:00.0001690" startTime="2019-08-02T12:18:34.5694224+05:30" endTime="2019-08-02T12:18:34.5714191+05:30" testType="13cdc9d9-ddb5-4fa4-a97d-d965ccfc6d4b" outcome="Passed" testListId="8c84fa94-04c1-424b-9868-57a2d4851a1d" relativeResultsDirectory="eb339b96-4563-4fc9-946c-061badfe1027">
    </UnitTestResult>
    <UnitTestResult executionId="e8d8de47-1a03-4803-92ee-24f42a0d5a50" testId="243659e1-a994-f57b-1b27-a57cb21ffdc9" testName="TestTempValid" computerName="INGBTCPIC5NBZZ4" duration="00:00:00.0002257" startTime="2019-08-02T12:18:34.5724344+05:30" endTime="2019-08-02T12:18:34.5754173+05:30" testType="13cdc9d9-ddb5-4fa4-a97d-d965ccfc6d4b" outcome="Passed" testListId="8c84fa94-04c1-424b-9868-57a2d4851a1d" relativeResultsDirectory="e8d8de47-1a03-4803-92ee-24f42a0d5a50">
    </UnitTestResult>
  </Results>
</TestRun>